<?xml version="1.0" encoding="UTF-8"?>
<coverage generated="1767750175178" clover="3.2.0">
  <project timestamp="1767750175178" name="All files">
    <metrics statements="832" coveredstatements="710" conditionals="508" coveredconditionals="354" methods="293" coveredmethods="250" elements="1633" coveredelements="1314" complexity="0" loc="832" ncloc="832" packages="19" files="52" classes="52"/>
    <package name="app">
      <metrics statements="6" coveredstatements="6" conditionals="4" coveredconditionals="4" methods="1" coveredmethods="1"/>
      <file name="index.tsx" path="/Users/kaya/Coding/spidrid/src/app/index.tsx">
        <metrics statements="6" coveredstatements="6" conditionals="4" coveredconditionals="4" methods="1" coveredmethods="1"/>
        <line num="5" count="3" type="stmt"/>
        <line num="7" count="3" type="cond" truecount="2" falsecount="0"/>
        <line num="8" count="1" type="stmt"/>
        <line num="11" count="2" type="cond" truecount="2" falsecount="0"/>
        <line num="12" count="1" type="stmt"/>
        <line num="15" count="1" type="stmt"/>
      </file>
    </package>
    <package name="app.(tabs)">
      <metrics statements="119" coveredstatements="74" conditionals="95" coveredconditionals="42" methods="41" coveredmethods="22"/>
      <file name="learn.tsx" path="/Users/kaya/Coding/spidrid/src/app/(tabs)/learn.tsx">
        <metrics statements="15" coveredstatements="14" conditionals="4" coveredconditionals="3" methods="5" coveredmethods="4"/>
        <line num="11" count="11" type="stmt"/>
        <line num="12" count="11" type="stmt"/>
        <line num="13" count="11" type="stmt"/>
        <line num="15" count="11" type="stmt"/>
        <line num="16" count="11" type="stmt"/>
        <line num="19" count="11" type="stmt"/>
        <line num="20" count="11" type="cond" truecount="1" falsecount="1"/>
        <line num="21" count="0" type="stmt"/>
        <line num="24" count="11" type="stmt"/>
        <line num="46" count="1" type="stmt"/>
        <line num="58" count="165" type="stmt"/>
        <line num="59" count="165" type="stmt"/>
        <line num="63" count="165" type="stmt"/>
        <line num="67" count="1" type="stmt"/>
        <line num="97" count="1" type="stmt"/>
      </file>
      <file name="profile.tsx" path="/Users/kaya/Coding/spidrid/src/app/(tabs)/profile.tsx">
        <metrics statements="42" coveredstatements="31" conditionals="33" coveredconditionals="18" methods="20" coveredmethods="10"/>
        <line num="22" count="15" type="stmt"/>
        <line num="23" count="15" type="stmt"/>
        <line num="24" count="15" type="stmt"/>
        <line num="25" count="15" type="stmt"/>
        <line num="26" count="15" type="stmt"/>
        <line num="27" count="15" type="stmt"/>
        <line num="28" count="15" type="stmt"/>
        <line num="30" count="225" type="stmt"/>
        <line num="32" count="15" type="stmt"/>
        <line num="33" count="15" type="stmt"/>
        <line num="34" count="15" type="stmt"/>
        <line num="36" count="15" type="stmt"/>
        <line num="37" count="30" type="stmt"/>
        <line num="38" count="15" type="stmt"/>
        <line num="39" count="15" type="stmt"/>
        <line num="42" count="15" type="stmt"/>
        <line num="44" count="15" type="stmt"/>
        <line num="47" count="15" type="stmt"/>
        <line num="48" count="45" type="stmt"/>
        <line num="49" count="30" type="cond" truecount="1" falsecount="1"/>
        <line num="50" count="30" type="stmt"/>
        <line num="53" count="15" type="cond" truecount="1" falsecount="1"/>
        <line num="55" count="15" type="stmt"/>
        <line num="59" count="0" type="stmt"/>
        <line num="65" count="0" type="stmt"/>
        <line num="122" count="0" type="stmt"/>
        <line num="133" count="0" type="stmt"/>
        <line num="140" count="0" type="stmt"/>
        <line num="141" count="0" type="stmt"/>
        <line num="162" count="0" type="stmt"/>
        <line num="170" count="15" type="stmt"/>
        <line num="199" count="30" type="stmt"/>
        <line num="200" count="30" type="stmt"/>
        <line num="202" count="30" type="cond" truecount="2" falsecount="0"/>
        <line num="203" count="15" type="stmt"/>
        <line num="208" count="0" type="stmt"/>
        <line num="212" count="15" type="stmt"/>
        <line num="241" count="0" type="stmt"/>
        <line num="248" count="0" type="stmt"/>
        <line num="259" count="60" type="stmt"/>
        <line num="266" count="0" type="stmt"/>
        <line num="302" count="1" type="stmt"/>
      </file>
      <file name="read.tsx" path="/Users/kaya/Coding/spidrid/src/app/(tabs)/read.tsx">
        <metrics statements="62" coveredstatements="29" conditionals="58" coveredconditionals="21" methods="16" coveredmethods="8"/>
        <line num="23" count="19" type="stmt"/>
        <line num="24" count="19" type="stmt"/>
        <line num="25" count="19" type="stmt"/>
        <line num="27" count="19" type="stmt"/>
        <line num="28" count="19" type="stmt"/>
        <line num="29" count="19" type="stmt"/>
        <line num="30" count="19" type="stmt"/>
        <line num="31" count="19" type="stmt"/>
        <line num="32" count="19" type="stmt"/>
        <line num="34" count="19" type="stmt"/>
        <line num="35" count="2" type="stmt"/>
        <line num="36" count="2" type="cond" truecount="1" falsecount="1"/>
        <line num="39" count="2" type="cond" truecount="3" falsecount="1"/>
        <line num="40" count="2" type="cond" truecount="2" falsecount="0"/>
        <line num="41" count="1" type="stmt"/>
        <line num="42" count="1" type="stmt"/>
        <line num="46" count="1" type="stmt"/>
        <line num="49" count="19" type="stmt"/>
        <line num="50" count="0" type="cond" truecount="0" falsecount="2"/>
        <line num="53" count="0" type="cond" truecount="0" falsecount="4"/>
        <line num="54" count="0" type="stmt"/>
        <line num="55" count="0" type="stmt"/>
        <line num="58" count="0" type="stmt"/>
        <line num="59" count="0" type="stmt"/>
        <line num="60" count="0" type="stmt"/>
        <line num="62" count="0" type="cond" truecount="0" falsecount="4"/>
        <line num="63" count="0" type="stmt"/>
        <line num="64" count="0" type="cond" truecount="0" falsecount="2"/>
        <line num="65" count="0" type="stmt"/>
        <line num="66" count="0" type="stmt"/>
        <line num="67" count="0" type="stmt"/>
        <line num="69" count="0" type="cond" truecount="0" falsecount="2"/>
        <line num="73" count="19" type="stmt"/>
        <line num="74" count="0" type="cond" truecount="0" falsecount="2"/>
        <line num="77" count="0" type="cond" truecount="0" falsecount="4"/>
        <line num="78" count="0" type="stmt"/>
        <line num="79" count="0" type="stmt"/>
        <line num="82" count="0" type="cond" truecount="0" falsecount="2"/>
        <line num="84" count="0" type="cond" truecount="0" falsecount="4"/>
        <line num="85" count="0" type="stmt"/>
        <line num="86" count="0" type="cond" truecount="0" falsecount="2"/>
        <line num="87" count="0" type="stmt"/>
        <line num="88" count="0" type="stmt"/>
        <line num="89" count="0" type="stmt"/>
        <line num="90" count="0" type="stmt"/>
        <line num="92" count="0" type="cond" truecount="0" falsecount="2"/>
        <line num="96" count="19" type="stmt"/>
        <line num="97" count="0" type="stmt"/>
        <line num="102" count="0" type="stmt"/>
        <line num="107" count="19" type="stmt"/>
        <line num="108" count="19" type="stmt"/>
        <line num="109" count="19" type="stmt"/>
        <line num="112" count="19" type="stmt"/>
        <line num="116" count="0" type="stmt"/>
        <line num="125" count="0" type="stmt"/>
        <line num="133" count="0" type="stmt"/>
        <line num="218" count="3" type="stmt"/>
        <line num="229" count="3" type="stmt"/>
        <line num="247" count="19" type="stmt"/>
        <line num="250" count="2" type="stmt"/>
        <line num="251" count="0" type="stmt"/>
        <line num="301" count="1" type="stmt"/>
      </file>
    </package>
    <package name="app.article">
      <metrics statements="77" coveredstatements="30" conditionals="48" coveredconditionals="14" methods="20" coveredmethods="5"/>
      <file name="[id].tsx" path="/Users/kaya/Coding/spidrid/src/app/article/[id].tsx">
        <metrics statements="77" coveredstatements="30" conditionals="48" coveredconditionals="14" methods="20" coveredmethods="5"/>
        <line num="33" count="0" type="stmt"/>
        <line num="36" count="0" type="cond" truecount="0" falsecount="2"/>
        <line num="37" count="0" type="stmt"/>
        <line num="40" count="0" type="stmt"/>
        <line num="44" count="8" type="stmt"/>
        <line num="45" count="8" type="stmt"/>
        <line num="46" count="8" type="stmt"/>
        <line num="47" count="8" type="stmt"/>
        <line num="48" count="8" type="stmt"/>
        <line num="50" count="8" type="stmt"/>
        <line num="51" count="8" type="cond" truecount="2" falsecount="0"/>
        <line num="53" count="8" type="stmt"/>
        <line num="54" count="8" type="stmt"/>
        <line num="55" count="8" type="stmt"/>
        <line num="56" count="8" type="stmt"/>
        <line num="57" count="8" type="stmt"/>
        <line num="58" count="8" type="stmt"/>
        <line num="59" count="8" type="stmt"/>
        <line num="61" count="8" type="stmt"/>
        <line num="62" count="7" type="cond" truecount="2" falsecount="0"/>
        <line num="66" count="8" type="stmt"/>
        <line num="69" count="8" type="stmt"/>
        <line num="70" count="0" type="stmt"/>
        <line num="71" count="0" type="stmt"/>
        <line num="75" count="8" type="stmt"/>
        <line num="76" count="7" type="cond" truecount="2" falsecount="4"/>
        <line num="78" count="0" type="stmt"/>
        <line num="79" count="0" type="stmt"/>
        <line num="83" count="8" type="cond" truecount="4" falsecount="0"/>
        <line num="84" count="1" type="stmt"/>
        <line num="91" count="7" type="stmt"/>
        <line num="93" count="7" type="stmt"/>
        <line num="94" count="0" type="cond" truecount="0" falsecount="2"/>
        <line num="95" count="0" type="stmt"/>
        <line num="97" count="0" type="stmt"/>
        <line num="98" count="0" type="stmt"/>
        <line num="99" count="0" type="cond" truecount="0" falsecount="2"/>
        <line num="100" count="0" type="stmt"/>
        <line num="104" count="0" type="stmt"/>
        <line num="105" count="0" type="cond" truecount="0" falsecount="2"/>
        <line num="106" count="0" type="stmt"/>
        <line num="107" count="0" type="stmt"/>
        <line num="110" count="0" type="cond" truecount="0" falsecount="2"/>
        <line num="111" count="0" type="stmt"/>
        <line num="112" count="0" type="stmt"/>
        <line num="115" count="0" type="stmt"/>
        <line num="116" count="0" type="stmt"/>
        <line num="117" count="0" type="cond" truecount="0" falsecount="2"/>
        <line num="118" count="0" type="stmt"/>
        <line num="121" count="0" type="stmt"/>
        <line num="126" count="7" type="stmt"/>
        <line num="127" count="0" type="stmt"/>
        <line num="128" count="0" type="stmt"/>
        <line num="131" count="7" type="stmt"/>
        <line num="133" count="7" type="stmt"/>
        <line num="137" count="0" type="stmt"/>
        <line num="143" count="0" type="stmt"/>
        <line num="148" count="1" type="stmt"/>
        <line num="178" count="1" type="stmt"/>
        <line num="205" count="0" type="stmt"/>
        <line num="206" count="0" type="stmt"/>
        <line num="207" count="0" type="stmt"/>
        <line num="208" count="0" type="stmt"/>
        <line num="209" count="0" type="stmt"/>
        <line num="211" count="0" type="stmt"/>
        <line num="212" count="0" type="cond" truecount="0" falsecount="2"/>
        <line num="213" count="0" type="cond" truecount="0" falsecount="2"/>
        <line num="214" count="0" type="cond" truecount="0" falsecount="2"/>
        <line num="217" count="0" type="stmt"/>
        <line num="221" count="0" type="stmt"/>
        <line num="281" count="0" type="stmt"/>
        <line num="289" count="0" type="stmt"/>
        <line num="290" count="0" type="stmt"/>
        <line num="291" count="0" type="stmt"/>
        <line num="292" count="0" type="stmt"/>
        <line num="293" count="0" type="stmt"/>
        <line num="307" count="1" type="stmt"/>
      </file>
    </package>
    <package name="app.content">
      <metrics statements="44" coveredstatements="34" conditionals="31" coveredconditionals="23" methods="11" coveredmethods="8"/>
      <file name="[id].tsx" path="/Users/kaya/Coding/spidrid/src/app/content/[id].tsx">
        <metrics statements="44" coveredstatements="34" conditionals="31" coveredconditionals="23" methods="11" coveredmethods="8"/>
        <line num="16" count="11" type="stmt"/>
        <line num="17" count="11" type="stmt"/>
        <line num="18" count="11" type="stmt"/>
        <line num="19" count="11" type="stmt"/>
        <line num="20" count="11" type="stmt"/>
        <line num="22" count="11" type="stmt"/>
        <line num="23" count="11" type="stmt"/>
        <line num="25" count="11" type="stmt"/>
        <line num="27" count="11" type="stmt"/>
        <line num="28" count="10" type="cond" truecount="2" falsecount="0"/>
        <line num="33" count="11" type="stmt"/>
        <line num="34" count="10" type="cond" truecount="4" falsecount="0"/>
        <line num="35" count="9" type="stmt"/>
        <line num="38" count="11" type="stmt"/>
        <line num="41" count="11" type="stmt"/>
        <line num="42" count="10" type="cond" truecount="2" falsecount="2"/>
        <line num="43" count="0" type="stmt"/>
        <line num="48" count="11" type="stmt"/>
        <line num="49" count="10" type="cond" truecount="4" falsecount="0"/>
        <line num="51" count="9" type="stmt"/>
        <line num="54" count="9" type="stmt"/>
        <line num="55" count="9" type="cond" truecount="3" falsecount="1"/>
        <line num="56" count="0" type="stmt"/>
        <line num="60" count="9" type="cond" truecount="2" falsecount="3"/>
        <line num="61" count="0" type="stmt"/>
        <line num="62" count="0" type="stmt"/>
        <line num="67" count="11" type="stmt"/>
        <line num="68" count="10" type="stmt"/>
        <line num="71" count="11" type="cond" truecount="2" falsecount="0"/>
        <line num="72" count="1" type="stmt"/>
        <line num="79" count="10" type="stmt"/>
        <line num="80" count="0" type="stmt"/>
        <line num="81" count="0" type="stmt"/>
        <line num="84" count="10" type="stmt"/>
        <line num="86" count="1" type="cond" truecount="1" falsecount="1"/>
        <line num="87" count="1" type="stmt"/>
        <line num="88" count="1" type="stmt"/>
        <line num="91" count="10" type="stmt"/>
        <line num="95" count="0" type="stmt"/>
        <line num="134" count="0" type="stmt"/>
        <line num="135" count="0" type="stmt"/>
        <line num="136" count="0" type="stmt"/>
        <line num="162" count="1" type="stmt"/>
        <line num="179" count="1" type="stmt"/>
      </file>
    </package>
    <package name="app.onboarding">
      <metrics statements="25" coveredstatements="23" conditionals="12" coveredconditionals="6" methods="7" coveredmethods="7"/>
      <file name="purpose.tsx" path="/Users/kaya/Coding/spidrid/src/app/onboarding/purpose.tsx">
        <metrics statements="10" coveredstatements="10" conditionals="0" coveredconditionals="0" methods="3" coveredmethods="3"/>
        <line num="8" count="6" type="stmt"/>
        <line num="9" count="6" type="stmt"/>
        <line num="11" count="6" type="stmt"/>
        <line num="12" count="1" type="stmt"/>
        <line num="13" count="1" type="stmt"/>
        <line num="16" count="6" type="stmt"/>
        <line num="17" count="1" type="stmt"/>
        <line num="18" count="1" type="stmt"/>
        <line num="21" count="6" type="stmt"/>
        <line num="66" count="1" type="stmt"/>
      </file>
      <file name="topics.tsx" path="/Users/kaya/Coding/spidrid/src/app/onboarding/topics.tsx">
        <metrics statements="15" coveredstatements="13" conditionals="12" coveredconditionals="6" methods="4" coveredmethods="4"/>
        <line num="10" count="6" type="stmt"/>
        <line num="11" count="6" type="stmt"/>
        <line num="13" count="6" type="stmt"/>
        <line num="15" count="6" type="stmt"/>
        <line num="16" count="1" type="cond" truecount="1" falsecount="1"/>
        <line num="17" count="0" type="stmt"/>
        <line num="19" count="1" type="stmt"/>
        <line num="20" count="1" type="cond" truecount="1" falsecount="1"/>
        <line num="21" count="0" type="stmt"/>
        <line num="23" count="1" type="stmt"/>
        <line num="28" count="6" type="stmt"/>
        <line num="30" count="6" type="stmt"/>
        <line num="45" count="90" type="stmt"/>
        <line num="50" count="1" type="stmt"/>
        <line num="81" count="1" type="stmt"/>
      </file>
    </package>
    <package name="app.reader">
      <metrics statements="10" coveredstatements="9" conditionals="0" coveredconditionals="0" methods="5" coveredmethods="4"/>
      <file name="demo.tsx" path="/Users/kaya/Coding/spidrid/src/app/reader/demo.tsx">
        <metrics statements="10" coveredstatements="9" conditionals="0" coveredconditionals="0" methods="5" coveredmethods="4"/>
        <line num="12" count="1" type="stmt"/>
        <line num="15" count="7" type="stmt"/>
        <line num="16" count="7" type="stmt"/>
        <line num="17" count="7" type="stmt"/>
        <line num="18" count="7" type="stmt"/>
        <line num="20" count="7" type="stmt"/>
        <line num="24" count="0" type="stmt"/>
        <line num="30" count="1" type="stmt"/>
        <line num="53" count="1" type="stmt"/>
        <line num="68" count="1" type="stmt"/>
      </file>
    </package>
    <package name="app.topic">
      <metrics statements="30" coveredstatements="29" conditionals="19" coveredconditionals="18" methods="6" coveredmethods="6"/>
      <file name="[id].tsx" path="/Users/kaya/Coding/spidrid/src/app/topic/[id].tsx">
        <metrics statements="30" coveredstatements="29" conditionals="19" coveredconditionals="18" methods="6" coveredmethods="6"/>
        <line num="10" count="15" type="stmt"/>
        <line num="11" count="15" type="stmt"/>
        <line num="12" count="15" type="stmt"/>
        <line num="13" count="15" type="stmt"/>
        <line num="15" count="15" type="stmt"/>
        <line num="16" count="15" type="stmt"/>
        <line num="17" count="15" type="stmt"/>
        <line num="19" count="15" type="cond" truecount="2" falsecount="0"/>
        <line num="20" count="1" type="stmt"/>
        <line num="27" count="14" type="stmt"/>
        <line num="28" count="4" type="stmt"/>
        <line num="31" count="4" type="cond" truecount="4" falsecount="0"/>
        <line num="32" count="2" type="cond" truecount="2" falsecount="0"/>
        <line num="33" count="1" type="stmt"/>
        <line num="34" count="1" type="stmt"/>
        <line num="36" count="1" type="stmt"/>
        <line num="39" count="3" type="stmt"/>
        <line num="42" count="14" type="stmt"/>
        <line num="43" count="126" type="cond" truecount="3" falsecount="1"/>
        <line num="45" count="42" type="stmt"/>
        <line num="47" count="70" type="stmt"/>
        <line num="49" count="14" type="stmt"/>
        <line num="51" count="0" type="stmt"/>
        <line num="55" count="14" type="stmt"/>
        <line num="59" count="1" type="stmt"/>
        <line num="81" count="126" type="stmt"/>
        <line num="82" count="126" type="stmt"/>
        <line num="84" count="126" type="stmt"/>
        <line num="88" count="4" type="stmt"/>
        <line num="132" count="1" type="stmt"/>
      </file>
    </package>
    <package name="components.certificates">
      <metrics statements="39" coveredstatements="39" conditionals="35" coveredconditionals="33" methods="5" coveredmethods="5"/>
      <file name="CertificateCard.tsx" path="/Users/kaya/Coding/spidrid/src/components/certificates/CertificateCard.tsx">
        <metrics statements="14" coveredstatements="14" conditionals="21" coveredconditionals="20" methods="2" coveredmethods="2"/>
        <line num="13" count="12" type="stmt"/>
        <line num="14" count="12" type="stmt"/>
        <line num="16" count="12" type="cond" truecount="2" falsecount="0"/>
        <line num="18" count="11" type="stmt"/>
        <line num="19" count="11" type="stmt"/>
        <line num="26" count="11" type="stmt"/>
        <line num="64" count="11" type="cond" truecount="2" falsecount="0"/>
        <line num="65" count="1" type="stmt"/>
        <line num="80" count="10" type="stmt"/>
        <line num="99" count="9" type="stmt"/>
        <line num="100" count="9" type="stmt"/>
        <line num="102" count="9" type="cond" truecount="2" falsecount="0"/>
        <line num="104" count="8" type="stmt"/>
        <line num="127" count="1" type="stmt"/>
      </file>
      <file name="CertificateViewerModal.tsx" path="/Users/kaya/Coding/spidrid/src/components/certificates/CertificateViewerModal.tsx">
        <metrics statements="19" coveredstatements="19" conditionals="10" coveredconditionals="9" methods="2" coveredmethods="2"/>
        <line num="30" count="17" type="stmt"/>
        <line num="31" count="17" type="stmt"/>
        <line num="32" count="17" type="stmt"/>
        <line num="34" count="17" type="stmt"/>
        <line num="36" count="17" type="cond" truecount="2" falsecount="0"/>
        <line num="44" count="17" type="stmt"/>
        <line num="45" count="3" type="cond" truecount="1" falsecount="1"/>
        <line num="47" count="3" type="stmt"/>
        <line num="48" count="3" type="stmt"/>
        <line num="50" count="3" type="stmt"/>
        <line num="51" count="3" type="stmt"/>
        <line num="57" count="2" type="stmt"/>
        <line num="59" count="1" type="stmt"/>
        <line num="64" count="3" type="stmt"/>
        <line num="66" count="3" type="cond" truecount="2" falsecount="0"/>
        <line num="67" count="2" type="stmt"/>
        <line num="72" count="17" type="cond" truecount="2" falsecount="0"/>
        <line num="74" count="16" type="stmt"/>
        <line num="144" count="1" type="stmt"/>
      </file>
      <file name="NewCertificateModal.tsx" path="/Users/kaya/Coding/spidrid/src/components/certificates/NewCertificateModal.tsx">
        <metrics statements="6" coveredstatements="6" conditionals="4" coveredconditionals="4" methods="1" coveredmethods="1"/>
        <line num="13" count="14" type="stmt"/>
        <line num="15" count="14" type="cond" truecount="2" falsecount="0"/>
        <line num="17" count="13" type="stmt"/>
        <line num="18" count="13" type="cond" truecount="2" falsecount="0"/>
        <line num="20" count="12" type="stmt"/>
        <line num="61" count="1" type="stmt"/>
      </file>
    </package>
    <package name="components.common">
      <metrics statements="14" coveredstatements="13" conditionals="5" coveredconditionals="4" methods="5" coveredmethods="5"/>
      <file name="EdgeFadeScrollView.tsx" path="/Users/kaya/Coding/spidrid/src/components/common/EdgeFadeScrollView.tsx">
        <metrics statements="6" coveredstatements="6" conditionals="3" coveredconditionals="3" methods="1" coveredmethods="1"/>
        <line num="24" count="7" type="stmt"/>
        <line num="25" count="7" type="stmt"/>
        <line num="28" count="7" type="stmt"/>
        <line num="29" count="7" type="stmt"/>
        <line num="31" count="7" type="stmt"/>
        <line num="63" count="1" type="stmt"/>
      </file>
      <file name="ThemeProvider.tsx" path="/Users/kaya/Coding/spidrid/src/components/common/ThemeProvider.tsx">
        <metrics statements="8" coveredstatements="7" conditionals="2" coveredconditionals="1" methods="4" coveredmethods="4"/>
        <line num="10" count="17" type="stmt"/>
        <line num="13" count="585" type="stmt"/>
        <line num="14" count="585" type="stmt"/>
        <line num="16" count="221" type="stmt"/>
        <line num="24" count="330" type="stmt"/>
        <line num="25" count="330" type="cond" truecount="1" falsecount="1"/>
        <line num="26" count="0" type="stmt"/>
        <line num="28" count="330" type="stmt"/>
      </file>
    </package>
    <package name="components.controls">
      <metrics statements="11" coveredstatements="11" conditionals="6" coveredconditionals="6" methods="3" coveredmethods="3"/>
      <file name="PlaybackControls.tsx" path="/Users/kaya/Coding/spidrid/src/components/controls/PlaybackControls.tsx">
        <metrics statements="11" coveredstatements="11" conditionals="6" coveredconditionals="6" methods="3" coveredmethods="3"/>
        <line num="37" count="20" type="stmt"/>
        <line num="38" count="20" type="stmt"/>
        <line num="39" count="20" type="stmt"/>
        <line num="41" count="20" type="stmt"/>
        <line num="42" count="20" type="stmt"/>
        <line num="43" count="3" type="stmt"/>
        <line num="44" count="3" type="cond" truecount="2" falsecount="0"/>
        <line num="45" count="1" type="stmt"/>
        <line num="47" count="2" type="stmt"/>
        <line num="51" count="20" type="stmt"/>
        <line num="119" count="1" type="stmt"/>
      </file>
    </package>
    <package name="components.navigation">
      <metrics statements="22" coveredstatements="20" conditionals="14" coveredconditionals="10" methods="7" coveredmethods="5"/>
      <file name="FloatingNavBar.tsx" path="/Users/kaya/Coding/spidrid/src/components/navigation/FloatingNavBar.tsx">
        <metrics statements="22" coveredstatements="20" conditionals="14" coveredconditionals="10" methods="7" coveredmethods="5"/>
        <line num="21" count="1" type="stmt"/>
        <line num="43" count="7" type="stmt"/>
        <line num="44" count="7" type="stmt"/>
        <line num="45" count="7" type="stmt"/>
        <line num="46" count="7" type="stmt"/>
        <line num="48" count="7" type="stmt"/>
        <line num="49" count="21" type="stmt"/>
        <line num="50" count="21" type="stmt"/>
        <line num="53" count="7" type="cond" truecount="1" falsecount="1"/>
        <line num="54" count="7" type="cond" truecount="1" falsecount="1"/>
        <line num="57" count="7" type="cond" truecount="1" falsecount="1"/>
        <line num="61" count="7" type="stmt"/>
        <line num="73" count="21" type="stmt"/>
        <line num="74" count="21" type="stmt"/>
        <line num="81" count="3" type="stmt"/>
        <line num="98" count="21" type="stmt"/>
        <line num="100" count="21" type="stmt"/>
        <line num="101" count="0" type="stmt"/>
        <line num="108" count="21" type="stmt"/>
        <line num="109" count="0" type="stmt"/>
        <line num="116" count="21" type="stmt"/>
        <line num="141" count="1" type="stmt"/>
      </file>
    </package>
    <package name="components.onboarding">
      <metrics statements="3" coveredstatements="3" conditionals="4" coveredconditionals="4" methods="1" coveredmethods="1"/>
      <file name="InterestPill.tsx" path="/Users/kaya/Coding/spidrid/src/components/onboarding/InterestPill.tsx">
        <metrics statements="3" coveredstatements="3" conditionals="4" coveredconditionals="4" methods="1" coveredmethods="1"/>
        <line num="12" count="105" type="stmt"/>
        <line num="14" count="105" type="stmt"/>
        <line num="38" count="2" type="stmt"/>
      </file>
    </package>
    <package name="components.paywall">
      <metrics statements="19" coveredstatements="19" conditionals="11" coveredconditionals="10" methods="4" coveredmethods="4"/>
      <file name="Paywall.tsx" path="/Users/kaya/Coding/spidrid/src/components/paywall/Paywall.tsx">
        <metrics statements="19" coveredstatements="19" conditionals="11" coveredconditionals="10" methods="4" coveredmethods="4"/>
        <line num="21" count="24" type="stmt"/>
        <line num="22" count="24" type="stmt"/>
        <line num="23" count="24" type="stmt"/>
        <line num="25" count="24" type="stmt"/>
        <line num="26" count="3" type="stmt"/>
        <line num="27" count="3" type="stmt"/>
        <line num="28" count="3" type="cond" truecount="2" falsecount="0"/>
        <line num="29" count="2" type="stmt"/>
        <line num="31" count="1" type="stmt"/>
        <line num="35" count="24" type="stmt"/>
        <line num="36" count="3" type="stmt"/>
        <line num="37" count="3" type="stmt"/>
        <line num="38" count="3" type="cond" truecount="2" falsecount="0"/>
        <line num="39" count="1" type="stmt"/>
        <line num="41" count="2" type="stmt"/>
        <line num="45" count="24" type="cond" truecount="2" falsecount="0"/>
        <line num="49" count="24" type="stmt"/>
        <line num="140" count="92" type="stmt"/>
        <line num="148" count="1" type="stmt"/>
      </file>
    </package>
    <package name="components.rsvp">
      <metrics statements="9" coveredstatements="9" conditionals="5" coveredconditionals="4" methods="1" coveredmethods="1"/>
      <file name="RSVPWord.tsx" path="/Users/kaya/Coding/spidrid/src/components/rsvp/RSVPWord.tsx">
        <metrics statements="9" coveredstatements="9" conditionals="5" coveredconditionals="4" methods="1" coveredmethods="1"/>
        <line num="19" count="17" type="stmt"/>
        <line num="21" count="17" type="cond" truecount="2" falsecount="0"/>
        <line num="22" count="3" type="stmt"/>
        <line num="31" count="14" type="stmt"/>
        <line num="32" count="14" type="stmt"/>
        <line num="33" count="14" type="cond" truecount="1" falsecount="1"/>
        <line num="34" count="14" type="stmt"/>
        <line num="36" count="14" type="stmt"/>
        <line num="66" count="1" type="stmt"/>
      </file>
    </package>
    <package name="data">
      <metrics statements="11" coveredstatements="11" conditionals="2" coveredconditionals="2" methods="7" coveredmethods="7"/>
      <file name="curriculum.ts" path="/Users/kaya/Coding/spidrid/src/data/curriculum.ts">
        <metrics statements="0" coveredstatements="0" conditionals="0" coveredconditionals="0" methods="0" coveredmethods="0"/>
      </file>
      <file name="interests.ts" path="/Users/kaya/Coding/spidrid/src/data/interests.ts">
        <metrics statements="9" coveredstatements="9" conditionals="2" coveredconditionals="2" methods="7" coveredmethods="7"/>
        <line num="18" count="4" type="stmt"/>
        <line num="145" count="16" type="stmt"/>
        <line num="146" count="16" type="stmt"/>
        <line num="147" count="143" type="stmt"/>
        <line num="148" count="22" type="cond" truecount="2" falsecount="0"/>
        <line num="149" count="21" type="stmt"/>
        <line num="152" count="16" type="stmt"/>
        <line num="159" count="31" type="stmt"/>
        <line num="166" count="151" type="stmt"/>
      </file>
      <file name="themes.ts" path="/Users/kaya/Coding/spidrid/src/data/themes.ts">
        <metrics statements="2" coveredstatements="2" conditionals="0" coveredconditionals="0" methods="0" coveredmethods="0"/>
        <line num="3" count="17" type="stmt"/>
        <line num="46" count="17" type="stmt"/>
      </file>
    </package>
    <package name="data.curriculum">
      <metrics statements="26" coveredstatements="26" conditionals="13" coveredconditionals="9" methods="12" coveredmethods="12"/>
      <file name="arts-culture.ts" path="/Users/kaya/Coding/spidrid/src/data/curriculum/arts-culture.ts">
        <metrics statements="1" coveredstatements="1" conditionals="0" coveredconditionals="0" methods="0" coveredmethods="0"/>
        <line num="3" count="6" type="stmt"/>
      </file>
      <file name="business-careers.ts" path="/Users/kaya/Coding/spidrid/src/data/curriculum/business-careers.ts">
        <metrics statements="1" coveredstatements="1" conditionals="0" coveredconditionals="0" methods="0" coveredmethods="0"/>
        <line num="3" count="6" type="stmt"/>
      </file>
      <file name="climate-environment.ts" path="/Users/kaya/Coding/spidrid/src/data/curriculum/climate-environment.ts">
        <metrics statements="1" coveredstatements="1" conditionals="0" coveredconditionals="0" methods="0" coveredmethods="0"/>
        <line num="3" count="6" type="stmt"/>
      </file>
      <file name="finance-investing.ts" path="/Users/kaya/Coding/spidrid/src/data/curriculum/finance-investing.ts">
        <metrics statements="1" coveredstatements="1" conditionals="0" coveredconditionals="0" methods="0" coveredmethods="0"/>
        <line num="3" count="6" type="stmt"/>
      </file>
      <file name="health-medicine.ts" path="/Users/kaya/Coding/spidrid/src/data/curriculum/health-medicine.ts">
        <metrics statements="1" coveredstatements="1" conditionals="0" coveredconditionals="0" methods="0" coveredmethods="0"/>
        <line num="3" count="6" type="stmt"/>
      </file>
      <file name="history-civilization.ts" path="/Users/kaya/Coding/spidrid/src/data/curriculum/history-civilization.ts">
        <metrics statements="1" coveredstatements="1" conditionals="0" coveredconditionals="0" methods="0" coveredmethods="0"/>
        <line num="3" count="6" type="stmt"/>
      </file>
      <file name="index.ts" path="/Users/kaya/Coding/spidrid/src/data/curriculum/index.ts">
        <metrics statements="9" coveredstatements="9" conditionals="13" coveredconditionals="9" methods="10" coveredmethods="10"/>
        <line num="33" count="6" type="stmt"/>
        <line num="55" count="3375" type="stmt"/>
        <line num="62" count="556" type="stmt"/>
        <line num="69" count="4" type="stmt"/>
        <line num="70" count="540" type="cond" truecount="3" falsecount="0"/>
        <line num="71" count="18" type="cond" truecount="2" falsecount="2"/>
        <line num="78" count="4" type="stmt"/>
        <line num="79" count="540" type="cond" truecount="2" falsecount="0"/>
        <line num="80" count="3" type="cond" truecount="2" falsecount="2"/>
      </file>
      <file name="lifestyle-wellness.ts" path="/Users/kaya/Coding/spidrid/src/data/curriculum/lifestyle-wellness.ts">
        <metrics statements="1" coveredstatements="1" conditionals="0" coveredconditionals="0" methods="0" coveredmethods="0"/>
        <line num="3" count="6" type="stmt"/>
      </file>
      <file name="nature-wildlife.ts" path="/Users/kaya/Coding/spidrid/src/data/curriculum/nature-wildlife.ts">
        <metrics statements="1" coveredstatements="1" conditionals="0" coveredconditionals="0" methods="0" coveredmethods="0"/>
        <line num="3" count="6" type="stmt"/>
      </file>
      <file name="psychology-mind.ts" path="/Users/kaya/Coding/spidrid/src/data/curriculum/psychology-mind.ts">
        <metrics statements="1" coveredstatements="1" conditionals="0" coveredconditionals="0" methods="0" coveredmethods="0"/>
        <line num="3" count="6" type="stmt"/>
      </file>
      <file name="science-discovery.ts" path="/Users/kaya/Coding/spidrid/src/data/curriculum/science-discovery.ts">
        <metrics statements="1" coveredstatements="1" conditionals="0" coveredconditionals="0" methods="0" coveredmethods="0"/>
        <line num="3" count="6" type="stmt"/>
      </file>
      <file name="self-improvement.ts" path="/Users/kaya/Coding/spidrid/src/data/curriculum/self-improvement.ts">
        <metrics statements="1" coveredstatements="1" conditionals="0" coveredconditionals="0" methods="0" coveredmethods="0"/>
        <line num="3" count="6" type="stmt"/>
      </file>
      <file name="space-cosmos.ts" path="/Users/kaya/Coding/spidrid/src/data/curriculum/space-cosmos.ts">
        <metrics statements="1" coveredstatements="1" conditionals="0" coveredconditionals="0" methods="0" coveredmethods="0"/>
        <line num="3" count="6" type="stmt"/>
      </file>
      <file name="technology-internet.ts" path="/Users/kaya/Coding/spidrid/src/data/curriculum/technology-internet.ts">
        <metrics statements="1" coveredstatements="1" conditionals="0" coveredconditionals="0" methods="0" coveredmethods="0"/>
        <line num="3" count="6" type="stmt"/>
      </file>
      <file name="topics.ts" path="/Users/kaya/Coding/spidrid/src/data/curriculum/topics.ts">
        <metrics statements="2" coveredstatements="2" conditionals="0" coveredconditionals="0" methods="2" coveredmethods="2"/>
        <line num="6" count="6" type="stmt"/>
        <line num="160" count="67" type="stmt"/>
      </file>
      <file name="trivia-facts.ts" path="/Users/kaya/Coding/spidrid/src/data/curriculum/trivia-facts.ts">
        <metrics statements="1" coveredstatements="1" conditionals="0" coveredconditionals="0" methods="0" coveredmethods="0"/>
        <line num="3" count="6" type="stmt"/>
      </file>
      <file name="world-travel.ts" path="/Users/kaya/Coding/spidrid/src/data/curriculum/world-travel.ts">
        <metrics statements="1" coveredstatements="1" conditionals="0" coveredconditionals="0" methods="0" coveredmethods="0"/>
        <line num="3" count="6" type="stmt"/>
      </file>
    </package>
    <package name="hooks">
      <metrics statements="50" coveredstatements="50" conditionals="21" coveredconditionals="20" methods="16" coveredmethods="16"/>
      <file name="useRSVPEngine.ts" path="/Users/kaya/Coding/spidrid/src/hooks/useRSVPEngine.ts">
        <metrics statements="50" coveredstatements="50" conditionals="21" coveredconditionals="20" methods="16" coveredmethods="16"/>
        <line num="15" count="96" type="stmt"/>
        <line num="16" count="96" type="stmt"/>
        <line num="17" count="96" type="stmt"/>
        <line num="19" count="96" type="stmt"/>
        <line num="20" count="96" type="stmt"/>
        <line num="22" count="96" type="cond" truecount="2" falsecount="0"/>
        <line num="23" count="96" type="stmt"/>
        <line num="24" count="96" type="cond" truecount="2" falsecount="0"/>
        <line num="27" count="96" type="stmt"/>
        <line num="28" count="43" type="stmt"/>
        <line num="29" count="43" type="cond" truecount="2" falsecount="0"/>
        <line num="30" count="17" type="stmt"/>
        <line num="36" count="96" type="stmt"/>
        <line num="37" count="96" type="cond" truecount="4" falsecount="0"/>
        <line num="38" count="73" type="stmt"/>
        <line num="41" count="23" type="stmt"/>
        <line num="42" count="23" type="stmt"/>
        <line num="44" count="23" type="stmt"/>
        <line num="45" count="7" type="cond" truecount="2" falsecount="0"/>
        <line num="46" count="6" type="stmt"/>
        <line num="49" count="1" type="stmt"/>
        <line num="53" count="23" type="stmt"/>
        <line num="54" count="23" type="cond" truecount="1" falsecount="1"/>
        <line num="55" count="23" type="stmt"/>
        <line num="60" count="96" type="stmt"/>
        <line num="61" count="17" type="cond" truecount="4" falsecount="0"/>
        <line num="63" count="2" type="stmt"/>
        <line num="65" count="17" type="stmt"/>
        <line num="68" count="96" type="stmt"/>
        <line num="69" count="3" type="stmt"/>
        <line num="72" count="96" type="stmt"/>
        <line num="73" count="2" type="cond" truecount="2" falsecount="0"/>
        <line num="74" count="1" type="stmt"/>
        <line num="76" count="1" type="stmt"/>
        <line num="80" count="96" type="stmt"/>
        <line num="81" count="5" type="stmt"/>
        <line num="84" count="96" type="stmt"/>
        <line num="85" count="4" type="stmt"/>
        <line num="86" count="4" type="stmt"/>
        <line num="87" count="4" type="stmt"/>
        <line num="90" count="96" type="stmt"/>
        <line num="91" count="3" type="stmt"/>
        <line num="92" count="3" type="stmt"/>
        <line num="93" count="3" type="stmt"/>
        <line num="96" count="96" type="stmt"/>
        <line num="97" count="14" type="stmt"/>
        <line num="100" count="96" type="stmt"/>
        <line num="101" count="2" type="stmt"/>
        <line num="102" count="2" type="stmt"/>
        <line num="105" count="96" type="stmt"/>
      </file>
    </package>
    <package name="services">
      <metrics statements="88" coveredstatements="87" conditionals="55" coveredconditionals="50" methods="22" coveredmethods="22"/>
      <file name="certificatePDF.ts" path="/Users/kaya/Coding/spidrid/src/services/certificatePDF.ts">
        <metrics statements="7" coveredstatements="7" conditionals="2" coveredconditionals="2" methods="3" coveredmethods="3"/>
        <line num="15" count="4" type="stmt"/>
        <line num="17" count="4" type="stmt"/>
        <line num="22" count="3" type="stmt"/>
        <line num="26" count="4" type="stmt"/>
        <line num="28" count="4" type="cond" truecount="2" falsecount="0"/>
        <line num="29" count="1" type="stmt"/>
        <line num="32" count="3" type="stmt"/>
      </file>
      <file name="certificateTemplate.ts" path="/Users/kaya/Coding/spidrid/src/services/certificateTemplate.ts">
        <metrics statements="8" coveredstatements="8" conditionals="10" coveredconditionals="7" methods="2" coveredmethods="2"/>
        <line num="11" count="25" type="stmt"/>
        <line num="12" count="25" type="stmt"/>
        <line num="14" count="25" type="cond" truecount="2" falsecount="0"/>
        <line num="15" count="40" type="stmt"/>
        <line num="18" count="25" type="stmt"/>
        <line num="24" count="25" type="cond" truecount="2" falsecount="0"/>
        <line num="25" count="25" type="cond" truecount="1" falsecount="1"/>
        <line num="27" count="25" type="stmt"/>
      </file>
      <file name="contentExtractor.ts" path="/Users/kaya/Coding/spidrid/src/services/contentExtractor.ts">
        <metrics statements="43" coveredstatements="42" conditionals="23" coveredconditionals="21" methods="6" coveredmethods="6"/>
        <line num="9" count="15" type="stmt"/>
        <line num="10" count="15" type="stmt"/>
        <line num="13" count="15" type="stmt"/>
        <line num="16" count="15" type="stmt"/>
        <line num="17" count="15" type="stmt"/>
        <line num="18" count="15" type="stmt"/>
        <line num="19" count="15" type="stmt"/>
        <line num="20" count="15" type="stmt"/>
        <line num="21" count="15" type="stmt"/>
        <line num="24" count="15" type="stmt"/>
        <line num="26" count="15" type="stmt"/>
        <line num="32" count="15" type="stmt"/>
        <line num="33" count="15" type="cond" truecount="4" falsecount="0"/>
        <line num="34" count="11" type="stmt"/>
        <line num="38" count="4" type="stmt"/>
        <line num="39" count="4" type="cond" truecount="4" falsecount="0"/>
        <line num="40" count="1" type="stmt"/>
        <line num="44" count="3" type="stmt"/>
        <line num="45" count="3" type="stmt"/>
        <line num="46" count="3" type="stmt"/>
        <line num="48" count="0" type="stmt"/>
        <line num="54" count="701" type="stmt"/>
        <line num="58" count="19" type="stmt"/>
        <line num="60" count="19" type="cond" truecount="4" falsecount="0"/>
        <line num="61" count="2" type="stmt"/>
        <line num="64" count="19" type="stmt"/>
        <line num="66" count="18" type="stmt"/>
        <line num="72" count="17" type="cond" truecount="2" falsecount="0"/>
        <line num="73" count="2" type="stmt"/>
        <line num="76" count="15" type="stmt"/>
        <line num="77" count="15" type="stmt"/>
        <line num="78" count="15" type="stmt"/>
        <line num="80" count="15" type="cond" truecount="2" falsecount="0"/>
        <line num="81" count="2" type="stmt"/>
        <line num="84" count="13" type="stmt"/>
        <line num="86" count="13" type="stmt"/>
        <line num="100" count="6" type="stmt"/>
        <line num="108" count="12" type="stmt"/>
        <line num="110" count="12" type="cond" truecount="2" falsecount="0"/>
        <line num="111" count="4" type="stmt"/>
        <line num="117" count="8" type="stmt"/>
        <line num="120" count="8" type="cond" truecount="2" falsecount="1"/>
        <line num="122" count="8" type="stmt"/>
      </file>
      <file name="orp.ts" path="/Users/kaya/Coding/spidrid/src/services/orp.ts">
        <metrics statements="11" coveredstatements="11" conditionals="14" coveredconditionals="14" methods="3" coveredmethods="3"/>
        <line num="15" count="3008" type="stmt"/>
        <line num="17" count="3008" type="cond" truecount="2" falsecount="0"/>
        <line num="18" count="2942" type="cond" truecount="2" falsecount="0"/>
        <line num="19" count="1139" type="cond" truecount="2" falsecount="0"/>
        <line num="20" count="241" type="cond" truecount="2" falsecount="0"/>
        <line num="21" count="15" type="stmt"/>
        <line num="32" count="3001" type="cond" truecount="2" falsecount="0"/>
        <line num="35" count="2776" type="cond" truecount="2" falsecount="0"/>
        <line num="38" count="2615" type="cond" truecount="2" falsecount="0"/>
        <line num="41" count="2589" type="stmt"/>
        <line num="48" count="2995" type="stmt"/>
      </file>
      <file name="textProcessor.ts" path="/Users/kaya/Coding/spidrid/src/services/textProcessor.ts">
        <metrics statements="19" coveredstatements="19" conditionals="6" coveredconditionals="6" methods="8" coveredmethods="8"/>
        <line num="11" count="41" type="stmt"/>
        <line num="13" count="2989" type="stmt"/>
        <line num="14" count="2989" type="stmt"/>
        <line num="21" count="2985" type="stmt"/>
        <line num="34" count="26" type="stmt"/>
        <line num="35" count="26" type="stmt"/>
        <line num="43" count="52" type="stmt"/>
        <line num="45" count="52" type="stmt"/>
        <line num="46" count="221" type="cond" truecount="2" falsecount="0"/>
        <line num="47" count="20" type="stmt"/>
        <line num="51" count="52" type="stmt"/>
        <line num="62" count="14" type="stmt"/>
        <line num="63" count="31" type="cond" truecount="2" falsecount="0"/>
        <line num="64" count="11" type="stmt"/>
        <line num="67" count="3" type="stmt"/>
        <line num="78" count="15" type="stmt"/>
        <line num="79" count="39" type="cond" truecount="2" falsecount="0"/>
        <line num="80" count="9" type="stmt"/>
        <line num="83" count="6" type="stmt"/>
      </file>
    </package>
    <package name="store">
      <metrics statements="229" coveredstatements="217" conditionals="128" coveredconditionals="95" methods="119" coveredmethods="116"/>
      <file name="certificateStore.ts" path="/Users/kaya/Coding/spidrid/src/store/certificateStore.ts">
        <metrics statements="111" coveredstatements="99" conditionals="64" coveredconditionals="37" methods="41" coveredmethods="38"/>
        <line num="20" count="6" type="stmt"/>
        <line num="137" count="1" type="stmt"/>
        <line num="139" count="1" type="stmt"/>
        <line num="154" count="5" type="stmt"/>
        <line num="155" count="5" type="stmt"/>
        <line num="157" count="5" type="stmt"/>
        <line num="158" count="10" type="cond" truecount="2" falsecount="0"/>
        <line num="159" count="1" type="stmt"/>
        <line num="162" count="9" type="cond" truecount="2" falsecount="0"/>
        <line num="163" count="4" type="stmt"/>
        <line num="169" count="4" type="stmt"/>
        <line num="173" count="5" type="cond" truecount="2" falsecount="0"/>
        <line num="174" count="3" type="stmt"/>
        <line num="180" count="5" type="stmt"/>
        <line num="184" count="1" type="stmt"/>
        <line num="188" count="1" type="stmt"/>
        <line num="192" count="1" type="stmt"/>
        <line num="206" count="6" type="stmt"/>
        <line num="208" count="6" type="stmt"/>
        <line num="209" count="3" type="cond" truecount="1" falsecount="1"/>
        <line num="211" count="6" type="cond" truecount="2" falsecount="2"/>
        <line num="213" count="0" type="stmt"/>
        <line num="216" count="6" type="stmt"/>
        <line num="226" count="6" type="stmt"/>
        <line num="229" count="9" type="stmt"/>
        <line num="230" count="9" type="stmt"/>
        <line num="232" count="9" type="stmt"/>
        <line num="233" count="9" type="stmt"/>
        <line num="234" count="9" type="stmt"/>
        <line num="236" count="9" type="stmt"/>
        <line num="237" count="9" type="stmt"/>
        <line num="239" count="6" type="cond" truecount="1" falsecount="1"/>
        <line num="241" count="6" type="cond" truecount="1" falsecount="1"/>
        <line num="242" count="9" type="stmt"/>
        <line num="246" count="6" type="stmt"/>
        <line num="247" count="6" type="stmt"/>
        <line num="249" count="6" type="stmt"/>
        <line num="250" count="18" type="stmt"/>
        <line num="251" count="18" type="stmt"/>
        <line num="254" count="18" type="cond" truecount="2" falsecount="0"/>
        <line num="257" count="18" type="stmt"/>
        <line num="258" count="18" type="stmt"/>
        <line num="261" count="18" type="stmt"/>
        <line num="262" count="18" type="stmt"/>
        <line num="263" count="18" type="cond" truecount="2" falsecount="0"/>
        <line num="264" count="6" type="stmt"/>
        <line num="265" count="6" type="stmt"/>
        <line num="267" count="18" type="cond" truecount="2" falsecount="0"/>
        <line num="268" count="12" type="stmt"/>
        <line num="269" count="12" type="stmt"/>
        <line num="271" count="18" type="cond" truecount="2" falsecount="0"/>
        <line num="272" count="12" type="stmt"/>
        <line num="273" count="12" type="stmt"/>
        <line num="275" count="18" type="cond" truecount="1" falsecount="1"/>
        <line num="277" count="18" type="stmt"/>
        <line num="278" count="18" type="stmt"/>
        <line num="280" count="18" type="stmt"/>
        <line num="292" count="6" type="stmt"/>
        <line num="308" count="2" type="stmt"/>
        <line num="309" count="2" type="stmt"/>
        <line num="311" count="2" type="stmt"/>
        <line num="312" count="6" type="stmt"/>
        <line num="319" count="6" type="cond" truecount="4" falsecount="0"/>
        <line num="320" count="2" type="stmt"/>
        <line num="321" count="2" type="cond" truecount="1" falsecount="1"/>
        <line num="322" count="2" type="stmt"/>
        <line num="327" count="2" type="stmt"/>
        <line num="331" count="2" type="stmt"/>
        <line num="332" count="2" type="cond" truecount="1" falsecount="1"/>
        <line num="334" count="2" type="stmt"/>
        <line num="335" count="2" type="stmt"/>
        <line num="338" count="2" type="cond" truecount="2" falsecount="0"/>
        <line num="339" count="1" type="cond" truecount="1" falsecount="1"/>
        <line num="342" count="0" type="stmt"/>
        <line num="343" count="0" type="cond" truecount="0" falsecount="4"/>
        <line num="344" count="0" type="cond" truecount="0" falsecount="4"/>
        <line num="345" count="0" type="cond" truecount="0" falsecount="4"/>
        <line num="348" count="0" type="cond" truecount="0" falsecount="2"/>
        <line num="349" count="0" type="cond" truecount="0" falsecount="2"/>
        <line num="350" count="0" type="stmt"/>
        <line num="354" count="0" type="stmt"/>
        <line num="358" count="3" type="stmt"/>
        <line num="361" count="3" type="cond" truecount="2" falsecount="0"/>
        <line num="362" count="1" type="stmt"/>
        <line num="365" count="2" type="stmt"/>
        <line num="372" count="2" type="stmt"/>
        <line num="389" count="2" type="stmt"/>
        <line num="391" count="2" type="stmt"/>
        <line num="395" count="1" type="stmt"/>
        <line num="398" count="1" type="cond" truecount="1" falsecount="1"/>
        <line num="399" count="0" type="stmt"/>
        <line num="403" count="1" type="stmt"/>
        <line num="404" count="1" type="cond" truecount="1" falsecount="1"/>
        <line num="407" count="0" type="stmt"/>
        <line num="408" count="0" type="stmt"/>
        <line num="412" count="2" type="stmt"/>
        <line num="421" count="2" type="stmt"/>
        <line num="425" count="2" type="stmt"/>
        <line num="429" count="2" type="stmt"/>
        <line num="433" count="1" type="stmt"/>
        <line num="437" count="4" type="stmt"/>
        <line num="438" count="4" type="stmt"/>
        <line num="439" count="4" type="stmt"/>
        <line num="441" count="4" type="stmt"/>
        <line num="442" count="12" type="stmt"/>
        <line num="443" count="12" type="stmt"/>
        <line num="446" count="12" type="cond" truecount="2" falsecount="0"/>
        <line num="448" count="12" type="stmt"/>
        <line num="454" count="4" type="stmt"/>
        <line num="465" count="1" type="stmt"/>
        <line num="466" count="53" type="stmt"/>
      </file>
      <file name="contentStore.ts" path="/Users/kaya/Coding/spidrid/src/store/contentStore.ts">
        <metrics statements="16" coveredstatements="16" conditionals="4" coveredconditionals="3" methods="18" coveredmethods="18"/>
        <line num="20" count="29" type="stmt"/>
        <line num="22" count="1" type="stmt"/>
        <line num="24" count="1" type="stmt"/>
        <line num="29" count="29" type="stmt"/>
        <line num="35" count="29" type="stmt"/>
        <line num="38" count="29" type="stmt"/>
        <line num="42" count="6" type="stmt"/>
        <line num="44" count="7" type="cond" truecount="2" falsecount="0"/>
        <line num="50" count="3" type="stmt"/>
        <line num="52" count="3" type="cond" truecount="1" falsecount="1"/>
        <line num="58" count="3" type="stmt"/>
        <line num="59" count="4" type="stmt"/>
        <line num="64" count="3" type="stmt"/>
        <line num="68" count="30" type="stmt"/>
        <line num="73" count="1" type="stmt"/>
        <line num="74" count="96" type="stmt"/>
      </file>
      <file name="learningStore.ts" path="/Users/kaya/Coding/spidrid/src/store/learningStore.ts">
        <metrics statements="54" coveredstatements="54" conditionals="50" coveredconditionals="45" methods="24" coveredmethods="24"/>
        <line num="82" count="1" type="stmt"/>
        <line num="84" count="1" type="stmt"/>
        <line num="91" count="4" type="stmt"/>
        <line num="95" count="1" type="stmt"/>
        <line num="99" count="84" type="stmt"/>
        <line num="100" count="84" type="stmt"/>
        <line num="101" count="84" type="stmt"/>
        <line num="104" count="84" type="stmt"/>
        <line num="112" count="84" type="stmt"/>
        <line num="135" count="84" type="stmt"/>
        <line num="146" count="84" type="stmt"/>
        <line num="157" count="15" type="cond" truecount="2" falsecount="0"/>
        <line num="161" count="4" type="stmt"/>
        <line num="162" count="4" type="stmt"/>
        <line num="164" count="4" type="stmt"/>
        <line num="165" count="4" type="stmt"/>
        <line num="167" count="4" type="stmt"/>
        <line num="168" count="18" type="stmt"/>
        <line num="169" count="18" type="cond" truecount="2" falsecount="0"/>
        <line num="170" count="3" type="stmt"/>
        <line num="171" count="3" type="stmt"/>
        <line num="175" count="4" type="stmt"/>
        <line num="184" count="3" type="stmt"/>
        <line num="185" count="4" type="stmt"/>
        <line num="189" count="3" type="stmt"/>
        <line num="190" count="5" type="stmt"/>
        <line num="191" count="3" type="cond" truecount="2" falsecount="0"/>
        <line num="195" count="2" type="stmt"/>
        <line num="196" count="2" type="cond" truecount="2" falsecount="0"/>
        <line num="200" count="3" type="stmt"/>
        <line num="201" count="3" type="stmt"/>
        <line num="205" count="5" type="stmt"/>
        <line num="208" count="5" type="stmt"/>
        <line num="209" count="13" type="stmt"/>
        <line num="212" count="5" type="cond" truecount="2" falsecount="0"/>
        <line num="213" count="1" type="stmt"/>
        <line num="216" count="10" type="stmt"/>
        <line num="217" count="10" type="stmt"/>
        <line num="219" count="4" type="stmt"/>
        <line num="227" count="5" type="stmt"/>
        <line num="228" count="5" type="cond" truecount="2" falsecount="0"/>
        <line num="231" count="4" type="cond" truecount="1" falsecount="1"/>
        <line num="232" count="4" type="cond" truecount="2" falsecount="0"/>
        <line num="235" count="3" type="stmt"/>
        <line num="236" count="3" type="stmt"/>
        <line num="237" count="27" type="cond" truecount="2" falsecount="2"/>
        <line num="241" count="3" type="stmt"/>
        <line num="242" count="4" type="cond" truecount="1" falsecount="1"/>
        <line num="245" count="3" type="cond" truecount="1" falsecount="1"/>
        <line num="247" count="3" type="stmt"/>
        <line num="248" count="3" type="stmt"/>
        <line num="252" count="76" type="stmt"/>
        <line num="261" count="1" type="stmt"/>
        <line num="262" count="216" type="stmt"/>
      </file>
      <file name="onboardingStore.ts" path="/Users/kaya/Coding/spidrid/src/store/onboardingStore.ts">
        <metrics statements="11" coveredstatements="11" conditionals="2" coveredconditionals="2" methods="8" coveredmethods="8"/>
        <line num="19" count="1" type="stmt"/>
        <line num="21" count="1" type="stmt"/>
        <line num="26" count="11" type="stmt"/>
        <line num="28" count="12" type="stmt"/>
        <line num="31" count="12" type="stmt"/>
        <line num="32" count="12" type="stmt"/>
        <line num="33" count="12" type="stmt"/>
        <line num="35" count="6" type="stmt"/>
        <line num="40" count="11" type="stmt"/>
        <line num="43" count="32" type="stmt"/>
        <line num="51" count="1" type="stmt"/>
      </file>
      <file name="settingsStore.ts" path="/Users/kaya/Coding/spidrid/src/store/settingsStore.ts">
        <metrics statements="13" coveredstatements="13" conditionals="2" coveredconditionals="2" methods="12" coveredmethods="12"/>
        <line num="20" count="16" type="stmt"/>
        <line num="22" count="16" type="stmt"/>
        <line num="26" count="13" type="stmt"/>
        <line num="31" count="4" type="stmt"/>
        <line num="32" count="4" type="stmt"/>
        <line num="33" count="4" type="stmt"/>
        <line num="34" count="4" type="stmt"/>
        <line num="35" count="4" type="stmt"/>
        <line num="36" count="5" type="stmt"/>
        <line num="37" count="14" type="stmt"/>
        <line num="39" count="40" type="stmt"/>
        <line num="46" count="16" type="stmt"/>
        <line num="47" count="324" type="stmt"/>
      </file>
      <file name="subscriptionStore.ts" path="/Users/kaya/Coding/spidrid/src/store/subscriptionStore.ts">
        <metrics statements="24" coveredstatements="24" conditionals="6" coveredconditionals="6" methods="16" coveredmethods="16"/>
        <line num="27" count="1" type="stmt"/>
        <line num="29" count="1" type="stmt"/>
        <line num="38" count="4" type="cond" truecount="2" falsecount="0"/>
        <line num="39" count="3" type="stmt"/>
        <line num="46" count="3" type="stmt"/>
        <line num="47" count="3" type="stmt"/>
        <line num="52" count="51" type="stmt"/>
        <line num="57" count="33" type="stmt"/>
        <line num="62" count="40" type="stmt"/>
        <line num="67" count="2" type="stmt"/>
        <line num="69" count="2" type="stmt"/>
        <line num="70" count="2" type="stmt"/>
        <line num="71" count="2" type="stmt"/>
        <line num="76" count="3" type="stmt"/>
        <line num="77" count="3" type="stmt"/>
        <line num="79" count="3" type="stmt"/>
        <line num="80" count="3" type="stmt"/>
        <line num="85" count="5" type="stmt"/>
        <line num="86" count="5" type="cond" truecount="2" falsecount="0"/>
        <line num="91" count="16" type="cond" truecount="2" falsecount="0"/>
        <line num="96" count="12" type="stmt"/>
        <line num="97" count="12" type="stmt"/>
        <line num="102" count="1" type="stmt"/>
        <line num="103" count="172" type="stmt"/>
      </file>
    </package>
  </project>
</coverage>
