{"/Users/kaya/Coding/spidrid/src/app/index.tsx": {"path":"/Users/kaya/Coding/spidrid/src/app/index.tsx","statementMap":{"0":{"start":{"line":5,"column":48},"end":{"line":5,"column":68}},"1":{"start":{"line":7,"column":2},"end":{"line":9,"column":3}},"2":{"start":{"line":8,"column":4},"end":{"line":8,"column":51}},"3":{"start":{"line":11,"column":2},"end":{"line":13,"column":3}},"4":{"start":{"line":12,"column":4},"end":{"line":12,"column":44}},"5":{"start":{"line":15,"column":2},"end":{"line":15,"column":43}}},"fnMap":{"0":{"name":"Index","decl":{"start":{"line":4,"column":24},"end":{"line":4,"column":29}},"loc":{"start":{"line":4,"column":32},"end":{"line":16,"column":1}},"line":4}},"branchMap":{"0":{"loc":{"start":{"line":7,"column":2},"end":{"line":9,"column":3}},"type":"if","locations":[{"start":{"line":7,"column":2},"end":{"line":9,"column":3}},{"start":{},"end":{}}],"line":7},"1":{"loc":{"start":{"line":11,"column":2},"end":{"line":13,"column":3}},"type":"if","locations":[{"start":{"line":11,"column":2},"end":{"line":13,"column":3}},{"start":{},"end":{}}],"line":11}},"s":{"0":3,"1":3,"2":1,"3":2,"4":1,"5":1},"f":{"0":3},"b":{"0":[1,2],"1":[1,1]},"_coverageSchema":"1a1c01bbd47fc00a2c39e90264f33305004495a9","hash":"0ccb894dde0de5ffbb6f0dd6a0e929833aa0b32b"}
,"/Users/kaya/Coding/spidrid/src/app/(tabs)/learn.tsx": {"path":"/Users/kaya/Coding/spidrid/src/app/(tabs)/learn.tsx","statementMap":{"0":{"start":{"line":11,"column":20},"end":{"line":11,"column":30}},"1":{"start":{"line":12,"column":73},"end":{"line":12,"column":91}},"2":{"start":{"line":13,"column":32},"end":{"line":13,"column":52}},"3":{"start":{"line":15,"column":25},"end":{"line":15,"column":52}},"4":{"start":{"line":16,"column":21},"end":{"line":16,"column":36}},"5":{"start":{"line":19,"column":26},"end":{"line":19,"column":76}},"6":{"start":{"line":20,"column":25},"end":{"line":22,"column":12}},"7":{"start":{"line":21,"column":27},"end":{"line":21,"column":57}},"8":{"start":{"line":24,"column":2},"end":{"line":94,"column":4}},"9":{"start":{"line":46,"column":25},"end":{"line":46,"column":52}},"10":{"start":{"line":58,"column":29},"end":{"line":58,"column":55}},"11":{"start":{"line":59,"column":36},"end":{"line":61,"column":13}},"12":{"start":{"line":63,"column":12},"end":{"line":90,"column":14}},"13":{"start":{"line":67,"column":31},"end":{"line":67,"column":64}},"14":{"start":{"line":97,"column":15},"end":{"line":197,"column":2}}},"fnMap":{"0":{"name":"LearnScreen","decl":{"start":{"line":10,"column":24},"end":{"line":10,"column":35}},"loc":{"start":{"line":10,"column":38},"end":{"line":95,"column":1}},"line":10},"1":{"name":"(anonymous_1)","decl":{"start":{"line":21,"column":20},"end":{"line":21,"column":21}},"loc":{"start":{"line":21,"column":27},"end":{"line":21,"column":57}},"line":21},"2":{"name":"(anonymous_2)","decl":{"start":{"line":46,"column":19},"end":{"line":46,"column":20}},"loc":{"start":{"line":46,"column":25},"end":{"line":46,"column":52}},"line":46},"3":{"name":"(anonymous_3)","decl":{"start":{"line":57,"column":30},"end":{"line":57,"column":31}},"loc":{"start":{"line":57,"column":41},"end":{"line":91,"column":11}},"line":57},"4":{"name":"(anonymous_4)","decl":{"start":{"line":67,"column":25},"end":{"line":67,"column":26}},"loc":{"start":{"line":67,"column":31},"end":{"line":67,"column":64}},"line":67}},"branchMap":{"0":{"loc":{"start":{"line":20,"column":25},"end":{"line":22,"column":12}},"type":"cond-expr","locations":[{"start":{"line":21,"column":6},"end":{"line":21,"column":58}},{"start":{"line":22,"column":6},"end":{"line":22,"column":12}}],"line":20},"1":{"loc":{"start":{"line":37,"column":15},"end":{"line":37,"column":32}},"type":"binary-expr","locations":[{"start":{"line":37,"column":15},"end":{"line":37,"column":25}},{"start":{"line":37,"column":29},"end":{"line":37,"column":32}}],"line":37}},"s":{"0":11,"1":11,"2":11,"3":11,"4":11,"5":11,"6":11,"7":0,"8":11,"9":1,"10":165,"11":165,"12":165,"13":1,"14":1},"f":{"0":11,"1":0,"2":1,"3":165,"4":1},"b":{"0":[0,11],"1":[11,2]},"_coverageSchema":"1a1c01bbd47fc00a2c39e90264f33305004495a9","hash":"41c0ebd1e6a0de250382791ceb2bf1590b46e0a4"}
,"/Users/kaya/Coding/spidrid/src/app/(tabs)/profile.tsx": {"path":"/Users/kaya/Coding/spidrid/src/app/(tabs)/profile.tsx","statementMap":{"0":{"start":{"line":22,"column":30},"end":{"line":22,"column":40}},"1":{"start":{"line":23,"column":55},"end":{"line":23,"column":73}},"2":{"start":{"line":24,"column":30},"end":{"line":24,"column":47}},"3":{"start":{"line":25,"column":60},"end":{"line":25,"column":81}},"4":{"start":{"line":26,"column":73},"end":{"line":26,"column":91}},"5":{"start":{"line":27,"column":86},"end":{"line":27,"column":108}},"6":{"start":{"line":28,"column":32},"end":{"line":28,"column":52}},"7":{"start":{"line":30,"column":34},"end":{"line":30,"column":91}},"8":{"start":{"line":30,"column":58},"end":{"line":30,"column":90}},"9":{"start":{"line":32,"column":40},"end":{"line":32,"column":55}},"10":{"start":{"line":33,"column":54},"end":{"line":33,"column":69}},"11":{"start":{"line":34,"column":56},"end":{"line":34,"column":90}},"12":{"start":{"line":36,"column":28},"end":{"line":36,"column":55}},"13":{"start":{"line":37,"column":27},"end":{"line":37,"column":82}},"14":{"start":{"line":37,"column":55},"end":{"line":37,"column":74}},"15":{"start":{"line":38,"column":25},"end":{"line":38,"column":61}},"16":{"start":{"line":39,"column":21},"end":{"line":39,"column":36}},"17":{"start":{"line":42,"column":2},"end":{"line":42,"column":40}},"18":{"start":{"line":44,"column":29},"end":{"line":44,"column":49}},"19":{"start":{"line":47,"column":22},"end":{"line":51,"column":3}},"20":{"start":{"line":48,"column":16},"end":{"line":48,"column":66}},"21":{"start":{"line":48,"column":50},"end":{"line":48,"column":65}},"22":{"start":{"line":49,"column":4},"end":{"line":49,"column":25}},"23":{"start":{"line":49,"column":15},"end":{"line":49,"column":24}},"24":{"start":{"line":50,"column":4},"end":{"line":50,"column":44}},"25":{"start":{"line":53,"column":26},"end":{"line":53,"column":101}},"26":{"start":{"line":53,"column":54},"end":{"line":53,"column":80}},"27":{"start":{"line":55,"column":2},"end":{"line":299,"column":4}},"28":{"start":{"line":59,"column":23},"end":{"line":59,"column":44}},"29":{"start":{"line":65,"column":23},"end":{"line":65,"column":51}},"30":{"start":{"line":122,"column":29},"end":{"line":122,"column":71}},"31":{"start":{"line":133,"column":18},"end":{"line":153,"column":37}},"32":{"start":{"line":140,"column":22},"end":{"line":140,"column":52}},"33":{"start":{"line":141,"column":22},"end":{"line":141,"column":51}},"34":{"start":{"line":162,"column":45},"end":{"line":162,"column":78}},"35":{"start":{"line":170,"column":18},"end":{"line":178,"column":25}},"36":{"start":{"line":199,"column":29},"end":{"line":199,"column":78}},"37":{"start":{"line":199,"column":58},"end":{"line":199,"column":77}},"38":{"start":{"line":200,"column":31},"end":{"line":200,"column":52}},"39":{"start":{"line":202,"column":14},"end":{"line":211,"column":15}},"40":{"start":{"line":203,"column":16},"end":{"line":210,"column":18}},"41":{"start":{"line":208,"column":35},"end":{"line":208,"column":65}},"42":{"start":{"line":212,"column":16},"end":{"line":212,"column":100}},"43":{"start":{"line":241,"column":31},"end":{"line":241,"column":51}},"44":{"start":{"line":248,"column":31},"end":{"line":248,"column":48}},"45":{"start":{"line":259,"column":14},"end":{"line":270,"column":33}},"46":{"start":{"line":266,"column":31},"end":{"line":266,"column":45}},"47":{"start":{"line":302,"column":15},"end":{"line":512,"column":2}}},"fnMap":{"0":{"name":"ProfileScreen","decl":{"start":{"line":21,"column":24},"end":{"line":21,"column":37}},"loc":{"start":{"line":21,"column":40},"end":{"line":300,"column":1}},"line":21},"1":{"name":"(anonymous_1)","decl":{"start":{"line":30,"column":51},"end":{"line":30,"column":52}},"loc":{"start":{"line":30,"column":58},"end":{"line":30,"column":90}},"line":30},"2":{"name":"(anonymous_2)","decl":{"start":{"line":37,"column":50},"end":{"line":37,"column":51}},"loc":{"start":{"line":37,"column":55},"end":{"line":37,"column":74}},"line":37},"3":{"name":"(anonymous_3)","decl":{"start":{"line":47,"column":22},"end":{"line":47,"column":23}},"loc":{"start":{"line":47,"column":61},"end":{"line":51,"column":3}},"line":47},"4":{"name":"(anonymous_4)","decl":{"start":{"line":48,"column":45},"end":{"line":48,"column":46}},"loc":{"start":{"line":48,"column":50},"end":{"line":48,"column":65}},"line":48},"5":{"name":"(anonymous_5)","decl":{"start":{"line":53,"column":49},"end":{"line":53,"column":50}},"loc":{"start":{"line":53,"column":54},"end":{"line":53,"column":80}},"line":53},"6":{"name":"(anonymous_6)","decl":{"start":{"line":59,"column":17},"end":{"line":59,"column":18}},"loc":{"start":{"line":59,"column":23},"end":{"line":59,"column":44}},"line":59},"7":{"name":"(anonymous_7)","decl":{"start":{"line":65,"column":17},"end":{"line":65,"column":18}},"loc":{"start":{"line":65,"column":23},"end":{"line":65,"column":51}},"line":65},"8":{"name":"(anonymous_8)","decl":{"start":{"line":122,"column":23},"end":{"line":122,"column":24}},"loc":{"start":{"line":122,"column":29},"end":{"line":122,"column":71}},"line":122},"9":{"name":"(anonymous_9)","decl":{"start":{"line":132,"column":39},"end":{"line":132,"column":40}},"loc":{"start":{"line":133,"column":18},"end":{"line":153,"column":37}},"line":133},"10":{"name":"(anonymous_10)","decl":{"start":{"line":139,"column":29},"end":{"line":139,"column":30}},"loc":{"start":{"line":139,"column":35},"end":{"line":142,"column":21}},"line":139},"11":{"name":"(anonymous_11)","decl":{"start":{"line":162,"column":39},"end":{"line":162,"column":40}},"loc":{"start":{"line":162,"column":45},"end":{"line":162,"column":78}},"line":162},"12":{"name":"(anonymous_12)","decl":{"start":{"line":169,"column":45},"end":{"line":169,"column":46}},"loc":{"start":{"line":170,"column":18},"end":{"line":178,"column":25}},"line":170},"13":{"name":"(anonymous_13)","decl":{"start":{"line":198,"column":41},"end":{"line":198,"column":42}},"loc":{"start":{"line":198,"column":50},"end":{"line":214,"column":13}},"line":198},"14":{"name":"(anonymous_14)","decl":{"start":{"line":199,"column":53},"end":{"line":199,"column":54}},"loc":{"start":{"line":199,"column":58},"end":{"line":199,"column":77}},"line":199},"15":{"name":"(anonymous_15)","decl":{"start":{"line":208,"column":29},"end":{"line":208,"column":30}},"loc":{"start":{"line":208,"column":35},"end":{"line":208,"column":65}},"line":208},"16":{"name":"(anonymous_16)","decl":{"start":{"line":241,"column":25},"end":{"line":241,"column":26}},"loc":{"start":{"line":241,"column":31},"end":{"line":241,"column":51}},"line":241},"17":{"name":"(anonymous_17)","decl":{"start":{"line":248,"column":25},"end":{"line":248,"column":26}},"loc":{"start":{"line":248,"column":31},"end":{"line":248,"column":48}},"line":248},"18":{"name":"(anonymous_18)","decl":{"start":{"line":258,"column":27},"end":{"line":258,"column":28}},"loc":{"start":{"line":259,"column":14},"end":{"line":270,"column":33}},"line":259},"19":{"name":"(anonymous_19)","decl":{"start":{"line":266,"column":25},"end":{"line":266,"column":26}},"loc":{"start":{"line":266,"column":31},"end":{"line":266,"column":45}},"line":266}},"branchMap":{"0":{"loc":{"start":{"line":49,"column":4},"end":{"line":49,"column":25}},"type":"if","locations":[{"start":{"line":49,"column":4},"end":{"line":49,"column":25}},{"start":{},"end":{}}],"line":49},"1":{"loc":{"start":{"line":53,"column":26},"end":{"line":53,"column":101}},"type":"binary-expr","locations":[{"start":{"line":53,"column":26},"end":{"line":53,"column":88}},{"start":{"line":53,"column":92},"end":{"line":53,"column":101}}],"line":53},"2":{"loc":{"start":{"line":79,"column":17},"end":{"line":79,"column":34}},"type":"binary-expr","locations":[{"start":{"line":79,"column":17},"end":{"line":79,"column":27}},{"start":{"line":79,"column":31},"end":{"line":79,"column":34}}],"line":79},"3":{"loc":{"start":{"line":126,"column":17},"end":{"line":126,"column":47}},"type":"cond-expr","locations":[{"start":{"line":126,"column":38},"end":{"line":126,"column":41}},{"start":{"line":126,"column":44},"end":{"line":126,"column":47}}],"line":126},"4":{"loc":{"start":{"line":130,"column":13},"end":{"line":156,"column":13}},"type":"binary-expr","locations":[{"start":{"line":130,"column":13},"end":{"line":130,"column":31}},{"start":{"line":131,"column":14},"end":{"line":155,"column":21}}],"line":130},"5":{"loc":{"start":{"line":137,"column":22},"end":{"line":137,"column":102}},"type":"binary-expr","locations":[{"start":{"line":137,"column":22},"end":{"line":137,"column":51}},{"start":{"line":137,"column":55},"end":{"line":137,"column":102}}],"line":137},"6":{"loc":{"start":{"line":148,"column":24},"end":{"line":148,"column":104}},"type":"binary-expr","locations":[{"start":{"line":148,"column":24},"end":{"line":148,"column":53}},{"start":{"line":148,"column":57},"end":{"line":148,"column":104}}],"line":148},"7":{"loc":{"start":{"line":167,"column":13},"end":{"line":185,"column":13}},"type":"cond-expr","locations":[{"start":{"line":168,"column":14},"end":{"line":180,"column":21}},{"start":{"line":182,"column":14},"end":{"line":184,"column":21}}],"line":167},"8":{"loc":{"start":{"line":191,"column":11},"end":{"line":195,"column":11}},"type":"binary-expr","locations":[{"start":{"line":191,"column":11},"end":{"line":191,"column":42}},{"start":{"line":192,"column":12},"end":{"line":194,"column":19}}],"line":191},"9":{"loc":{"start":{"line":202,"column":14},"end":{"line":211,"column":15}},"type":"if","locations":[{"start":{"line":202,"column":14},"end":{"line":211,"column":15}},{"start":{},"end":{}}],"line":202},"10":{"loc":{"start":{"line":222,"column":63},"end":{"line":222,"column":109}},"type":"cond-expr","locations":[{"start":{"line":222,"column":75},"end":{"line":222,"column":92}},{"start":{"line":222,"column":95},"end":{"line":222,"column":109}}],"line":222},"11":{"loc":{"start":{"line":223,"column":17},"end":{"line":223,"column":47}},"type":"cond-expr","locations":[{"start":{"line":223,"column":29},"end":{"line":223,"column":38}},{"start":{"line":223,"column":41},"end":{"line":223,"column":47}}],"line":223},"12":{"loc":{"start":{"line":230,"column":13},"end":{"line":237,"column":13}},"type":"binary-expr","locations":[{"start":{"line":230,"column":13},"end":{"line":230,"column":23}},{"start":{"line":231,"column":14},"end":{"line":236,"column":21}}],"line":230},"13":{"loc":{"start":{"line":238,"column":13},"end":{"line":252,"column":13}},"type":"cond-expr","locations":[{"start":{"line":239,"column":14},"end":{"line":244,"column":33}},{"start":{"line":246,"column":14},"end":{"line":251,"column":33}}],"line":238},"14":{"loc":{"start":{"line":264,"column":18},"end":{"line":264,"column":89}},"type":"binary-expr","locations":[{"start":{"line":264,"column":18},"end":{"line":264,"column":35}},{"start":{"line":264,"column":39},"end":{"line":264,"column":89}}],"line":264},"15":{"loc":{"start":{"line":275,"column":11},"end":{"line":285,"column":11}},"type":"binary-expr","locations":[{"start":{"line":275,"column":11},"end":{"line":275,"column":21}},{"start":{"line":275,"column":25},"end":{"line":275,"column":47}},{"start":{"line":276,"column":12},"end":{"line":284,"column":15}}],"line":275}},"s":{"0":15,"1":15,"2":15,"3":15,"4":15,"5":15,"6":15,"7":15,"8":225,"9":15,"10":15,"11":15,"12":15,"13":15,"14":30,"15":15,"16":15,"17":15,"18":15,"19":15,"20":30,"21":45,"22":30,"23":0,"24":30,"25":15,"26":15,"27":15,"28":0,"29":0,"30":0,"31":0,"32":0,"33":0,"34":0,"35":15,"36":30,"37":30,"38":30,"39":30,"40":15,"41":0,"42":15,"43":0,"44":0,"45":60,"46":0,"47":1},"f":{"0":15,"1":225,"2":30,"3":30,"4":45,"5":15,"6":0,"7":0,"8":0,"9":0,"10":0,"11":0,"12":15,"13":30,"14":30,"15":0,"16":0,"17":0,"18":60,"19":0},"b":{"0":[0,30],"1":[15,0],"2":[15,0],"3":[0,15],"4":[15,0],"5":[0,0],"6":[0,0],"7":[15,0],"8":[15,0],"9":[15,15],"10":[0,15],"11":[0,15],"12":[15,15],"13":[15,0],"14":[60,0],"15":[15,15,15]},"_coverageSchema":"1a1c01bbd47fc00a2c39e90264f33305004495a9","hash":"cb11aeae6234dd4897ebb5c0ecf366841c6e9dbf"}
,"/Users/kaya/Coding/spidrid/src/app/(tabs)/read.tsx": {"path":"/Users/kaya/Coding/spidrid/src/app/(tabs)/read.tsx","statementMap":{"0":{"start":{"line":23,"column":20},"end":{"line":23,"column":30}},"1":{"start":{"line":24,"column":57},"end":{"line":24,"column":74}},"2":{"start":{"line":25,"column":65},"end":{"line":25,"column":87}},"3":{"start":{"line":27,"column":38},"end":{"line":27,"column":64}},"4":{"start":{"line":28,"column":34},"end":{"line":28,"column":46}},"5":{"start":{"line":29,"column":36},"end":{"line":29,"column":48}},"6":{"start":{"line":30,"column":38},"end":{"line":30,"column":50}},"7":{"start":{"line":31,"column":36},"end":{"line":31,"column":51}},"8":{"start":{"line":32,"column":40},"end":{"line":32,"column":55}},"9":{"start":{"line":34,"column":28},"end":{"line":47,"column":3}},"10":{"start":{"line":35,"column":20},"end":{"line":35,"column":58}},"11":{"start":{"line":35,"column":46},"end":{"line":35,"column":57}},"12":{"start":{"line":36,"column":4},"end":{"line":36,"column":27}},"13":{"start":{"line":36,"column":19},"end":{"line":36,"column":26}},"14":{"start":{"line":39,"column":4},"end":{"line":44,"column":5}},"15":{"start":{"line":40,"column":6},"end":{"line":43,"column":7}},"16":{"start":{"line":41,"column":8},"end":{"line":41,"column":29}},"17":{"start":{"line":42,"column":8},"end":{"line":42,"column":15}},"18":{"start":{"line":46,"column":4},"end":{"line":46,"column":34}},"19":{"start":{"line":49,"column":26},"end":{"line":71,"column":3}},"20":{"start":{"line":50,"column":4},"end":{"line":50,"column":35}},"21":{"start":{"line":50,"column":27},"end":{"line":50,"column":34}},"22":{"start":{"line":53,"column":4},"end":{"line":56,"column":5}},"23":{"start":{"line":54,"column":6},"end":{"line":54,"column":27}},"24":{"start":{"line":55,"column":6},"end":{"line":55,"column":13}},"25":{"start":{"line":58,"column":4},"end":{"line":58,"column":23}},"26":{"start":{"line":59,"column":19},"end":{"line":59,"column":56}},"27":{"start":{"line":60,"column":4},"end":{"line":60,"column":24}},"28":{"start":{"line":62,"column":4},"end":{"line":70,"column":5}},"29":{"start":{"line":63,"column":20},"end":{"line":63,"column":46}},"30":{"start":{"line":64,"column":6},"end":{"line":64,"column":48}},"31":{"start":{"line":64,"column":23},"end":{"line":64,"column":47}},"32":{"start":{"line":65,"column":6},"end":{"line":65,"column":26}},"33":{"start":{"line":66,"column":6},"end":{"line":66,"column":22}},"34":{"start":{"line":67,"column":6},"end":{"line":67,"column":42}},"35":{"start":{"line":69,"column":6},"end":{"line":69,"column":89}},"36":{"start":{"line":73,"column":27},"end":{"line":94,"column":3}},"37":{"start":{"line":74,"column":4},"end":{"line":74,"column":36}},"38":{"start":{"line":74,"column":28},"end":{"line":74,"column":35}},"39":{"start":{"line":77,"column":4},"end":{"line":80,"column":5}},"40":{"start":{"line":78,"column":6},"end":{"line":78,"column":27}},"41":{"start":{"line":79,"column":6},"end":{"line":79,"column":13}},"42":{"start":{"line":82,"column":19},"end":{"line":82,"column":83}},"43":{"start":{"line":84,"column":4},"end":{"line":93,"column":5}},"44":{"start":{"line":85,"column":20},"end":{"line":85,"column":46}},"45":{"start":{"line":86,"column":6},"end":{"line":86,"column":48}},"46":{"start":{"line":86,"column":23},"end":{"line":86,"column":47}},"47":{"start":{"line":87,"column":6},"end":{"line":87,"column":26}},"48":{"start":{"line":88,"column":6},"end":{"line":88,"column":23}},"49":{"start":{"line":89,"column":6},"end":{"line":89,"column":24}},"50":{"start":{"line":90,"column":6},"end":{"line":90,"column":42}},"51":{"start":{"line":92,"column":6},"end":{"line":92,"column":77}},"52":{"start":{"line":96,"column":30},"end":{"line":105,"column":3}},"53":{"start":{"line":97,"column":4},"end":{"line":104,"column":6}},"54":{"start":{"line":102,"column":63},"end":{"line":102,"column":80}},"55":{"start":{"line":107,"column":21},"end":{"line":110,"column":3}},"56":{"start":{"line":108,"column":17},"end":{"line":108,"column":36}},"57":{"start":{"line":109,"column":4},"end":{"line":109,"column":82}},"58":{"start":{"line":112,"column":2},"end":{"line":298,"column":4}},"59":{"start":{"line":116,"column":23},"end":{"line":116,"column":44}},"60":{"start":{"line":125,"column":30},"end":{"line":125,"column":49}},"61":{"start":{"line":133,"column":47},"end":{"line":133,"column":66}},"62":{"start":{"line":218,"column":29},"end":{"line":218,"column":49}},"63":{"start":{"line":229,"column":29},"end":{"line":229,"column":50}},"64":{"start":{"line":247,"column":18},"end":{"line":280,"column":37}},"65":{"start":{"line":250,"column":35},"end":{"line":250,"column":61}},"66":{"start":{"line":251,"column":39},"end":{"line":251,"column":67}},"67":{"start":{"line":301,"column":15},"end":{"line":453,"column":2}}},"fnMap":{"0":{"name":"ReadScreen","decl":{"start":{"line":22,"column":24},"end":{"line":22,"column":34}},"loc":{"start":{"line":22,"column":37},"end":{"line":299,"column":1}},"line":22},"1":{"name":"(anonymous_1)","decl":{"start":{"line":34,"column":28},"end":{"line":34,"column":29}},"loc":{"start":{"line":34,"column":44},"end":{"line":47,"column":3}},"line":34},"2":{"name":"(anonymous_2)","decl":{"start":{"line":35,"column":41},"end":{"line":35,"column":42}},"loc":{"start":{"line":35,"column":46},"end":{"line":35,"column":57}},"line":35},"3":{"name":"(anonymous_3)","decl":{"start":{"line":49,"column":26},"end":{"line":49,"column":27}},"loc":{"start":{"line":49,"column":38},"end":{"line":71,"column":3}},"line":49},"4":{"name":"(anonymous_4)","decl":{"start":{"line":73,"column":27},"end":{"line":73,"column":28}},"loc":{"start":{"line":73,"column":33},"end":{"line":94,"column":3}},"line":73},"5":{"name":"(anonymous_5)","decl":{"start":{"line":96,"column":30},"end":{"line":96,"column":31}},"loc":{"start":{"line":96,"column":46},"end":{"line":105,"column":3}},"line":96},"6":{"name":"(anonymous_6)","decl":{"start":{"line":102,"column":57},"end":{"line":102,"column":58}},"loc":{"start":{"line":102,"column":63},"end":{"line":102,"column":80}},"line":102},"7":{"name":"(anonymous_7)","decl":{"start":{"line":107,"column":21},"end":{"line":107,"column":22}},"loc":{"start":{"line":107,"column":44},"end":{"line":110,"column":3}},"line":107},"8":{"name":"(anonymous_8)","decl":{"start":{"line":116,"column":17},"end":{"line":116,"column":18}},"loc":{"start":{"line":116,"column":23},"end":{"line":116,"column":44}},"line":116},"9":{"name":"(anonymous_9)","decl":{"start":{"line":125,"column":24},"end":{"line":125,"column":25}},"loc":{"start":{"line":125,"column":30},"end":{"line":125,"column":49}},"line":125},"10":{"name":"(anonymous_10)","decl":{"start":{"line":133,"column":41},"end":{"line":133,"column":42}},"loc":{"start":{"line":133,"column":47},"end":{"line":133,"column":66}},"line":133},"11":{"name":"(anonymous_11)","decl":{"start":{"line":218,"column":23},"end":{"line":218,"column":24}},"loc":{"start":{"line":218,"column":29},"end":{"line":218,"column":49}},"line":218},"12":{"name":"(anonymous_12)","decl":{"start":{"line":229,"column":23},"end":{"line":229,"column":24}},"loc":{"start":{"line":229,"column":29},"end":{"line":229,"column":50}},"line":229},"13":{"name":"(anonymous_13)","decl":{"start":{"line":246,"column":37},"end":{"line":246,"column":38}},"loc":{"start":{"line":247,"column":18},"end":{"line":280,"column":37}},"line":247},"14":{"name":"(anonymous_14)","decl":{"start":{"line":250,"column":29},"end":{"line":250,"column":30}},"loc":{"start":{"line":250,"column":35},"end":{"line":250,"column":61}},"line":250},"15":{"name":"(anonymous_15)","decl":{"start":{"line":251,"column":33},"end":{"line":251,"column":34}},"loc":{"start":{"line":251,"column":39},"end":{"line":251,"column":67}},"line":251}},"branchMap":{"0":{"loc":{"start":{"line":36,"column":4},"end":{"line":36,"column":27}},"type":"if","locations":[{"start":{"line":36,"column":4},"end":{"line":36,"column":27}},{"start":{},"end":{}}],"line":36},"1":{"loc":{"start":{"line":39,"column":4},"end":{"line":44,"column":5}},"type":"if","locations":[{"start":{"line":39,"column":4},"end":{"line":44,"column":5}},{"start":{},"end":{}}],"line":39},"2":{"loc":{"start":{"line":39,"column":8},"end":{"line":39,"column":46}},"type":"binary-expr","locations":[{"start":{"line":39,"column":8},"end":{"line":39,"column":32}},{"start":{"line":39,"column":36},"end":{"line":39,"column":46}}],"line":39},"3":{"loc":{"start":{"line":40,"column":6},"end":{"line":43,"column":7}},"type":"if","locations":[{"start":{"line":40,"column":6},"end":{"line":43,"column":7}},{"start":{},"end":{}}],"line":40},"4":{"loc":{"start":{"line":50,"column":4},"end":{"line":50,"column":35}},"type":"if","locations":[{"start":{"line":50,"column":4},"end":{"line":50,"column":35}},{"start":{},"end":{}}],"line":50},"5":{"loc":{"start":{"line":53,"column":4},"end":{"line":56,"column":5}},"type":"if","locations":[{"start":{"line":53,"column":4},"end":{"line":56,"column":5}},{"start":{},"end":{}}],"line":53},"6":{"loc":{"start":{"line":53,"column":8},"end":{"line":53,"column":41}},"type":"binary-expr","locations":[{"start":{"line":53,"column":8},"end":{"line":53,"column":18}},{"start":{"line":53,"column":22},"end":{"line":53,"column":41}}],"line":53},"7":{"loc":{"start":{"line":62,"column":4},"end":{"line":70,"column":5}},"type":"if","locations":[{"start":{"line":62,"column":4},"end":{"line":70,"column":5}},{"start":{"line":68,"column":11},"end":{"line":70,"column":5}}],"line":62},"8":{"loc":{"start":{"line":62,"column":8},"end":{"line":62,"column":40}},"type":"binary-expr","locations":[{"start":{"line":62,"column":8},"end":{"line":62,"column":22}},{"start":{"line":62,"column":26},"end":{"line":62,"column":40}}],"line":62},"9":{"loc":{"start":{"line":64,"column":6},"end":{"line":64,"column":48}},"type":"if","locations":[{"start":{"line":64,"column":6},"end":{"line":64,"column":48}},{"start":{},"end":{}}],"line":64},"10":{"loc":{"start":{"line":69,"column":35},"end":{"line":69,"column":87}},"type":"binary-expr","locations":[{"start":{"line":69,"column":35},"end":{"line":69,"column":47}},{"start":{"line":69,"column":51},"end":{"line":69,"column":87}}],"line":69},"11":{"loc":{"start":{"line":74,"column":4},"end":{"line":74,"column":36}},"type":"if","locations":[{"start":{"line":74,"column":4},"end":{"line":74,"column":36}},{"start":{},"end":{}}],"line":74},"12":{"loc":{"start":{"line":77,"column":4},"end":{"line":80,"column":5}},"type":"if","locations":[{"start":{"line":77,"column":4},"end":{"line":80,"column":5}},{"start":{},"end":{}}],"line":77},"13":{"loc":{"start":{"line":77,"column":8},"end":{"line":77,"column":41}},"type":"binary-expr","locations":[{"start":{"line":77,"column":8},"end":{"line":77,"column":18}},{"start":{"line":77,"column":22},"end":{"line":77,"column":41}}],"line":77},"14":{"loc":{"start":{"line":82,"column":52},"end":{"line":82,"column":82}},"type":"binary-expr","locations":[{"start":{"line":82,"column":52},"end":{"line":82,"column":69}},{"start":{"line":82,"column":73},"end":{"line":82,"column":82}}],"line":82},"15":{"loc":{"start":{"line":84,"column":4},"end":{"line":93,"column":5}},"type":"if","locations":[{"start":{"line":84,"column":4},"end":{"line":93,"column":5}},{"start":{"line":91,"column":11},"end":{"line":93,"column":5}}],"line":84},"16":{"loc":{"start":{"line":84,"column":8},"end":{"line":84,"column":40}},"type":"binary-expr","locations":[{"start":{"line":84,"column":8},"end":{"line":84,"column":22}},{"start":{"line":84,"column":26},"end":{"line":84,"column":40}}],"line":84},"17":{"loc":{"start":{"line":86,"column":6},"end":{"line":86,"column":48}},"type":"if","locations":[{"start":{"line":86,"column":6},"end":{"line":86,"column":48}},{"start":{},"end":{}}],"line":86},"18":{"loc":{"start":{"line":92,"column":35},"end":{"line":92,"column":75}},"type":"binary-expr","locations":[{"start":{"line":92,"column":35},"end":{"line":92,"column":47}},{"start":{"line":92,"column":51},"end":{"line":92,"column":75}}],"line":92},"19":{"loc":{"start":{"line":131,"column":17},"end":{"line":131,"column":72}},"type":"cond-expr","locations":[{"start":{"line":131,"column":40},"end":{"line":131,"column":57}},{"start":{"line":131,"column":60},"end":{"line":131,"column":72}}],"line":131},"20":{"loc":{"start":{"line":138,"column":13},"end":{"line":169,"column":13}},"type":"binary-expr","locations":[{"start":{"line":138,"column":13},"end":{"line":138,"column":33}},{"start":{"line":139,"column":14},"end":{"line":168,"column":17}}],"line":138},"21":{"loc":{"start":{"line":157,"column":20},"end":{"line":157,"column":54}},"type":"binary-expr","locations":[{"start":{"line":157,"column":20},"end":{"line":157,"column":29}},{"start":{"line":157,"column":33},"end":{"line":157,"column":54}}],"line":157},"22":{"loc":{"start":{"line":160,"column":28},"end":{"line":160,"column":57}},"type":"binary-expr","locations":[{"start":{"line":160,"column":28},"end":{"line":160,"column":37}},{"start":{"line":160,"column":41},"end":{"line":160,"column":57}}],"line":160},"23":{"loc":{"start":{"line":162,"column":19},"end":{"line":166,"column":19}},"type":"cond-expr","locations":[{"start":{"line":163,"column":20},"end":{"line":163,"column":57}},{"start":{"line":165,"column":20},"end":{"line":165,"column":71}}],"line":162},"24":{"loc":{"start":{"line":171,"column":13},"end":{"line":206,"column":13}},"type":"binary-expr","locations":[{"start":{"line":171,"column":13},"end":{"line":171,"column":34}},{"start":{"line":172,"column":14},"end":{"line":205,"column":17}}],"line":171},"25":{"loc":{"start":{"line":240,"column":11},"end":{"line":287,"column":11}},"type":"binary-expr","locations":[{"start":{"line":240,"column":11},"end":{"line":240,"column":37}},{"start":{"line":241,"column":12},"end":{"line":286,"column":15}}],"line":240},"26":{"loc":{"start":{"line":262,"column":27},"end":{"line":262,"column":62}},"type":"cond-expr","locations":[{"start":{"line":262,"column":51},"end":{"line":262,"column":55}},{"start":{"line":262,"column":58},"end":{"line":262,"column":62}}],"line":262},"27":{"loc":{"start":{"line":270,"column":23},"end":{"line":278,"column":23}},"type":"cond-expr","locations":[{"start":{"line":271,"column":24},"end":{"line":273,"column":31}},{"start":{"line":275,"column":24},"end":{"line":277,"column":31}}],"line":270},"28":{"loc":{"start":{"line":289,"column":11},"end":{"line":295,"column":9}},"type":"binary-expr","locations":[{"start":{"line":289,"column":11},"end":{"line":289,"column":39}},{"start":{"line":290,"column":12},"end":{"line":294,"column":19}}],"line":289}},"s":{"0":19,"1":19,"2":19,"3":19,"4":19,"5":19,"6":19,"7":19,"8":19,"9":19,"10":2,"11":2,"12":2,"13":0,"14":2,"15":2,"16":1,"17":1,"18":1,"19":19,"20":0,"21":0,"22":0,"23":0,"24":0,"25":0,"26":0,"27":0,"28":0,"29":0,"30":0,"31":0,"32":0,"33":0,"34":0,"35":0,"36":19,"37":0,"38":0,"39":0,"40":0,"41":0,"42":0,"43":0,"44":0,"45":0,"46":0,"47":0,"48":0,"49":0,"50":0,"51":0,"52":19,"53":0,"54":0,"55":19,"56":19,"57":19,"58":19,"59":0,"60":0,"61":0,"62":3,"63":3,"64":19,"65":2,"66":0,"67":1},"f":{"0":19,"1":2,"2":2,"3":0,"4":0,"5":0,"6":0,"7":19,"8":0,"9":0,"10":0,"11":3,"12":3,"13":19,"14":2,"15":0},"b":{"0":[0,2],"1":[2,0],"2":[2,2],"3":[1,1],"4":[0,0],"5":[0,0],"6":[0,0],"7":[0,0],"8":[0,0],"9":[0,0],"10":[0,0],"11":[0,0],"12":[0,0],"13":[0,0],"14":[0,0],"15":[0,0],"16":[0,0],"17":[0,0],"18":[0,0],"19":[3,16],"20":[19,3],"21":[3,0],"22":[3,3],"23":[0,3],"24":[19,3],"25":[19,19],"26":[19,0],"27":[0,19],"28":[19,0]},"_coverageSchema":"1a1c01bbd47fc00a2c39e90264f33305004495a9","hash":"4df78efac5755a41573286d365b6b7b48a83da2a"}
,"/Users/kaya/Coding/spidrid/src/app/article/[id].tsx": {"path":"/Users/kaya/Coding/spidrid/src/app/article/[id].tsx","statementMap":{"0":{"start":{"line":33,"column":21},"end":{"line":33,"column":41}},"1":{"start":{"line":36,"column":2},"end":{"line":38,"column":3}},"2":{"start":{"line":37,"column":4},"end":{"line":37,"column":82}},"3":{"start":{"line":40,"column":2},"end":{"line":40,"column":43}},"4":{"start":{"line":44,"column":17},"end":{"line":44,"column":55}},"5":{"start":{"line":45,"column":20},"end":{"line":45,"column":30}},"6":{"start":{"line":46,"column":72},"end":{"line":46,"column":90}},"7":{"start":{"line":47,"column":24},"end":{"line":47,"column":46}},"8":{"start":{"line":48,"column":40},"end":{"line":48,"column":61}},"9":{"start":{"line":50,"column":18},"end":{"line":50,"column":36}},"10":{"start":{"line":51,"column":16},"end":{"line":51,"column":62}},"11":{"start":{"line":53,"column":28},"end":{"line":53,"column":54}},"12":{"start":{"line":54,"column":58},"end":{"line":54,"column":69}},"13":{"start":{"line":55,"column":46},"end":{"line":55,"column":75}},"14":{"start":{"line":56,"column":46},"end":{"line":56,"column":57}},"15":{"start":{"line":57,"column":40},"end":{"line":57,"column":55}},"16":{"start":{"line":58,"column":38},"end":{"line":58,"column":58}},"17":{"start":{"line":59,"column":46},"end":{"line":59,"column":80}},"18":{"start":{"line":61,"column":16},"end":{"line":64,"column":3}},"19":{"start":{"line":62,"column":11},"end":{"line":62,"column":54}},"20":{"start":{"line":66,"column":17},"end":{"line":66,"column":72}},"21":{"start":{"line":69,"column":32},"end":{"line":72,"column":18}},"22":{"start":{"line":70,"column":4},"end":{"line":70,"column":30}},"23":{"start":{"line":71,"column":4},"end":{"line":71,"column":21}},"24":{"start":{"line":75,"column":2},"end":{"line":81,"column":86}},"25":{"start":{"line":76,"column":4},"end":{"line":80,"column":5}},"26":{"start":{"line":78,"column":20},"end":{"line":78,"column":58}},"27":{"start":{"line":79,"column":6},"end":{"line":79,"column":39}},"28":{"start":{"line":79,"column":19},"end":{"line":79,"column":38}},"29":{"start":{"line":83,"column":2},"end":{"line":89,"column":3}},"30":{"start":{"line":84,"column":4},"end":{"line":88,"column":6}},"31":{"start":{"line":91,"column":26},"end":{"line":91,"column":65}},"32":{"start":{"line":93,"column":29},"end":{"line":124,"column":3}},"33":{"start":{"line":94,"column":4},"end":{"line":94,"column":42}},"34":{"start":{"line":94,"column":34},"end":{"line":94,"column":41}},"35":{"start":{"line":95,"column":4},"end":{"line":95,"column":29}},"36":{"start":{"line":97,"column":29},"end":{"line":97,"column":61}},"37":{"start":{"line":98,"column":22},"end":{"line":98,"column":44}},"38":{"start":{"line":99,"column":4},"end":{"line":101,"column":5}},"39":{"start":{"line":100,"column":6},"end":{"line":100,"column":44}},"40":{"start":{"line":100,"column":34},"end":{"line":100,"column":42}},"41":{"start":{"line":104,"column":4},"end":{"line":123,"column":13}},"42":{"start":{"line":105,"column":6},"end":{"line":122,"column":7}},"43":{"start":{"line":106,"column":8},"end":{"line":106,"column":52}},"44":{"start":{"line":106,"column":42},"end":{"line":106,"column":50}},"45":{"start":{"line":107,"column":8},"end":{"line":107,"column":32}},"46":{"start":{"line":110,"column":29},"end":{"line":110,"column":65}},"47":{"start":{"line":111,"column":22},"end":{"line":111,"column":81}},"48":{"start":{"line":112,"column":8},"end":{"line":112,"column":55}},"49":{"start":{"line":115,"column":27},"end":{"line":115,"column":64}},"50":{"start":{"line":116,"column":25},"end":{"line":116,"column":62}},"51":{"start":{"line":117,"column":8},"end":{"line":119,"column":9}},"52":{"start":{"line":118,"column":10},"end":{"line":118,"column":41}},"53":{"start":{"line":121,"column":8},"end":{"line":121,"column":28}},"54":{"start":{"line":126,"column":26},"end":{"line":129,"column":3}},"55":{"start":{"line":127,"column":4},"end":{"line":127,"column":23}},"56":{"start":{"line":128,"column":4},"end":{"line":128,"column":23}},"57":{"start":{"line":131,"column":21},"end":{"line":131,"column":82}},"58":{"start":{"line":133,"column":2},"end":{"line":304,"column":4}},"59":{"start":{"line":137,"column":23},"end":{"line":137,"column":44}},"60":{"start":{"line":143,"column":23},"end":{"line":143,"column":46}},"61":{"start":{"line":148,"column":43},"end":{"line":148,"column":56}},"62":{"start":{"line":178,"column":35},"end":{"line":178,"column":55}},"63":{"start":{"line":205,"column":50},"end":{"line":205,"column":82}},"64":{"start":{"line":206,"column":16},"end":{"line":235,"column":17}},"65":{"start":{"line":207,"column":35},"end":{"line":207,"column":59}},"66":{"start":{"line":208,"column":34},"end":{"line":208,"column":56}},"67":{"start":{"line":209,"column":35},"end":{"line":209,"column":58}},"68":{"start":{"line":211,"column":38},"end":{"line":211,"column":63}},"69":{"start":{"line":212,"column":16},"end":{"line":215,"column":17}},"70":{"start":{"line":213,"column":18},"end":{"line":214,"column":71}},"71":{"start":{"line":213,"column":34},"end":{"line":213,"column":64}},"72":{"start":{"line":214,"column":23},"end":{"line":214,"column":71}},"73":{"start":{"line":214,"column":40},"end":{"line":214,"column":70}},"74":{"start":{"line":217,"column":16},"end":{"line":234,"column":18}},"75":{"start":{"line":221,"column":35},"end":{"line":221,"column":60}},"76":{"start":{"line":281,"column":29},"end":{"line":281,"column":42}},"77":{"start":{"line":289,"column":16},"end":{"line":289,"column":36}},"78":{"start":{"line":290,"column":16},"end":{"line":290,"column":43}},"79":{"start":{"line":291,"column":16},"end":{"line":291,"column":40}},"80":{"start":{"line":292,"column":16},"end":{"line":292,"column":37}},"81":{"start":{"line":293,"column":16},"end":{"line":293,"column":31}},"82":{"start":{"line":307,"column":15},"end":{"line":450,"column":2}}},"fnMap":{"0":{"name":"getQuestionData","decl":{"start":{"line":29,"column":9},"end":{"line":29,"column":24}},"loc":{"start":{"line":32,"column":2},"end":{"line":41,"column":1}},"line":32},"1":{"name":"ArticleReaderScreen","decl":{"start":{"line":43,"column":24},"end":{"line":43,"column":43}},"loc":{"start":{"line":43,"column":46},"end":{"line":305,"column":1}},"line":43},"2":{"name":"(anonymous_2)","decl":{"start":{"line":62,"column":4},"end":{"line":62,"column":5}},"loc":{"start":{"line":62,"column":11},"end":{"line":62,"column":54}},"line":62},"3":{"name":"(anonymous_3)","decl":{"start":{"line":69,"column":44},"end":{"line":69,"column":45}},"loc":{"start":{"line":69,"column":50},"end":{"line":72,"column":3}},"line":69},"4":{"name":"(anonymous_4)","decl":{"start":{"line":75,"column":18},"end":{"line":75,"column":19}},"loc":{"start":{"line":75,"column":24},"end":{"line":81,"column":3}},"line":75},"5":{"name":"(anonymous_5)","decl":{"start":{"line":79,"column":13},"end":{"line":79,"column":14}},"loc":{"start":{"line":79,"column":19},"end":{"line":79,"column":38}},"line":79},"6":{"name":"(anonymous_6)","decl":{"start":{"line":93,"column":29},"end":{"line":93,"column":30}},"loc":{"start":{"line":93,"column":48},"end":{"line":124,"column":3}},"line":93},"7":{"name":"(anonymous_7)","decl":{"start":{"line":100,"column":24},"end":{"line":100,"column":25}},"loc":{"start":{"line":100,"column":34},"end":{"line":100,"column":42}},"line":100},"8":{"name":"(anonymous_8)","decl":{"start":{"line":104,"column":15},"end":{"line":104,"column":16}},"loc":{"start":{"line":104,"column":21},"end":{"line":123,"column":5}},"line":104},"9":{"name":"(anonymous_9)","decl":{"start":{"line":106,"column":32},"end":{"line":106,"column":33}},"loc":{"start":{"line":106,"column":42},"end":{"line":106,"column":50}},"line":106},"10":{"name":"(anonymous_10)","decl":{"start":{"line":126,"column":26},"end":{"line":126,"column":27}},"loc":{"start":{"line":126,"column":43},"end":{"line":129,"column":3}},"line":126},"11":{"name":"(anonymous_11)","decl":{"start":{"line":137,"column":17},"end":{"line":137,"column":18}},"loc":{"start":{"line":137,"column":23},"end":{"line":137,"column":44}},"line":137},"12":{"name":"(anonymous_12)","decl":{"start":{"line":143,"column":17},"end":{"line":143,"column":18}},"loc":{"start":{"line":143,"column":23},"end":{"line":143,"column":46}},"line":143},"13":{"name":"(anonymous_13)","decl":{"start":{"line":148,"column":37},"end":{"line":148,"column":38}},"loc":{"start":{"line":148,"column":43},"end":{"line":148,"column":56}},"line":148},"14":{"name":"(anonymous_14)","decl":{"start":{"line":178,"column":29},"end":{"line":178,"column":30}},"loc":{"start":{"line":178,"column":35},"end":{"line":178,"column":55}},"line":178},"15":{"name":"(anonymous_15)","decl":{"start":{"line":204,"column":16},"end":{"line":204,"column":17}},"loc":{"start":{"line":204,"column":22},"end":{"line":236,"column":15}},"line":204},"16":{"name":"(anonymous_16)","decl":{"start":{"line":206,"column":35},"end":{"line":206,"column":36}},"loc":{"start":{"line":206,"column":54},"end":{"line":235,"column":15}},"line":206},"17":{"name":"(anonymous_17)","decl":{"start":{"line":221,"column":29},"end":{"line":221,"column":30}},"loc":{"start":{"line":221,"column":35},"end":{"line":221,"column":60}},"line":221},"18":{"name":"(anonymous_18)","decl":{"start":{"line":281,"column":23},"end":{"line":281,"column":24}},"loc":{"start":{"line":281,"column":29},"end":{"line":281,"column":42}},"line":281},"19":{"name":"(anonymous_19)","decl":{"start":{"line":288,"column":23},"end":{"line":288,"column":24}},"loc":{"start":{"line":288,"column":29},"end":{"line":294,"column":15}},"line":288}},"branchMap":{"0":{"loc":{"start":{"line":36,"column":2},"end":{"line":38,"column":3}},"type":"if","locations":[{"start":{"line":36,"column":2},"end":{"line":38,"column":3}},{"start":{},"end":{}}],"line":36},"1":{"loc":{"start":{"line":51,"column":16},"end":{"line":51,"column":62}},"type":"cond-expr","locations":[{"start":{"line":51,"column":26},"end":{"line":51,"column":55}},{"start":{"line":51,"column":58},"end":{"line":51,"column":62}}],"line":51},"2":{"loc":{"start":{"line":62,"column":11},"end":{"line":62,"column":54}},"type":"cond-expr","locations":[{"start":{"line":62,"column":21},"end":{"line":62,"column":49}},{"start":{"line":62,"column":52},"end":{"line":62,"column":54}}],"line":62},"3":{"loc":{"start":{"line":76,"column":4},"end":{"line":80,"column":5}},"type":"if","locations":[{"start":{"line":76,"column":4},"end":{"line":80,"column":5}},{"start":{},"end":{}}],"line":76},"4":{"loc":{"start":{"line":76,"column":8},"end":{"line":76,"column":93}},"type":"binary-expr","locations":[{"start":{"line":76,"column":8},"end":{"line":76,"column":29}},{"start":{"line":76,"column":33},"end":{"line":76,"column":50}},{"start":{"line":76,"column":54},"end":{"line":76,"column":73}},{"start":{"line":76,"column":77},"end":{"line":76,"column":93}}],"line":76},"5":{"loc":{"start":{"line":83,"column":2},"end":{"line":89,"column":3}},"type":"if","locations":[{"start":{"line":83,"column":2},"end":{"line":89,"column":3}},{"start":{},"end":{}}],"line":83},"6":{"loc":{"start":{"line":83,"column":6},"end":{"line":83,"column":24}},"type":"binary-expr","locations":[{"start":{"line":83,"column":6},"end":{"line":83,"column":14}},{"start":{"line":83,"column":18},"end":{"line":83,"column":24}}],"line":83},"7":{"loc":{"start":{"line":94,"column":4},"end":{"line":94,"column":42}},"type":"if","locations":[{"start":{"line":94,"column":4},"end":{"line":94,"column":42}},{"start":{},"end":{}}],"line":94},"8":{"loc":{"start":{"line":99,"column":4},"end":{"line":101,"column":5}},"type":"if","locations":[{"start":{"line":99,"column":4},"end":{"line":101,"column":5}},{"start":{},"end":{}}],"line":99},"9":{"loc":{"start":{"line":105,"column":6},"end":{"line":122,"column":7}},"type":"if","locations":[{"start":{"line":105,"column":6},"end":{"line":122,"column":7}},{"start":{"line":108,"column":13},"end":{"line":122,"column":7}}],"line":105},"10":{"loc":{"start":{"line":110,"column":47},"end":{"line":110,"column":64}},"type":"cond-expr","locations":[{"start":{"line":110,"column":59},"end":{"line":110,"column":60}},{"start":{"line":110,"column":63},"end":{"line":110,"column":64}}],"line":110},"11":{"loc":{"start":{"line":117,"column":8},"end":{"line":119,"column":9}},"type":"if","locations":[{"start":{"line":117,"column":8},"end":{"line":119,"column":9}},{"start":{},"end":{}}],"line":117},"12":{"loc":{"start":{"line":160,"column":9},"end":{"line":189,"column":9}},"type":"binary-expr","locations":[{"start":{"line":160,"column":9},"end":{"line":160,"column":28}},{"start":{"line":161,"column":10},"end":{"line":188,"column":13}}],"line":160},"13":{"loc":{"start":{"line":191,"column":9},"end":{"line":239,"column":9}},"type":"binary-expr","locations":[{"start":{"line":191,"column":9},"end":{"line":191,"column":25}},{"start":{"line":191,"column":29},"end":{"line":191,"column":44}},{"start":{"line":192,"column":10},"end":{"line":238,"column":17}}],"line":191},"14":{"loc":{"start":{"line":212,"column":16},"end":{"line":215,"column":17}},"type":"if","locations":[{"start":{"line":212,"column":16},"end":{"line":215,"column":17}},{"start":{},"end":{}}],"line":212},"15":{"loc":{"start":{"line":213,"column":18},"end":{"line":214,"column":71}},"type":"if","locations":[{"start":{"line":213,"column":18},"end":{"line":214,"column":71}},{"start":{"line":214,"column":23},"end":{"line":214,"column":71}}],"line":213},"16":{"loc":{"start":{"line":214,"column":23},"end":{"line":214,"column":71}},"type":"if","locations":[{"start":{"line":214,"column":23},"end":{"line":214,"column":71}},{"start":{},"end":{}}],"line":214},"17":{"loc":{"start":{"line":227,"column":21},"end":{"line":229,"column":21}},"type":"binary-expr","locations":[{"start":{"line":227,"column":21},"end":{"line":227,"column":31}},{"start":{"line":227,"column":35},"end":{"line":227,"column":44}},{"start":{"line":228,"column":22},"end":{"line":228,"column":68}}],"line":227},"18":{"loc":{"start":{"line":230,"column":21},"end":{"line":232,"column":21}},"type":"binary-expr","locations":[{"start":{"line":230,"column":21},"end":{"line":230,"column":31}},{"start":{"line":230,"column":35},"end":{"line":230,"column":45}},{"start":{"line":230,"column":49},"end":{"line":230,"column":59}},{"start":{"line":231,"column":22},"end":{"line":231,"column":70}}],"line":230},"19":{"loc":{"start":{"line":241,"column":9},"end":{"line":301,"column":9}},"type":"binary-expr","locations":[{"start":{"line":241,"column":9},"end":{"line":241,"column":28}},{"start":{"line":242,"column":10},"end":{"line":300,"column":17}}],"line":241},"20":{"loc":{"start":{"line":255,"column":29},"end":{"line":255,"column":74}},"type":"cond-expr","locations":[{"start":{"line":255,"column":48},"end":{"line":255,"column":57}},{"start":{"line":255,"column":60},"end":{"line":255,"column":74}}],"line":255}},"s":{"0":0,"1":0,"2":0,"3":0,"4":8,"5":8,"6":8,"7":8,"8":8,"9":8,"10":8,"11":8,"12":8,"13":8,"14":8,"15":8,"16":8,"17":8,"18":8,"19":7,"20":8,"21":8,"22":0,"23":0,"24":8,"25":7,"26":0,"27":0,"28":0,"29":8,"30":1,"31":7,"32":7,"33":0,"34":0,"35":0,"36":0,"37":0,"38":0,"39":0,"40":0,"41":0,"42":0,"43":0,"44":0,"45":0,"46":0,"47":0,"48":0,"49":0,"50":0,"51":0,"52":0,"53":0,"54":7,"55":0,"56":0,"57":7,"58":7,"59":0,"60":0,"61":1,"62":1,"63":0,"64":0,"65":0,"66":0,"67":0,"68":0,"69":0,"70":0,"71":0,"72":0,"73":0,"74":0,"75":0,"76":0,"77":0,"78":0,"79":0,"80":0,"81":0,"82":1},"f":{"0":0,"1":8,"2":7,"3":0,"4":7,"5":0,"6":0,"7":0,"8":0,"9":0,"10":0,"11":0,"12":0,"13":1,"14":1,"15":0,"16":0,"17":0,"18":0,"19":0},"b":{"0":[0,0],"1":[7,1],"2":[6,1],"3":[0,7],"4":[7,0,0,0],"5":[1,7],"6":[8,7],"7":[0,0],"8":[0,0],"9":[0,0],"10":[0,0],"11":[0,0],"12":[7,7],"13":[7,0,0],"14":[0,0],"15":[0,0],"16":[0,0],"17":[0,0,0],"18":[0,0,0,0],"19":[7,0],"20":[0,0]},"_coverageSchema":"1a1c01bbd47fc00a2c39e90264f33305004495a9","hash":"55bd2eae8ef64b7b360c3f340695229b0aea0630"}
,"/Users/kaya/Coding/spidrid/src/app/content/[id].tsx": {"path":"/Users/kaya/Coding/spidrid/src/app/content/[id].tsx","statementMap":{"0":{"start":{"line":16,"column":17},"end":{"line":16,"column":55}},"1":{"start":{"line":17,"column":20},"end":{"line":17,"column":30}},"2":{"start":{"line":18,"column":61},"end":{"line":18,"column":78}},"3":{"start":{"line":19,"column":40},"end":{"line":19,"column":58}},"4":{"start":{"line":20,"column":24},"end":{"line":20,"column":46}},"5":{"start":{"line":22,"column":40},"end":{"line":22,"column":55}},"6":{"start":{"line":23,"column":38},"end":{"line":23,"column":53}},"7":{"start":{"line":25,"column":18},"end":{"line":25,"column":36}},"8":{"start":{"line":27,"column":16},"end":{"line":30,"column":3}},"9":{"start":{"line":28,"column":11},"end":{"line":28,"column":54}},"10":{"start":{"line":33,"column":21},"end":{"line":36,"column":29}},"11":{"start":{"line":34,"column":4},"end":{"line":34,"column":58}},"12":{"start":{"line":34,"column":48},"end":{"line":34,"column":57}},"13":{"start":{"line":35,"column":4},"end":{"line":35,"column":65}},"14":{"start":{"line":38,"column":17},"end":{"line":38,"column":72}},"15":{"start":{"line":41,"column":2},"end":{"line":45,"column":19}},"16":{"start":{"line":42,"column":4},"end":{"line":44,"column":5}},"17":{"start":{"line":43,"column":6},"end":{"line":43,"column":37}},"18":{"start":{"line":48,"column":2},"end":{"line":64,"column":95}},"19":{"start":{"line":49,"column":4},"end":{"line":49,"column":49}},"20":{"start":{"line":49,"column":41},"end":{"line":49,"column":48}},"21":{"start":{"line":51,"column":21},"end":{"line":51,"column":61}},"22":{"start":{"line":54,"column":26},"end":{"line":54,"column":46}},"23":{"start":{"line":55,"column":4},"end":{"line":57,"column":5}},"24":{"start":{"line":56,"column":6},"end":{"line":56,"column":48}},"25":{"start":{"line":60,"column":4},"end":{"line":63,"column":5}},"26":{"start":{"line":61,"column":6},"end":{"line":61,"column":26}},"27":{"start":{"line":62,"column":6},"end":{"line":62,"column":28}},"28":{"start":{"line":67,"column":2},"end":{"line":69,"column":11}},"29":{"start":{"line":68,"column":4},"end":{"line":68,"column":23}},"30":{"start":{"line":71,"column":2},"end":{"line":77,"column":3}},"31":{"start":{"line":72,"column":4},"end":{"line":76,"column":6}},"32":{"start":{"line":79,"column":26},"end":{"line":82,"column":3}},"33":{"start":{"line":80,"column":4},"end":{"line":80,"column":23}},"34":{"start":{"line":81,"column":4},"end":{"line":81,"column":23}},"35":{"start":{"line":84,"column":21},"end":{"line":89,"column":3}},"36":{"start":{"line":86,"column":21},"end":{"line":86,"column":84}},"37":{"start":{"line":87,"column":4},"end":{"line":87,"column":46}},"38":{"start":{"line":88,"column":4},"end":{"line":88,"column":18}},"39":{"start":{"line":91,"column":2},"end":{"line":176,"column":4}},"40":{"start":{"line":95,"column":23},"end":{"line":95,"column":44}},"41":{"start":{"line":134,"column":16},"end":{"line":134,"column":37}},"42":{"start":{"line":135,"column":16},"end":{"line":135,"column":31}},"43":{"start":{"line":136,"column":16},"end":{"line":136,"column":38}},"44":{"start":{"line":162,"column":35},"end":{"line":162,"column":55}},"45":{"start":{"line":179,"column":15},"end":{"line":266,"column":2}}},"fnMap":{"0":{"name":"ContentReaderScreen","decl":{"start":{"line":15,"column":24},"end":{"line":15,"column":43}},"loc":{"start":{"line":15,"column":46},"end":{"line":177,"column":1}},"line":15},"1":{"name":"(anonymous_1)","decl":{"start":{"line":28,"column":4},"end":{"line":28,"column":5}},"loc":{"start":{"line":28,"column":11},"end":{"line":28,"column":54}},"line":28},"2":{"name":"(anonymous_2)","decl":{"start":{"line":33,"column":29},"end":{"line":33,"column":30}},"loc":{"start":{"line":33,"column":35},"end":{"line":36,"column":3}},"line":33},"3":{"name":"(anonymous_3)","decl":{"start":{"line":41,"column":12},"end":{"line":41,"column":13}},"loc":{"start":{"line":41,"column":18},"end":{"line":45,"column":3}},"line":41},"4":{"name":"(anonymous_4)","decl":{"start":{"line":48,"column":12},"end":{"line":48,"column":13}},"loc":{"start":{"line":48,"column":18},"end":{"line":64,"column":3}},"line":48},"5":{"name":"(anonymous_5)","decl":{"start":{"line":67,"column":12},"end":{"line":67,"column":13}},"loc":{"start":{"line":67,"column":18},"end":{"line":69,"column":3}},"line":67},"6":{"name":"(anonymous_6)","decl":{"start":{"line":79,"column":26},"end":{"line":79,"column":27}},"loc":{"start":{"line":79,"column":43},"end":{"line":82,"column":3}},"line":79},"7":{"name":"(anonymous_7)","decl":{"start":{"line":84,"column":21},"end":{"line":84,"column":22}},"loc":{"start":{"line":84,"column":27},"end":{"line":89,"column":3}},"line":84},"8":{"name":"(anonymous_8)","decl":{"start":{"line":95,"column":17},"end":{"line":95,"column":18}},"loc":{"start":{"line":95,"column":23},"end":{"line":95,"column":44}},"line":95},"9":{"name":"(anonymous_9)","decl":{"start":{"line":133,"column":23},"end":{"line":133,"column":24}},"loc":{"start":{"line":133,"column":29},"end":{"line":137,"column":15}},"line":133},"10":{"name":"(anonymous_10)","decl":{"start":{"line":162,"column":29},"end":{"line":162,"column":30}},"loc":{"start":{"line":162,"column":35},"end":{"line":162,"column":55}},"line":162}},"branchMap":{"0":{"loc":{"start":{"line":28,"column":11},"end":{"line":28,"column":54}},"type":"cond-expr","locations":[{"start":{"line":28,"column":21},"end":{"line":28,"column":49}},{"start":{"line":28,"column":52},"end":{"line":28,"column":54}}],"line":28},"1":{"loc":{"start":{"line":34,"column":4},"end":{"line":34,"column":58}},"type":"if","locations":[{"start":{"line":34,"column":4},"end":{"line":34,"column":58}},{"start":{},"end":{}}],"line":34},"2":{"loc":{"start":{"line":34,"column":8},"end":{"line":34,"column":45}},"type":"binary-expr","locations":[{"start":{"line":34,"column":8},"end":{"line":34,"column":16}},{"start":{"line":34,"column":20},"end":{"line":34,"column":45}}],"line":34},"3":{"loc":{"start":{"line":42,"column":4},"end":{"line":44,"column":5}},"type":"if","locations":[{"start":{"line":42,"column":4},"end":{"line":44,"column":5}},{"start":{},"end":{}}],"line":42},"4":{"loc":{"start":{"line":42,"column":8},"end":{"line":42,"column":42}},"type":"binary-expr","locations":[{"start":{"line":42,"column":8},"end":{"line":42,"column":22}},{"start":{"line":42,"column":26},"end":{"line":42,"column":42}}],"line":42},"5":{"loc":{"start":{"line":49,"column":4},"end":{"line":49,"column":49}},"type":"if","locations":[{"start":{"line":49,"column":4},"end":{"line":49,"column":49}},{"start":{},"end":{}}],"line":49},"6":{"loc":{"start":{"line":49,"column":8},"end":{"line":49,"column":38}},"type":"binary-expr","locations":[{"start":{"line":49,"column":8},"end":{"line":49,"column":16}},{"start":{"line":49,"column":20},"end":{"line":49,"column":38}}],"line":49},"7":{"loc":{"start":{"line":55,"column":4},"end":{"line":57,"column":5}},"type":"if","locations":[{"start":{"line":55,"column":4},"end":{"line":57,"column":5}},{"start":{},"end":{}}],"line":55},"8":{"loc":{"start":{"line":55,"column":8},"end":{"line":55,"column":56}},"type":"binary-expr","locations":[{"start":{"line":55,"column":8},"end":{"line":55,"column":39}},{"start":{"line":55,"column":43},"end":{"line":55,"column":56}}],"line":55},"9":{"loc":{"start":{"line":60,"column":4},"end":{"line":63,"column":5}},"type":"if","locations":[{"start":{"line":60,"column":4},"end":{"line":63,"column":5}},{"start":{},"end":{}}],"line":60},"10":{"loc":{"start":{"line":60,"column":8},"end":{"line":60,"column":57}},"type":"binary-expr","locations":[{"start":{"line":60,"column":8},"end":{"line":60,"column":21}},{"start":{"line":60,"column":25},"end":{"line":60,"column":42}},{"start":{"line":60,"column":46},"end":{"line":60,"column":57}}],"line":60},"11":{"loc":{"start":{"line":71,"column":2},"end":{"line":77,"column":3}},"type":"if","locations":[{"start":{"line":71,"column":2},"end":{"line":77,"column":3}},{"start":{},"end":{}}],"line":71},"12":{"loc":{"start":{"line":86,"column":21},"end":{"line":86,"column":84}},"type":"cond-expr","locations":[{"start":{"line":86,"column":40},"end":{"line":86,"column":80}},{"start":{"line":86,"column":83},"end":{"line":86,"column":84}}],"line":86},"13":{"loc":{"start":{"line":106,"column":15},"end":{"line":106,"column":62}},"type":"cond-expr","locations":[{"start":{"line":106,"column":42},"end":{"line":106,"column":50}},{"start":{"line":106,"column":53},"end":{"line":106,"column":62}}],"line":106},"14":{"loc":{"start":{"line":115,"column":9},"end":{"line":173,"column":9}},"type":"cond-expr","locations":[{"start":{"line":116,"column":10},"end":{"line":143,"column":17}},{"start":{"line":145,"column":10},"end":{"line":172,"column":13}}],"line":115}},"s":{"0":11,"1":11,"2":11,"3":11,"4":11,"5":11,"6":11,"7":11,"8":11,"9":10,"10":11,"11":10,"12":1,"13":9,"14":11,"15":11,"16":10,"17":0,"18":11,"19":10,"20":1,"21":9,"22":9,"23":9,"24":0,"25":9,"26":0,"27":0,"28":11,"29":10,"30":11,"31":1,"32":10,"33":0,"34":0,"35":10,"36":1,"37":1,"38":1,"39":10,"40":0,"41":0,"42":0,"43":0,"44":1,"45":1},"f":{"0":11,"1":10,"2":10,"3":10,"4":10,"5":10,"6":0,"7":1,"8":0,"9":0,"10":1},"b":{"0":[9,1],"1":[1,9],"2":[10,9],"3":[0,10],"4":[10,0],"5":[1,9],"6":[10,9],"7":[0,9],"8":[9,9],"9":[0,9],"10":[9,0,0],"11":[1,10],"12":[1,0],"13":[9,1],"14":[0,10]},"_coverageSchema":"1a1c01bbd47fc00a2c39e90264f33305004495a9","hash":"b7f59d727b1fb9704deb25f4bba1f423fd615fb7"}
,"/Users/kaya/Coding/spidrid/src/app/onboarding/purpose.tsx": {"path":"/Users/kaya/Coding/spidrid/src/app/onboarding/purpose.tsx","statementMap":{"0":{"start":{"line":8,"column":20},"end":{"line":8,"column":30}},"1":{"start":{"line":9,"column":27},"end":{"line":9,"column":47}},"2":{"start":{"line":11,"column":33},"end":{"line":14,"column":3}},"3":{"start":{"line":12,"column":4},"end":{"line":12,"column":26}},"4":{"start":{"line":13,"column":4},"end":{"line":13,"column":38}},"5":{"start":{"line":16,"column":27},"end":{"line":19,"column":3}},"6":{"start":{"line":17,"column":4},"end":{"line":17,"column":32}},"7":{"start":{"line":18,"column":4},"end":{"line":18,"column":38}},"8":{"start":{"line":21,"column":2},"end":{"line":63,"column":4}},"9":{"start":{"line":66,"column":15},"end":{"line":109,"column":2}}},"fnMap":{"0":{"name":"PurposeScreen","decl":{"start":{"line":7,"column":24},"end":{"line":7,"column":37}},"loc":{"start":{"line":7,"column":40},"end":{"line":64,"column":1}},"line":7},"1":{"name":"(anonymous_1)","decl":{"start":{"line":11,"column":33},"end":{"line":11,"column":34}},"loc":{"start":{"line":11,"column":39},"end":{"line":14,"column":3}},"line":11},"2":{"name":"(anonymous_2)","decl":{"start":{"line":16,"column":27},"end":{"line":16,"column":28}},"loc":{"start":{"line":16,"column":33},"end":{"line":19,"column":3}},"line":16}},"branchMap":{},"s":{"0":6,"1":6,"2":6,"3":1,"4":1,"5":6,"6":1,"7":1,"8":6,"9":1},"f":{"0":6,"1":1,"2":1},"b":{},"_coverageSchema":"1a1c01bbd47fc00a2c39e90264f33305004495a9","hash":"02f49e4e284dbd60d13804a2efeacffebb259cb4"}
,"/Users/kaya/Coding/spidrid/src/app/onboarding/topics.tsx": {"path":"/Users/kaya/Coding/spidrid/src/app/onboarding/topics.tsx","statementMap":{"0":{"start":{"line":10,"column":20},"end":{"line":10,"column":30}},"1":{"start":{"line":11,"column":103},"end":{"line":11,"column":123}},"2":{"start":{"line":13,"column":21},"end":{"line":13,"column":43}},"3":{"start":{"line":15,"column":25},"end":{"line":26,"column":3}},"4":{"start":{"line":16,"column":4},"end":{"line":25,"column":5}},"5":{"start":{"line":17,"column":6},"end":{"line":17,"column":20}},"6":{"start":{"line":19,"column":6},"end":{"line":19,"column":27}},"7":{"start":{"line":20,"column":6},"end":{"line":24,"column":7}},"8":{"start":{"line":21,"column":8},"end":{"line":21,"column":39}},"9":{"start":{"line":23,"column":8},"end":{"line":23,"column":40}},"10":{"start":{"line":28,"column":22},"end":{"line":28,"column":50}},"11":{"start":{"line":30,"column":2},"end":{"line":78,"column":4}},"12":{"start":{"line":45,"column":10},"end":{"line":51,"column":12}},"13":{"start":{"line":50,"column":27},"end":{"line":50,"column":54}},"14":{"start":{"line":81,"column":15},"end":{"line":121,"column":2}}},"fnMap":{"0":{"name":"TopicsScreen","decl":{"start":{"line":9,"column":24},"end":{"line":9,"column":36}},"loc":{"start":{"line":9,"column":39},"end":{"line":79,"column":1}},"line":9},"1":{"name":"(anonymous_1)","decl":{"start":{"line":15,"column":25},"end":{"line":15,"column":26}},"loc":{"start":{"line":15,"column":31},"end":{"line":26,"column":3}},"line":15},"2":{"name":"(anonymous_2)","decl":{"start":{"line":44,"column":23},"end":{"line":44,"column":24}},"loc":{"start":{"line":45,"column":10},"end":{"line":51,"column":12}},"line":45},"3":{"name":"(anonymous_3)","decl":{"start":{"line":50,"column":21},"end":{"line":50,"column":22}},"loc":{"start":{"line":50,"column":27},"end":{"line":50,"column":54}},"line":50}},"branchMap":{"0":{"loc":{"start":{"line":16,"column":4},"end":{"line":25,"column":5}},"type":"if","locations":[{"start":{"line":16,"column":4},"end":{"line":25,"column":5}},{"start":{"line":18,"column":11},"end":{"line":25,"column":5}}],"line":16},"1":{"loc":{"start":{"line":20,"column":6},"end":{"line":24,"column":7}},"type":"if","locations":[{"start":{"line":20,"column":6},"end":{"line":24,"column":7}},{"start":{"line":22,"column":13},"end":{"line":24,"column":7}}],"line":20},"2":{"loc":{"start":{"line":60,"column":31},"end":{"line":60,"column":90}},"type":"cond-expr","locations":[{"start":{"line":60,"column":45},"end":{"line":60,"column":62}},{"start":{"line":60,"column":65},"end":{"line":60,"column":90}}],"line":60},"3":{"loc":{"start":{"line":70,"column":23},"end":{"line":70,"column":64}},"type":"cond-expr","locations":[{"start":{"line":70,"column":37},"end":{"line":70,"column":46}},{"start":{"line":70,"column":49},"end":{"line":70,"column":64}}],"line":70},"4":{"loc":{"start":{"line":70,"column":75},"end":{"line":70,"column":96}},"type":"cond-expr","locations":[{"start":{"line":70,"column":89},"end":{"line":70,"column":90}},{"start":{"line":70,"column":93},"end":{"line":70,"column":96}}],"line":70},"5":{"loc":{"start":{"line":73,"column":13},"end":{"line":73,"column":45}},"type":"cond-expr","locations":[{"start":{"line":73,"column":26},"end":{"line":73,"column":32}},{"start":{"line":73,"column":35},"end":{"line":73,"column":45}}],"line":73}},"s":{"0":6,"1":6,"2":6,"3":6,"4":1,"5":0,"6":1,"7":1,"8":0,"9":1,"10":6,"11":6,"12":90,"13":1,"14":1},"f":{"0":6,"1":1,"2":90,"3":1},"b":{"0":[0,1],"1":[0,1],"2":[6,0],"3":[6,0],"4":[6,0],"5":[0,6]},"_coverageSchema":"1a1c01bbd47fc00a2c39e90264f33305004495a9","hash":"f2a7c2f6f629b68c5b0f8a2316df09f646429e40"}
,"/Users/kaya/Coding/spidrid/src/app/reader/demo.tsx": {"path":"/Users/kaya/Coding/spidrid/src/app/reader/demo.tsx","statementMap":{"0":{"start":{"line":12,"column":18},"end":{"line":12,"column":670}},"1":{"start":{"line":15,"column":20},"end":{"line":15,"column":30}},"2":{"start":{"line":16,"column":16},"end":{"line":16,"column":57}},"3":{"start":{"line":16,"column":30},"end":{"line":16,"column":52}},"4":{"start":{"line":17,"column":17},"end":{"line":17,"column":42}},"5":{"start":{"line":18,"column":40},"end":{"line":18,"column":55}},"6":{"start":{"line":20,"column":2},"end":{"line":65,"column":4}},"7":{"start":{"line":24,"column":21},"end":{"line":24,"column":42}},"8":{"start":{"line":30,"column":41},"end":{"line":30,"column":54}},"9":{"start":{"line":53,"column":29},"end":{"line":53,"column":49}},"10":{"start":{"line":68,"column":15},"end":{"line":105,"column":2}}},"fnMap":{"0":{"name":"DemoReaderScreen","decl":{"start":{"line":14,"column":24},"end":{"line":14,"column":40}},"loc":{"start":{"line":14,"column":43},"end":{"line":66,"column":1}},"line":14},"1":{"name":"(anonymous_1)","decl":{"start":{"line":16,"column":24},"end":{"line":16,"column":25}},"loc":{"start":{"line":16,"column":30},"end":{"line":16,"column":52}},"line":16},"2":{"name":"(anonymous_2)","decl":{"start":{"line":24,"column":15},"end":{"line":24,"column":16}},"loc":{"start":{"line":24,"column":21},"end":{"line":24,"column":42}},"line":24},"3":{"name":"(anonymous_3)","decl":{"start":{"line":30,"column":35},"end":{"line":30,"column":36}},"loc":{"start":{"line":30,"column":41},"end":{"line":30,"column":54}},"line":30},"4":{"name":"(anonymous_4)","decl":{"start":{"line":53,"column":23},"end":{"line":53,"column":24}},"loc":{"start":{"line":53,"column":29},"end":{"line":53,"column":49}},"line":53}},"branchMap":{},"s":{"0":1,"1":7,"2":7,"3":6,"4":7,"5":7,"6":7,"7":0,"8":1,"9":1,"10":1},"f":{"0":7,"1":6,"2":0,"3":1,"4":1},"b":{},"_coverageSchema":"1a1c01bbd47fc00a2c39e90264f33305004495a9","hash":"51d3c7daff4fa2a8da769f90719d74612367cd84"}
,"/Users/kaya/Coding/spidrid/src/app/topic/[id].tsx": {"path":"/Users/kaya/Coding/spidrid/src/app/topic/[id].tsx","statementMap":{"0":{"start":{"line":10,"column":17},"end":{"line":10,"column":55}},"1":{"start":{"line":11,"column":20},"end":{"line":11,"column":30}},"2":{"start":{"line":12,"column":51},"end":{"line":12,"column":69}},"3":{"start":{"line":13,"column":65},"end":{"line":13,"column":87}},"4":{"start":{"line":15,"column":16},"end":{"line":15,"column":32}},"5":{"start":{"line":16,"column":19},"end":{"line":16,"column":41}},"6":{"start":{"line":17,"column":24},"end":{"line":17,"column":44}},"7":{"start":{"line":19,"column":2},"end":{"line":25,"column":3}},"8":{"start":{"line":20,"column":4},"end":{"line":24,"column":6}},"9":{"start":{"line":27,"column":29},"end":{"line":40,"column":3}},"10":{"start":{"line":28,"column":21},"end":{"line":28,"column":50}},"11":{"start":{"line":31,"column":4},"end":{"line":37,"column":5}},"12":{"start":{"line":32,"column":6},"end":{"line":35,"column":7}},"13":{"start":{"line":33,"column":8},"end":{"line":33,"column":53}},"14":{"start":{"line":34,"column":8},"end":{"line":34,"column":15}},"15":{"start":{"line":36,"column":6},"end":{"line":36,"column":30}},"16":{"start":{"line":39,"column":4},"end":{"line":39,"column":41}},"17":{"start":{"line":42,"column":26},"end":{"line":53,"column":3}},"18":{"start":{"line":43,"column":4},"end":{"line":52,"column":5}},"19":{"start":{"line":45,"column":8},"end":{"line":45,"column":25}},"20":{"start":{"line":47,"column":8},"end":{"line":47,"column":25}},"21":{"start":{"line":49,"column":8},"end":{"line":49,"column":25}},"22":{"start":{"line":51,"column":8},"end":{"line":51,"column":31}},"23":{"start":{"line":55,"column":2},"end":{"line":129,"column":4}},"24":{"start":{"line":59,"column":41},"end":{"line":59,"column":54}},"25":{"start":{"line":81,"column":29},"end":{"line":81,"column":59}},"26":{"start":{"line":82,"column":32},"end":{"line":82,"column":51}},"27":{"start":{"line":84,"column":12},"end":{"line":124,"column":14}},"28":{"start":{"line":88,"column":31},"end":{"line":88,"column":61}},"29":{"start":{"line":132,"column":15},"end":{"line":254,"column":2}}},"fnMap":{"0":{"name":"TopicScreen","decl":{"start":{"line":9,"column":24},"end":{"line":9,"column":35}},"loc":{"start":{"line":9,"column":38},"end":{"line":130,"column":1}},"line":9},"1":{"name":"(anonymous_1)","decl":{"start":{"line":27,"column":29},"end":{"line":27,"column":30}},"loc":{"start":{"line":27,"column":52},"end":{"line":40,"column":3}},"line":27},"2":{"name":"(anonymous_2)","decl":{"start":{"line":42,"column":26},"end":{"line":42,"column":27}},"loc":{"start":{"line":42,"column":50},"end":{"line":53,"column":3}},"line":42},"3":{"name":"(anonymous_3)","decl":{"start":{"line":59,"column":35},"end":{"line":59,"column":36}},"loc":{"start":{"line":59,"column":41},"end":{"line":59,"column":54}},"line":59},"4":{"name":"(anonymous_4)","decl":{"start":{"line":80,"column":24},"end":{"line":80,"column":25}},"loc":{"start":{"line":80,"column":44},"end":{"line":125,"column":11}},"line":80},"5":{"name":"(anonymous_5)","decl":{"start":{"line":88,"column":25},"end":{"line":88,"column":26}},"loc":{"start":{"line":88,"column":31},"end":{"line":88,"column":61}},"line":88}},"branchMap":{"0":{"loc":{"start":{"line":19,"column":2},"end":{"line":25,"column":3}},"type":"if","locations":[{"start":{"line":19,"column":2},"end":{"line":25,"column":3}},{"start":{},"end":{}}],"line":19},"1":{"loc":{"start":{"line":31,"column":4},"end":{"line":37,"column":5}},"type":"if","locations":[{"start":{"line":31,"column":4},"end":{"line":37,"column":5}},{"start":{},"end":{}}],"line":31},"2":{"loc":{"start":{"line":31,"column":8},"end":{"line":31,"column":42}},"type":"binary-expr","locations":[{"start":{"line":31,"column":8},"end":{"line":31,"column":28}},{"start":{"line":31,"column":32},"end":{"line":31,"column":42}}],"line":31},"3":{"loc":{"start":{"line":32,"column":6},"end":{"line":35,"column":7}},"type":"if","locations":[{"start":{"line":32,"column":6},"end":{"line":35,"column":7}},{"start":{},"end":{}}],"line":32},"4":{"loc":{"start":{"line":43,"column":4},"end":{"line":52,"column":5}},"type":"switch","locations":[{"start":{"line":44,"column":6},"end":{"line":45,"column":25}},{"start":{"line":46,"column":6},"end":{"line":47,"column":25}},{"start":{"line":48,"column":6},"end":{"line":49,"column":25}},{"start":{"line":50,"column":6},"end":{"line":51,"column":31}}],"line":43},"5":{"loc":{"start":{"line":74,"column":13},"end":{"line":74,"column":86}},"type":"binary-expr","locations":[{"start":{"line":74,"column":13},"end":{"line":74,"column":43}},{"start":{"line":74,"column":47},"end":{"line":74,"column":86}}],"line":74},"6":{"loc":{"start":{"line":107,"column":19},"end":{"line":111,"column":19}},"type":"binary-expr","locations":[{"start":{"line":107,"column":19},"end":{"line":107,"column":30}},{"start":{"line":108,"column":20},"end":{"line":110,"column":27}}],"line":107},"7":{"loc":{"start":{"line":113,"column":17},"end":{"line":122,"column":17}},"type":"binary-expr","locations":[{"start":{"line":113,"column":17},"end":{"line":113,"column":28}},{"start":{"line":113,"column":32},"end":{"line":113,"column":40}},{"start":{"line":114,"column":18},"end":{"line":121,"column":25}}],"line":113}},"s":{"0":15,"1":15,"2":15,"3":15,"4":15,"5":15,"6":15,"7":15,"8":1,"9":14,"10":4,"11":4,"12":2,"13":1,"14":1,"15":1,"16":3,"17":14,"18":126,"19":42,"20":70,"21":14,"22":0,"23":14,"24":1,"25":126,"26":126,"27":126,"28":4,"29":1},"f":{"0":15,"1":4,"2":126,"3":1,"4":126,"5":4},"b":{"0":[1,14],"1":[2,2],"2":[4,2],"3":[1,1],"4":[42,70,14,0],"5":[14,14],"6":[126,108],"7":[126,108,108]},"_coverageSchema":"1a1c01bbd47fc00a2c39e90264f33305004495a9","hash":"929e9821914d72a4d7e062dec8fd492308e19434"}
,"/Users/kaya/Coding/spidrid/src/components/certificates/CertificateCard.tsx": {"path":"/Users/kaya/Coding/spidrid/src/components/certificates/CertificateCard.tsx","statementMap":{"0":{"start":{"line":13,"column":20},"end":{"line":13,"column":30}},"1":{"start":{"line":14,"column":21},"end":{"line":14,"column":63}},"2":{"start":{"line":16,"column":2},"end":{"line":16,"column":33}},"3":{"start":{"line":16,"column":20},"end":{"line":16,"column":32}},"4":{"start":{"line":18,"column":18},"end":{"line":18,"column":34}},"5":{"start":{"line":19,"column":21},"end":{"line":23,"column":4}},"6":{"start":{"line":26,"column":4},"end":{"line":61,"column":7}},"7":{"start":{"line":64,"column":2},"end":{"line":78,"column":3}},"8":{"start":{"line":65,"column":4},"end":{"line":77,"column":6}},"9":{"start":{"line":80,"column":2},"end":{"line":90,"column":4}},"10":{"start":{"line":99,"column":20},"end":{"line":99,"column":30}},"11":{"start":{"line":100,"column":21},"end":{"line":100,"column":51}},"12":{"start":{"line":102,"column":2},"end":{"line":102,"column":33}},"13":{"start":{"line":102,"column":20},"end":{"line":102,"column":32}},"14":{"start":{"line":104,"column":2},"end":{"line":124,"column":4}},"15":{"start":{"line":127,"column":15},"end":{"line":199,"column":2}}},"fnMap":{"0":{"name":"CertificateCard","decl":{"start":{"line":12,"column":16},"end":{"line":12,"column":31}},"loc":{"start":{"line":12,"column":96},"end":{"line":91,"column":1}},"line":12},"1":{"name":"LockedCertificateCard","decl":{"start":{"line":98,"column":16},"end":{"line":98,"column":37}},"loc":{"start":{"line":98,"column":86},"end":{"line":125,"column":1}},"line":98}},"branchMap":{"0":{"loc":{"start":{"line":12,"column":47},"end":{"line":12,"column":61}},"type":"default-arg","locations":[{"start":{"line":12,"column":54},"end":{"line":12,"column":61}}],"line":12},"1":{"loc":{"start":{"line":16,"column":2},"end":{"line":16,"column":33}},"type":"if","locations":[{"start":{"line":16,"column":2},"end":{"line":16,"column":33}},{"start":{},"end":{}}],"line":16},"2":{"loc":{"start":{"line":30,"column":10},"end":{"line":30,"column":55}},"type":"cond-expr","locations":[{"start":{"line":30,"column":20},"end":{"line":30,"column":36}},{"start":{"line":30,"column":39},"end":{"line":30,"column":55}}],"line":30},"3":{"loc":{"start":{"line":34,"column":21},"end":{"line":34,"column":74}},"type":"cond-expr","locations":[{"start":{"line":34,"column":31},"end":{"line":34,"column":51}},{"start":{"line":34,"column":54},"end":{"line":34,"column":74}}],"line":34},"4":{"loc":{"start":{"line":41,"column":10},"end":{"line":41,"column":57}},"type":"cond-expr","locations":[{"start":{"line":41,"column":20},"end":{"line":41,"column":37}},{"start":{"line":41,"column":40},"end":{"line":41,"column":57}}],"line":41},"5":{"loc":{"start":{"line":50,"column":10},"end":{"line":50,"column":55}},"type":"cond-expr","locations":[{"start":{"line":50,"column":20},"end":{"line":50,"column":36}},{"start":{"line":50,"column":39},"end":{"line":50,"column":55}}],"line":50},"6":{"loc":{"start":{"line":56,"column":7},"end":{"line":60,"column":7}},"type":"binary-expr","locations":[{"start":{"line":56,"column":7},"end":{"line":56,"column":14}},{"start":{"line":57,"column":8},"end":{"line":59,"column":15}}],"line":56},"7":{"loc":{"start":{"line":64,"column":2},"end":{"line":78,"column":3}},"type":"if","locations":[{"start":{"line":64,"column":2},"end":{"line":78,"column":3}},{"start":{},"end":{}}],"line":64},"8":{"loc":{"start":{"line":69,"column":10},"end":{"line":69,"column":55}},"type":"cond-expr","locations":[{"start":{"line":69,"column":20},"end":{"line":69,"column":36}},{"start":{"line":69,"column":39},"end":{"line":69,"column":55}}],"line":69},"9":{"loc":{"start":{"line":84,"column":8},"end":{"line":84,"column":53}},"type":"cond-expr","locations":[{"start":{"line":84,"column":18},"end":{"line":84,"column":34}},{"start":{"line":84,"column":37},"end":{"line":84,"column":53}}],"line":84},"10":{"loc":{"start":{"line":102,"column":2},"end":{"line":102,"column":33}},"type":"if","locations":[{"start":{"line":102,"column":2},"end":{"line":102,"column":33}},{"start":{},"end":{}}],"line":102}},"s":{"0":12,"1":12,"2":12,"3":1,"4":11,"5":11,"6":11,"7":11,"8":1,"9":10,"10":9,"11":9,"12":9,"13":1,"14":8,"15":1},"f":{"0":12,"1":9},"b":{"0":[8],"1":[1,11],"2":[2,9],"3":[2,9],"4":[2,9],"5":[2,9],"6":[11,2],"7":[1,10],"8":[0,1],"9":[2,8],"10":[1,8]},"_coverageSchema":"1a1c01bbd47fc00a2c39e90264f33305004495a9","hash":"c80b5c6889965ee5e1446c9983aff96c5c719b75"}
,"/Users/kaya/Coding/spidrid/src/components/certificates/CertificateViewerModal.tsx": {"path":"/Users/kaya/Coding/spidrid/src/components/certificates/CertificateViewerModal.tsx","statementMap":{"0":{"start":{"line":30,"column":20},"end":{"line":30,"column":30}},"1":{"start":{"line":31,"column":17},"end":{"line":31,"column":36}},"2":{"start":{"line":32,"column":40},"end":{"line":32,"column":58}},"3":{"start":{"line":34,"column":42},"end":{"line":34,"column":57}},"4":{"start":{"line":36,"column":15},"end":{"line":42,"column":8}},"5":{"start":{"line":44,"column":22},"end":{"line":70,"column":46}},"6":{"start":{"line":45,"column":4},"end":{"line":45,"column":31}},"7":{"start":{"line":45,"column":23},"end":{"line":45,"column":30}},"8":{"start":{"line":47,"column":4},"end":{"line":47,"column":26}},"9":{"start":{"line":48,"column":32},"end":{"line":48,"column":36}},"10":{"start":{"line":50,"column":4},"end":{"line":69,"column":5}},"11":{"start":{"line":51,"column":6},"end":{"line":55,"column":9}},"12":{"start":{"line":57,"column":6},"end":{"line":57,"column":37}},"13":{"start":{"line":59,"column":6},"end":{"line":62,"column":8}},"14":{"start":{"line":64,"column":6},"end":{"line":64,"column":29}},"15":{"start":{"line":66,"column":6},"end":{"line":68,"column":7}},"16":{"start":{"line":67,"column":8},"end":{"line":67,"column":37}},"17":{"start":{"line":72,"column":2},"end":{"line":72,"column":34}},"18":{"start":{"line":72,"column":21},"end":{"line":72,"column":33}},"19":{"start":{"line":74,"column":2},"end":{"line":141,"column":4}},"20":{"start":{"line":144,"column":15},"end":{"line":196,"column":2}}},"fnMap":{"0":{"name":"CertificateViewerModal","decl":{"start":{"line":25,"column":16},"end":{"line":25,"column":38}},"loc":{"start":{"line":29,"column":32},"end":{"line":142,"column":1}},"line":29},"1":{"name":"(anonymous_1)","decl":{"start":{"line":44,"column":34},"end":{"line":44,"column":35}},"loc":{"start":{"line":44,"column":46},"end":{"line":70,"column":3}},"line":44}},"branchMap":{"0":{"loc":{"start":{"line":36,"column":15},"end":{"line":42,"column":8}},"type":"cond-expr","locations":[{"start":{"line":37,"column":6},"end":{"line":41,"column":8}},{"start":{"line":42,"column":6},"end":{"line":42,"column":8}}],"line":36},"1":{"loc":{"start":{"line":45,"column":4},"end":{"line":45,"column":31}},"type":"if","locations":[{"start":{"line":45,"column":4},"end":{"line":45,"column":31}},{"start":{},"end":{}}],"line":45},"2":{"loc":{"start":{"line":66,"column":6},"end":{"line":68,"column":7}},"type":"if","locations":[{"start":{"line":66,"column":6},"end":{"line":68,"column":7}},{"start":{},"end":{}}],"line":66},"3":{"loc":{"start":{"line":72,"column":2},"end":{"line":72,"column":34}},"type":"if","locations":[{"start":{"line":72,"column":2},"end":{"line":72,"column":34}},{"start":{},"end":{}}],"line":72},"4":{"loc":{"start":{"line":106,"column":13},"end":{"line":110,"column":13}},"type":"cond-expr","locations":[{"start":{"line":107,"column":14},"end":{"line":107,"column":64}},{"start":{"line":109,"column":14},"end":{"line":109,"column":57}}],"line":106}},"s":{"0":17,"1":17,"2":17,"3":17,"4":17,"5":17,"6":3,"7":0,"8":3,"9":3,"10":3,"11":3,"12":2,"13":1,"14":3,"15":3,"16":2,"17":17,"18":1,"19":16,"20":1},"f":{"0":17,"1":3},"b":{"0":[16,1],"1":[0,3],"2":[2,1],"3":[1,16],"4":[3,13]},"_coverageSchema":"1a1c01bbd47fc00a2c39e90264f33305004495a9","hash":"e83ec7d488141aabeca9099cd4dfa8ca103132d4"}
,"/Users/kaya/Coding/spidrid/src/components/certificates/NewCertificateModal.tsx": {"path":"/Users/kaya/Coding/spidrid/src/components/certificates/NewCertificateModal.tsx","statementMap":{"0":{"start":{"line":13,"column":20},"end":{"line":13,"column":30}},"1":{"start":{"line":15,"column":2},"end":{"line":15,"column":34}},"2":{"start":{"line":15,"column":21},"end":{"line":15,"column":33}},"3":{"start":{"line":17,"column":21},"end":{"line":17,"column":63}},"4":{"start":{"line":18,"column":2},"end":{"line":18,"column":33}},"5":{"start":{"line":18,"column":20},"end":{"line":18,"column":32}},"6":{"start":{"line":20,"column":2},"end":{"line":58,"column":4}},"7":{"start":{"line":61,"column":15},"end":{"line":121,"column":2}}},"fnMap":{"0":{"name":"NewCertificateModal","decl":{"start":{"line":12,"column":16},"end":{"line":12,"column":35}},"loc":{"start":{"line":12,"column":97},"end":{"line":59,"column":1}},"line":12}},"branchMap":{"0":{"loc":{"start":{"line":15,"column":2},"end":{"line":15,"column":34}},"type":"if","locations":[{"start":{"line":15,"column":2},"end":{"line":15,"column":34}},{"start":{},"end":{}}],"line":15},"1":{"loc":{"start":{"line":18,"column":2},"end":{"line":18,"column":33}},"type":"if","locations":[{"start":{"line":18,"column":2},"end":{"line":18,"column":33}},{"start":{},"end":{}}],"line":18}},"s":{"0":14,"1":14,"2":1,"3":13,"4":13,"5":1,"6":12,"7":1},"f":{"0":14},"b":{"0":[1,13],"1":[1,12]},"_coverageSchema":"1a1c01bbd47fc00a2c39e90264f33305004495a9","hash":"c3870e72eeaec8915f9aaac29105ee4746cfdb8b"}
[...]
ocations":[{"start":{"line":98,"column":69},"end":{"line":98,"column":74}}],"line":98},"1":{"loc":{"start":{"line":108,"column":36},"end":{"line":108,"column":94}},"type":"binary-expr","locations":[{"start":{"line":108,"column":36},"end":{"line":108,"column":55}},{"start":{"line":108,"column":59},"end":{"line":108,"column":94}}],"line":108},"2":{"loc":{"start":{"line":114,"column":23},"end":{"line":114,"column":62}},"type":"binary-expr","locations":[{"start":{"line":114,"column":23},"end":{"line":114,"column":42}},{"start":{"line":114,"column":46},"end":{"line":114,"column":62}}],"line":114},"3":{"loc":{"start":{"line":115,"column":32},"end":{"line":117,"column":21}},"type":"cond-expr","locations":[{"start":{"line":116,"column":16},"end":{"line":116,"column":60}},{"start":{"line":117,"column":16},"end":{"line":117,"column":21}}],"line":115},"4":{"loc":{"start":{"line":118,"column":24},"end":{"line":118,"column":75}},"type":"cond-expr","locations":[{"start":{"line":118,"column":35},"end":{"line":118,"column":69}},{"start":{"line":118,"column":72},"end":{"line":118,"column":75}}],"line":118},"5":{"loc":{"start":{"line":120,"column":27},"end":{"line":120,"column":54}},"type":"binary-expr","locations":[{"start":{"line":120,"column":27},"end":{"line":120,"column":49}},{"start":{"line":120,"column":53},"end":{"line":120,"column":54}}],"line":120},"6":{"loc":{"start":{"line":121,"column":27},"end":{"line":121,"column":51}},"type":"binary-expr","locations":[{"start":{"line":121,"column":27},"end":{"line":121,"column":45}},{"start":{"line":121,"column":49},"end":{"line":121,"column":51}}],"line":121},"7":{"loc":{"start":{"line":123,"column":38},"end":{"line":125,"column":50}},"type":"cond-expr","locations":[{"start":{"line":124,"column":16},"end":{"line":124,"column":20}},{"start":{"line":125,"column":16},"end":{"line":125,"column":50}}],"line":123},"8":{"loc":{"start":{"line":126,"column":39},"end":{"line":128,"column":51}},"type":"cond-expr","locations":[{"start":{"line":127,"column":16},"end":{"line":127,"column":21}},{"start":{"line":128,"column":16},"end":{"line":128,"column":51}}],"line":126},"9":{"loc":{"start":{"line":126,"column":39},"end":{"line":126,"column":97}},"type":"binary-expr","locations":[{"start":{"line":126,"column":39},"end":{"line":126,"column":58}},{"start":{"line":126,"column":62},"end":{"line":126,"column":97}}],"line":126},"10":{"loc":{"start":{"line":129,"column":37},"end":{"line":131,"column":49}},"type":"cond-expr","locations":[{"start":{"line":130,"column":16},"end":{"line":130,"column":19}},{"start":{"line":131,"column":16},"end":{"line":131,"column":49}}],"line":129},"11":{"loc":{"start":{"line":129,"column":37},"end":{"line":129,"column":95}},"type":"binary-expr","locations":[{"start":{"line":129,"column":37},"end":{"line":129,"column":56}},{"start":{"line":129,"column":60},"end":{"line":129,"column":95}}],"line":129},"12":{"loc":{"start":{"line":157,"column":15},"end":{"line":157,"column":55}},"type":"binary-expr","locations":[{"start":{"line":157,"column":15},"end":{"line":157,"column":47}},{"start":{"line":157,"column":51},"end":{"line":157,"column":55}}],"line":157},"13":{"loc":{"start":{"line":169,"column":10},"end":{"line":172,"column":11}},"type":"if","locations":[{"start":{"line":169,"column":10},"end":{"line":172,"column":11}},{"start":{},"end":{}}],"line":169},"14":{"loc":{"start":{"line":179,"column":24},"end":{"line":179,"column":78}},"type":"cond-expr","locations":[{"start":{"line":179,"column":40},"end":{"line":179,"column":74}},{"start":{"line":179,"column":77},"end":{"line":179,"column":78}}],"line":179},"15":{"loc":{"start":{"line":191,"column":15},"end":{"line":191,"column":64}},"type":"cond-expr","locations":[{"start":{"line":191,"column":38},"end":{"line":191,"column":60}},{"start":{"line":191,"column":63},"end":{"line":191,"column":64}}],"line":191},"16":{"loc":{"start":{"line":196,"column":15},"end":{"line":196,"column":42}},"type":"binary-expr","locations":[{"start":{"line":196,"column":15},"end":{"line":196,"column":37}},{"start":{"line":196,"column":41},"end":{"line":196,"column":42}}],"line":196},"17":{"loc":{"start":{"line":204,"column":29},"end":{"line":204,"column":38}},"type":"default-arg","locations":[{"start":{"line":204,"column":37},"end":{"line":204,"column":38}}],"line":204},"18":{"loc":{"start":{"line":212,"column":8},"end":{"line":214,"column":9}},"type":"if","locations":[{"start":{"line":212,"column":8},"end":{"line":214,"column":9}},{"start":{},"end":{}}],"line":212},"19":{"loc":{"start":{"line":228,"column":8},"end":{"line":228,"column":37}},"type":"if","locations":[{"start":{"line":228,"column":8},"end":{"line":228,"column":37}},{"start":{},"end":{}}],"line":228},"20":{"loc":{"start":{"line":231,"column":27},"end":{"line":231,"column":50}},"type":"binary-expr","locations":[{"start":{"line":231,"column":27},"end":{"line":231,"column":45}},{"start":{"line":231,"column":49},"end":{"line":231,"column":50}}],"line":231},"21":{"loc":{"start":{"line":232,"column":8},"end":{"line":232,"column":44}},"type":"if","locations":[{"start":{"line":232,"column":8},"end":{"line":232,"column":44}},{"start":{},"end":{}}],"line":232},"22":{"loc":{"start":{"line":237,"column":16},"end":{"line":237,"column":43}},"type":"binary-expr","locations":[{"start":{"line":237,"column":16},"end":{"line":237,"column":29}},{"start":{"line":237,"column":33},"end":{"line":237,"column":43}}],"line":237},"23":{"loc":{"start":{"line":237,"column":50},"end":{"line":237,"column":83}},"type":"binary-expr","locations":[{"start":{"line":237,"column":50},"end":{"line":237,"column":69}},{"start":{"line":237,"column":73},"end":{"line":237,"column":83}}],"line":237},"24":{"loc":{"start":{"line":242,"column":16},"end":{"line":242,"column":33}},"type":"binary-expr","locations":[{"start":{"line":242,"column":16},"end":{"line":242,"column":28}},{"start":{"line":242,"column":32},"end":{"line":242,"column":33}}],"line":242},"25":{"loc":{"start":{"line":245,"column":8},"end":{"line":245,"column":44}},"type":"if","locations":[{"start":{"line":245,"column":8},"end":{"line":245,"column":44}},{"start":{},"end":{}}],"line":245}},"s":{"0":1,"1":1,"2":4,"3":1,"4":84,"5":84,"6":84,"7":84,"8":84,"9":84,"10":84,"11":15,"12":4,"13":4,"14":4,"15":4,"16":4,"17":18,"18":18,"19":3,"20":3,"21":4,"22":3,"23":3,"24":4,"25":3,"26":3,"27":5,"28":3,"29":2,"30":2,"31":3,"32":3,"33":5,"34":5,"35":13,"36":5,"37":1,"38":4,"39":10,"40":4,"41":10,"42":4,"43":5,"44":5,"45":1,"46":4,"47":4,"48":1,"49":3,"50":3,"51":27,"52":3,"53":4,"54":3,"55":0,"56":3,"57":3,"58":76,"59":1,"60":216},"f":{"0":1,"1":4,"2":1,"3":84,"4":84,"5":15,"6":4,"7":18,"8":3,"9":4,"10":3,"11":5,"12":2,"13":3,"14":5,"15":13,"16":10,"17":10,"18":5,"19":27,"20":4,"21":76,"22":1,"23":216},"b":{"0":[66],"1":[84,5],"2":[84,75],"3":[10,74],"4":[10,74],"5":[84,74],"6":[84,74],"7":[5,79],"8":[4,80],"9":[84,5],"10":[4,80],"11":[84,5],"12":[15,1],"13":[3,15],"14":[2,2],"15":[2,1],"16":[2,1],"17":[4],"18":[1,4],"19":[1,4],"20":[4,0],"21":[1,3],"22":[27,0],"23":[27,0],"24":[4,0],"25":[0,3]},"_coverageSchema":"1a1c01bbd47fc00a2c39e90264f33305004495a9","hash":"6563849ce877afa547cb0e4e7b762327d1bc26ef"}
,"/Users/kaya/Coding/spidrid/src/store/onboardingStore.ts": {"path":"/Users/kaya/Coding/spidrid/src/store/onboardingStore.ts","statementMap":{"0":{"start":{"line":19,"column":34},"end":{"line":54,"column":1}},"1":{"start":{"line":21,"column":19},"end":{"line":48,"column":5}},"2":{"start":{"line":26,"column":35},"end":{"line":26,"column":53}},"3":{"start":{"line":28,"column":51},"end":{"line":28,"column":77}},"4":{"start":{"line":31,"column":24},"end":{"line":31,"column":47}},"5":{"start":{"line":32,"column":27},"end":{"line":32,"column":55}},"6":{"start":{"line":33,"column":8},"end":{"line":37,"column":11}},"7":{"start":{"line":35,"column":37},"end":{"line":35,"column":54}},"8":{"start":{"line":40,"column":32},"end":{"line":40,"column":69}},"9":{"start":{"line":43,"column":8},"end":{"line":47,"column":10}},"10":{"start":{"line":51,"column":39},"end":{"line":51,"column":51}}},"fnMap":{"0":{"name":"(anonymous_0)","decl":{"start":{"line":21,"column":4},"end":{"line":21,"column":5}},"loc":{"start":{"line":21,"column":19},"end":{"line":48,"column":5}},"line":21},"1":{"name":"(anonymous_1)","decl":{"start":{"line":26,"column":20},"end":{"line":26,"column":21}},"loc":{"start":{"line":26,"column":35},"end":{"line":26,"column":53}},"line":26},"2":{"name":"(anonymous_2)","decl":{"start":{"line":28,"column":28},"end":{"line":28,"column":29}},"loc":{"start":{"line":28,"column":51},"end":{"line":28,"column":77}},"line":28},"3":{"name":"(anonymous_3)","decl":{"start":{"line":30,"column":22},"end":{"line":30,"column":23}},"loc":{"start":{"line":30,"column":38},"end":{"line":38,"column":7}},"line":30},"4":{"name":"(anonymous_4)","decl":{"start":{"line":35,"column":29},"end":{"line":35,"column":30}},"loc":{"start":{"line":35,"column":37},"end":{"line":35,"column":54}},"line":35},"5":{"name":"(anonymous_5)","decl":{"start":{"line":40,"column":26},"end":{"line":40,"column":27}},"loc":{"start":{"line":40,"column":32},"end":{"line":40,"column":69}},"line":40},"6":{"name":"(anonymous_6)","decl":{"start":{"line":42,"column":23},"end":{"line":42,"column":24}},"loc":{"start":{"line":43,"column":8},"end":{"line":47,"column":10}},"line":43},"7":{"name":"(anonymous_7)","decl":{"start":{"line":51,"column":33},"end":{"line":51,"column":34}},"loc":{"start":{"line":51,"column":39},"end":{"line":51,"column":51}},"line":51}},"branchMap":{"0":{"loc":{"start":{"line":34,"column":29},"end":{"line":36,"column":38}},"type":"cond-expr","locations":[{"start":{"line":35,"column":14},"end":{"line":35,"column":55}},{"start":{"line":36,"column":14},"end":{"line":36,"column":38}}],"line":34}},"s":{"0":1,"1":1,"2":11,"3":12,"4":12,"5":12,"6":12,"7":6,"8":11,"9":32,"10":1},"f":{"0":1,"1":11,"2":12,"3":12,"4":6,"5":11,"6":32,"7":1},"b":{"0":[3,9]},"_coverageSchema":"1a1c01bbd47fc00a2c39e90264f33305004495a9","hash":"b5cd46a204913c709bc7df68d430e9e9af18beb8"}
,"/Users/kaya/Coding/spidrid/src/store/settingsStore.ts": {"path":"/Users/kaya/Coding/spidrid/src/store/settingsStore.ts","statementMap":{"0":{"start":{"line":20,"column":32},"end":{"line":59,"column":1}},"1":{"start":{"line":22,"column":14},"end":{"line":43,"column":5}},"2":{"start":{"line":26,"column":29},"end":{"line":29,"column":8}},"3":{"start":{"line":31,"column":37},"end":{"line":31,"column":56}},"4":{"start":{"line":32,"column":45},"end":{"line":32,"column":68}},"5":{"start":{"line":33,"column":49},"end":{"line":33,"column":74}},"6":{"start":{"line":34,"column":33},"end":{"line":34,"column":50}},"7":{"start":{"line":35,"column":45},"end":{"line":35,"column":68}},"8":{"start":{"line":36,"column":33},"end":{"line":36,"column":50}},"9":{"start":{"line":37,"column":47},"end":{"line":37,"column":71}},"10":{"start":{"line":39,"column":27},"end":{"line":42,"column":8}},"11":{"start":{"line":46,"column":39},"end":{"line":46,"column":51}},"12":{"start":{"line":47,"column":30},"end":{"line":56,"column":7}}},"fnMap":{"0":{"name":"(anonymous_0)","decl":{"start":{"line":22,"column":4},"end":{"line":22,"column":5}},"loc":{"start":{"line":22,"column":14},"end":{"line":43,"column":5}},"line":22},"1":{"name":"(anonymous_1)","decl":{"start":{"line":26,"column":16},"end":{"line":26,"column":17}},"loc":{"start":{"line":26,"column":29},"end":{"line":29,"column":8}},"line":26},"2":{"name":"(anonymous_2)","decl":{"start":{"line":31,"column":21},"end":{"line":31,"column":22}},"loc":{"start":{"line":31,"column":37},"end":{"line":31,"column":56}},"line":31},"3":{"name":"(anonymous_3)","decl":{"start":{"line":32,"column":25},"end":{"line":32,"column":26}},"loc":{"start":{"line":32,"column":45},"end":{"line":32,"column":68}},"line":32},"4":{"name":"(anonymous_4)","decl":{"start":{"line":33,"column":27},"end":{"line":33,"column":28}},"loc":{"start":{"line":33,"column":49},"end":{"line":33,"column":74}},"line":33},"5":{"name":"(anonymous_5)","decl":{"start":{"line":34,"column":19},"end":{"line":34,"column":20}},"loc":{"start":{"line":34,"column":33},"end":{"line":34,"column":50}},"line":34},"6":{"name":"(anonymous_6)","decl":{"start":{"line":35,"column":25},"end":{"line":35,"column":26}},"loc":{"start":{"line":35,"column":45},"end":{"line":35,"column":68}},"line":35},"7":{"name":"(anonymous_7)","decl":{"start":{"line":36,"column":19},"end":{"line":36,"column":20}},"loc":{"start":{"line":36,"column":33},"end":{"line":36,"column":50}},"line":36},"8":{"name":"(anonymous_8)","decl":{"start":{"line":37,"column":26},"end":{"line":37,"column":27}},"loc":{"start":{"line":37,"column":47},"end":{"line":37,"column":71}},"line":37},"9":{"name":"(anonymous_9)","decl":{"start":{"line":39,"column":21},"end":{"line":39,"column":22}},"loc":{"start":{"line":39,"column":27},"end":{"line":42,"column":8}},"line":39},"10":{"name":"(anonymous_10)","decl":{"start":{"line":46,"column":33},"end":{"line":46,"column":34}},"loc":{"start":{"line":46,"column":39},"end":{"line":46,"column":51}},"line":46},"11":{"name":"(anonymous_11)","decl":{"start":{"line":47,"column":18},"end":{"line":47,"column":19}},"loc":{"start":{"line":47,"column":30},"end":{"line":56,"column":7}},"line":47}},"branchMap":{"0":{"loc":{"start":{"line":28,"column":15},"end":{"line":28,"column":45}},"type":"binary-expr","locations":[{"start":{"line":28,"column":15},"end":{"line":28,"column":30}},{"start":{"line":28,"column":34},"end":{"line":28,"column":45}}],"line":28}},"s":{"0":16,"1":16,"2":13,"3":4,"4":4,"5":4,"6":4,"7":4,"8":5,"9":14,"10":40,"11":16,"12":324},"f":{"0":16,"1":13,"2":4,"3":4,"4":4,"5":4,"6":4,"7":5,"8":14,"9":40,"10":16,"11":324},"b":{"0":[13,1]},"_coverageSchema":"1a1c01bbd47fc00a2c39e90264f33305004495a9","hash":"5b2e70fc57c42b20df9cc974b68853a2d2d77fd9"}
,"/Users/kaya/Coding/spidrid/src/store/subscriptionStore.ts": {"path":"/Users/kaya/Coding/spidrid/src/store/subscriptionStore.ts","statementMap":{"0":{"start":{"line":27,"column":36},"end":{"line":109,"column":1}},"1":{"start":{"line":29,"column":19},"end":{"line":99,"column":5}},"2":{"start":{"line":38,"column":8},"end":{"line":38,"column":42}},"3":{"start":{"line":38,"column":34},"end":{"line":38,"column":41}},"4":{"start":{"line":39,"column":8},"end":{"line":39,"column":33}},"5":{"start":{"line":46,"column":8},"end":{"line":46,"column":63}},"6":{"start":{"line":46,"column":37},"end":{"line":46,"column":61}},"7":{"start":{"line":47,"column":8},"end":{"line":47,"column":55}},"8":{"start":{"line":52,"column":8},"end":{"line":52,"column":27}},"9":{"start":{"line":57,"column":8},"end":{"line":57,"column":77}},"10":{"start":{"line":57,"column":22},"end":{"line":57,"column":74}},"11":{"start":{"line":62,"column":8},"end":{"line":62,"column":39}},"12":{"start":{"line":67,"column":8},"end":{"line":67,"column":33}},"13":{"start":{"line":69,"column":8},"end":{"line":69,"column":64}},"14":{"start":{"line":69,"column":37},"end":{"line":69,"column":62}},"15":{"start":{"line":70,"column":8},"end":{"line":70,"column":51}},"16":{"start":{"line":71,"column":8},"end":{"line":71,"column":20}},"17":{"start":{"line":76,"column":8},"end":{"line":76,"column":33}},"18":{"start":{"line":77,"column":8},"end":{"line":77,"column":63}},"19":{"start":{"line":77,"column":37},"end":{"line":77,"column":61}},"20":{"start":{"line":79,"column":8},"end":{"line":79,"column":34}},"21":{"start":{"line":80,"column":8},"end":{"line":80,"column":31}},"22":{"start":{"line":85,"column":50},"end":{"line":85,"column":55}},"23":{"start":{"line":86,"column":8},"end":{"line":86,"column":78}},"24":{"start":{"line":91,"column":8},"end":{"line":91,"column":83}},"25":{"start":{"line":96,"column":23},"end":{"line":96,"column":40}},"26":{"start":{"line":97,"column":8},"end":{"line":97,"column":29}},"27":{"start":{"line":102,"column":39},"end":{"line":102,"column":51}},"28":{"start":{"line":103,"column":30},"end":{"line":106,"column":7}}},"fnMap":{"0":{"name":"(anonymous_0)","decl":{"start":{"line":29,"column":4},"end":{"line":29,"column":5}},"loc":{"start":{"line":29,"column":19},"end":{"line":99,"column":5}},"line":29},"1":{"name":"(anonymous_1)","decl":{"start":{"line":37,"column":18},"end":{"line":37,"column":19}},"loc":{"start":{"line":37,"column":30},"end":{"line":48,"column":7}},"line":37},"2":{"name":"(anonymous_2)","decl":{"start":{"line":46,"column":26},"end":{"line":46,"column":27}},"loc":{"start":{"line":46,"column":37},"end":{"line":46,"column":61}},"line":46},"3":{"name":"(anonymous_3)","decl":{"start":{"line":51,"column":18},"end":{"line":51,"column":19}},"loc":{"start":{"line":51,"column":33},"end":{"line":53,"column":7}},"line":51},"4":{"name":"(anonymous_4)","decl":{"start":{"line":56,"column":29},"end":{"line":56,"column":30}},"loc":{"start":{"line":56,"column":35},"end":{"line":58,"column":7}},"line":56},"5":{"name":"(anonymous_5)","decl":{"start":{"line":57,"column":12},"end":{"line":57,"column":13}},"loc":{"start":{"line":57,"column":22},"end":{"line":57,"column":74}},"line":57},"6":{"name":"(anonymous_6)","decl":{"start":{"line":61,"column":25},"end":{"line":61,"column":26}},"loc":{"start":{"line":61,"column":31},"end":{"line":63,"column":7}},"line":61},"7":{"name":"(anonymous_7)","decl":{"start":{"line":66,"column":24},"end":{"line":66,"column":25}},"loc":{"start":{"line":66,"column":36},"end":{"line":72,"column":7}},"line":66},"8":{"name":"(anonymous_8)","decl":{"start":{"line":69,"column":26},"end":{"line":69,"column":27}},"loc":{"start":{"line":69,"column":37},"end":{"line":69,"column":62}},"line":69},"9":{"name":"(anonymous_9)","decl":{"start":{"line":75,"column":23},"end":{"line":75,"column":24}},"loc":{"start":{"line":75,"column":35},"end":{"line":81,"column":7}},"line":75},"10":{"name":"(anonymous_10)","decl":{"start":{"line":77,"column":26},"end":{"line":77,"column":27}},"loc":{"start":{"line":77,"column":37},"end":{"line":77,"column":61}},"line":77},"11":{"name":"(anonymous_11)","decl":{"start":{"line":84,"column":24},"end":{"line":84,"column":25}},"loc":{"start":{"line":84,"column":30},"end":{"line":87,"column":7}},"line":84},"12":{"name":"(anonymous_12)","decl":{"start":{"line":90,"column":17},"end":{"line":90,"column":18}},"loc":{"start":{"line":90,"column":23},"end":{"line":92,"column":7}},"line":90},"13":{"name":"(anonymous_13)","decl":{"start":{"line":95,"column":17},"end":{"line":95,"column":18}},"loc":{"start":{"line":95,"column":34},"end":{"line":98,"column":7}},"line":95},"14":{"name":"(anonymous_14)","decl":{"start":{"line":102,"column":33},"end":{"line":102,"column":34}},"loc":{"start":{"line":102,"column":39},"end":{"line":102,"column":51}},"line":102},"15":{"name":"(anonymous_15)","decl":{"start":{"line":103,"column":18},"end":{"line":103,"column":19}},"loc":{"start":{"line":103,"column":30},"end":{"line":106,"column":7}},"line":103}},"branchMap":{"0":{"loc":{"start":{"line":38,"column":8},"end":{"line":38,"column":42}},"type":"if","locations":[{"start":{"line":38,"column":8},"end":{"line":38,"column":42}},{"start":{},"end":{}}],"line":38},"1":{"loc":{"start":{"line":86,"column":15},"end":{"line":86,"column":77}},"type":"binary-expr","locations":[{"start":{"line":86,"column":15},"end":{"line":86,"column":24}},{"start":{"line":86,"column":28},"end":{"line":86,"column":77}}],"line":86},"2":{"loc":{"start":{"line":91,"column":15},"end":{"line":91,"column":82}},"type":"cond-expr","locations":[{"start":{"line":91,"column":33},"end":{"line":91,"column":55}},{"start":{"line":91,"column":58},"end":{"line":91,"column":82}}],"line":91}},"s":{"0":1,"1":1,"2":4,"3":1,"4":3,"5":3,"6":3,"7":3,"8":51,"9":33,"10":33,"11":40,"12":2,"13":2,"14":2,"15":2,"16":2,"17":3,"18":3,"19":3,"20":3,"21":3,"22":5,"23":5,"24":16,"25":12,"26":12,"27":1,"28":172},"f":{"0":1,"1":4,"2":3,"3":51,"4":33,"5":33,"6":40,"7":2,"8":2,"9":3,"10":3,"11":5,"12":16,"13":12,"14":1,"15":172},"b":{"0":[1,3],"1":[5,4],"2":[8,8]},"_coverageSchema":"1a1c01bbd47fc00a2c39e90264f33305004495a9","hash":"f8ca28d50717597ed9f7a7bb4c3c53868fd39e7a"}
}
