TN:
SF:src/app/index.tsx
FN:4,Index
FNF:1
FNH:1
FNDA:3,Index
DA:5,3
DA:7,3
DA:8,1
DA:11,2
DA:12,1
DA:15,1
LF:6
LH:6
BRDA:7,0,0,1
BRDA:7,0,1,2
BRDA:11,1,0,1
BRDA:11,1,1,1
BRF:4
BRH:4
end_of_record
TN:
SF:src/app/(tabs)/learn.tsx
FN:10,LearnScreen
FN:21,(anonymous_1)
FN:46,(anonymous_2)
FN:57,(anonymous_3)
FN:67,(anonymous_4)
FNF:5
FNH:4
FNDA:11,LearnScreen
FNDA:0,(anonymous_1)
FNDA:1,(anonymous_2)
FNDA:165,(anonymous_3)
FNDA:1,(anonymous_4)
DA:11,11
DA:12,11
DA:13,11
DA:15,11
DA:16,11
DA:19,11
DA:20,11
DA:21,0
DA:24,11
DA:46,1
DA:58,165
DA:59,165
DA:63,165
DA:67,1
DA:97,1
LF:15
LH:14
BRDA:20,0,0,0
BRDA:20,0,1,11
BRDA:37,1,0,11
BRDA:37,1,1,2
BRF:4
BRH:3
end_of_record
TN:
SF:src/app/(tabs)/profile.tsx
FN:21,ProfileScreen
FN:30,(anonymous_1)
FN:37,(anonymous_2)
FN:47,(anonymous_3)
FN:48,(anonymous_4)
FN:53,(anonymous_5)
FN:59,(anonymous_6)
FN:65,(anonymous_7)
FN:122,(anonymous_8)
FN:132,(anonymous_9)
FN:139,(anonymous_10)
FN:162,(anonymous_11)
FN:169,(anonymous_12)
FN:198,(anonymous_13)
FN:199,(anonymous_14)
FN:208,(anonymous_15)
FN:241,(anonymous_16)
FN:248,(anonymous_17)
FN:258,(anonymous_18)
FN:266,(anonymous_19)
FNF:20
FNH:10
FNDA:15,ProfileScreen
FNDA:225,(anonymous_1)
FNDA:30,(anonymous_2)
FNDA:30,(anonymous_3)
FNDA:45,(anonymous_4)
FNDA:15,(anonymous_5)
FNDA:0,(anonymous_6)
FNDA:0,(anonymous_7)
FNDA:0,(anonymous_8)
FNDA:0,(anonymous_9)
FNDA:0,(anonymous_10)
FNDA:0,(anonymous_11)
FNDA:15,(anonymous_12)
FNDA:30,(anonymous_13)
FNDA:30,(anonymous_14)
FNDA:0,(anonymous_15)
FNDA:0,(anonymous_16)
FNDA:0,(anonymous_17)
FNDA:60,(anonymous_18)
FNDA:0,(anonymous_19)
DA:22,15
DA:23,15
DA:24,15
DA:25,15
DA:26,15
DA:27,15
DA:28,15
DA:30,225
DA:32,15
DA:33,15
DA:34,15
DA:36,15
DA:37,30
DA:38,15
DA:39,15
DA:42,15
DA:44,15
DA:47,15
DA:48,45
DA:49,30
DA:50,30
DA:53,15
DA:55,15
DA:59,0
DA:65,0
DA:122,0
DA:133,0
DA:140,0
DA:141,0
DA:162,0
DA:170,15
DA:199,30
DA:200,30
DA:202,30
DA:203,15
DA:208,0
DA:212,15
DA:241,0
DA:248,0
DA:259,60
DA:266,0
DA:302,1
LF:42
LH:31
BRDA:49,0,0,0
BRDA:49,0,1,30
BRDA:53,1,0,15
BRDA:53,1,1,0
BRDA:79,2,0,15
BRDA:79,2,1,0
BRDA:126,3,0,0
BRDA:126,3,1,15
BRDA:130,4,0,15
BRDA:130,4,1,0
BRDA:137,5,0,0
BRDA:137,5,1,0
BRDA:148,6,0,0
BRDA:148,6,1,0
BRDA:167,7,0,15
BRDA:167,7,1,0
BRDA:191,8,0,15
BRDA:191,8,1,0
BRDA:202,9,0,15
BRDA:202,9,1,15
BRDA:222,10,0,0
BRDA:222,10,1,15
BRDA:223,11,0,0
BRDA:223,11,1,15
BRDA:230,12,0,15
BRDA:230,12,1,15
BRDA:238,13,0,15
BRDA:238,13,1,0
BRDA:264,14,0,60
BRDA:264,14,1,0
BRDA:275,15,0,15
BRDA:275,15,1,15
BRDA:275,15,2,15
BRF:33
BRH:18
end_of_record
TN:
SF:src/app/(tabs)/read.tsx
FN:22,ReadScreen
FN:34,(anonymous_1)
FN:35,(anonymous_2)
FN:49,(anonymous_3)
FN:73,(anonymous_4)
FN:96,(anonymous_5)
FN:102,(anonymous_6)
FN:107,(anonymous_7)
FN:116,(anonymous_8)
FN:125,(anonymous_9)
FN:133,(anonymous_10)
FN:218,(anonymous_11)
FN:229,(anonymous_12)
FN:246,(anonymous_13)
FN:250,(anonymous_14)
FN:251,(anonymous_15)
FNF:16
FNH:8
FNDA:19,ReadScreen
FNDA:2,(anonymous_1)
FNDA:2,(anonymous_2)
FNDA:0,(anonymous_3)
FNDA:0,(anonymous_4)
FNDA:0,(anonymous_5)
FNDA:0,(anonymous_6)
FNDA:19,(anonymous_7)
FNDA:0,(anonymous_8)
FNDA:0,(anonymous_9)
FNDA:0,(anonymous_10)
FNDA:3,(anonymous_11)
FNDA:3,(anonymous_12)
FNDA:19,(anonymous_13)
FNDA:2,(anonymous_14)
FNDA:0,(anonymous_15)
DA:23,19
DA:24,19
DA:25,19
DA:27,19
DA:28,19
DA:29,19
DA:30,19
DA:31,19
DA:32,19
DA:34,19
DA:35,2
DA:36,2
DA:39,2
DA:40,2
DA:41,1
DA:42,1
DA:46,1
DA:49,19
DA:50,0
DA:53,0
DA:54,0
DA:55,0
DA:58,0
DA:59,0
DA:60,0
DA:62,0
DA:63,0
DA:64,0
DA:65,0
DA:66,0
DA:67,0
DA:69,0
DA:73,19
DA:74,0
DA:77,0
DA:78,0
DA:79,0
DA:82,0
DA:84,0
DA:85,0
DA:86,0
DA:87,0
DA:88,0
DA:89,0
DA:90,0
DA:92,0
DA:96,19
DA:97,0
DA:102,0
DA:107,19
DA:108,19
DA:109,19
DA:112,19
DA:116,0
DA:125,0
DA:133,0
DA:218,3
DA:229,3
DA:247,19
DA:250,2
DA:251,0
DA:301,1
LF:62
LH:29
BRDA:36,0,0,0
BRDA:36,0,1,2
BRDA:39,1,0,2
BRDA:39,1,1,0
BRDA:39,2,0,2
BRDA:39,2,1,2
BRDA:40,3,0,1
BRDA:40,3,1,1
BRDA:50,4,0,0
BRDA:50,4,1,0
BRDA:53,5,0,0
BRDA:53,5,1,0
BRDA:53,6,0,0
BRDA:53,6,1,0
BRDA:62,7,0,0
BRDA:62,7,1,0
BRDA:62,8,0,0
BRDA:62,8,1,0
BRDA:64,9,0,0
BRDA:64,9,1,0
BRDA:69,10,0,0
BRDA:69,10,1,0
BRDA:74,11,0,0
BRDA:74,11,1,0
BRDA:77,12,0,0
BRDA:77,12,1,0
BRDA:77,13,0,0
BRDA:77,13,1,0
BRDA:82,14,0,0
BRDA:82,14,1,0
BRDA:84,15,0,0
BRDA:84,15,1,0
BRDA:84,16,0,0
BRDA:84,16,1,0
BRDA:86,17,0,0
BRDA:86,17,1,0
BRDA:92,18,0,0
BRDA:92,18,1,0
BRDA:131,19,0,3
BRDA:131,19,1,16
BRDA:138,20,0,19
BRDA:138,20,1,3
BRDA:157,21,0,3
BRDA:157,21,1,0
BRDA:160,22,0,3
BRDA:160,22,1,3
BRDA:162,23,0,0
BRDA:162,23,1,3
BRDA:171,24,0,19
BRDA:171,24,1,3
BRDA:240,25,0,19
BRDA:240,25,1,19
BRDA:262,26,0,19
BRDA:262,26,1,0
BRDA:270,27,0,0
BRDA:270,27,1,19
BRDA:289,28,0,19
BRDA:289,28,1,0
BRF:58
BRH:21
end_of_record
TN:
SF:src/app/article/[id].tsx
FN:29,getQuestionData
FN:43,ArticleReaderScreen
FN:62,(anonymous_2)
FN:69,(anonymous_3)
FN:75,(anonymous_4)
FN:79,(anonymous_5)
FN:93,(anonymous_6)
FN:100,(anonymous_7)
FN:104,(anonymous_8)
FN:106,(anonymous_9)
FN:126,(anonymous_10)
FN:137,(anonymous_11)
FN:143,(anonymous_12)
FN:148,(anonymous_13)
FN:178,(anonymous_14)
FN:204,(anonymous_15)
FN:206,(anonymous_16)
FN:221,(anonymous_17)
FN:281,(anonymous_18)
FN:288,(anonymous_19)
FNF:20
FNH:5
FNDA:0,getQuestionData
FNDA:8,ArticleReaderScreen
FNDA:7,(anonymous_2)
FNDA:0,(anonymous_3)
FNDA:7,(anonymous_4)
FNDA:0,(anonymous_5)
FNDA:0,(anonymous_6)
FNDA:0,(anonymous_7)
FNDA:0,(anonymous_8)
FNDA:0,(anonymous_9)
FNDA:0,(anonymous_10)
FNDA:0,(anonymous_11)
FNDA:0,(anonymous_12)
FNDA:1,(anonymous_13)
FNDA:1,(anonymous_14)
FNDA:0,(anonymous_15)
FNDA:0,(anonymous_16)
FNDA:0,(anonymous_17)
FNDA:0,(anonymous_18)
FNDA:0,(anonymous_19)
DA:33,0
DA:36,0
DA:37,0
DA:40,0
DA:44,8
DA:45,8
DA:46,8
DA:47,8
DA:48,8
DA:50,8
DA:51,8
DA:53,8
DA:54,8
DA:55,8
DA:56,8
DA:57,8
DA:58,8
DA:59,8
DA:61,8
DA:62,7
DA:66,8
DA:69,8
DA:70,0
DA:71,0
DA:75,8
DA:76,7
DA:78,0
DA:79,0
DA:83,8
DA:84,1
DA:91,7
DA:93,7
DA:94,0
DA:95,0
DA:97,0
DA:98,0
DA:99,0
DA:100,0
DA:104,0
DA:105,0
DA:106,0
DA:107,0
DA:110,0
DA:111,0
DA:112,0
DA:115,0
DA:116,0
DA:117,0
DA:118,0
DA:121,0
DA:126,7
DA:127,0
DA:128,0
DA:131,7
DA:133,7
DA:137,0
DA:143,0
DA:148,1
DA:178,1
DA:205,0
DA:206,0
DA:207,0
DA:208,0
DA:209,0
DA:211,0
DA:212,0
DA:213,0
DA:214,0
DA:217,0
DA:221,0
DA:281,0
DA:289,0
DA:290,0
DA:291,0
DA:292,0
DA:293,0
DA:307,1
LF:77
LH:30
BRDA:36,0,0,0
BRDA:36,0,1,0
BRDA:51,1,0,7
BRDA:51,1,1,1
BRDA:62,2,0,6
BRDA:62,2,1,1
BRDA:76,3,0,0
BRDA:76,3,1,7
BRDA:76,4,0,7
BRDA:76,4,1,0
BRDA:76,4,2,0
BRDA:76,4,3,0
BRDA:83,5,0,1
BRDA:83,5,1,7
BRDA:83,6,0,8
BRDA:83,6,1,7
BRDA:94,7,0,0
BRDA:94,7,1,0
BRDA:99,8,0,0
BRDA:99,8,1,0
BRDA:105,9,0,0
BRDA:105,9,1,0
BRDA:110,10,0,0
BRDA:110,10,1,0
BRDA:117,11,0,0
BRDA:117,11,1,0
BRDA:160,12,0,7
BRDA:160,12,1,7
BRDA:191,13,0,7
BRDA:191,13,1,0
BRDA:191,13,2,0
BRDA:212,14,0,0
BRDA:212,14,1,0
BRDA:213,15,0,0
BRDA:213,15,1,0
BRDA:214,16,0,0
BRDA:214,16,1,0
BRDA:227,17,0,0
BRDA:227,17,1,0
BRDA:227,17,2,0
BRDA:230,18,0,0
BRDA:230,18,1,0
BRDA:230,18,2,0
BRDA:230,18,3,0
BRDA:241,19,0,7
BRDA:241,19,1,0
BRDA:255,20,0,0
BRDA:255,20,1,0
BRF:48
BRH:14
end_of_record
TN:
SF:src/app/content/[id].tsx
FN:15,ContentReaderScreen
FN:28,(anonymous_1)
FN:33,(anonymous_2)
FN:41,(anonymous_3)
FN:48,(anonymous_4)
FN:67,(anonymous_5)
FN:79,(anonymous_6)
FN:84,(anonymous_7)
FN:95,(anonymous_8)
FN:133,(anonymous_9)
FN:162,(anonymous_10)
FNF:11
FNH:8
FNDA:11,ContentReaderScreen
FNDA:10,(anonymous_1)
FNDA:10,(anonymous_2)
FNDA:10,(anonymous_3)
FNDA:10,(anonymous_4)
FNDA:10,(anonymous_5)
FNDA:0,(anonymous_6)
FNDA:1,(anonymous_7)
FNDA:0,(anonymous_8)
FNDA:0,(anonymous_9)
FNDA:1,(anonymous_10)
DA:16,11
DA:17,11
DA:18,11
DA:19,11
DA:20,11
DA:22,11
DA:23,11
DA:25,11
DA:27,11
DA:28,10
DA:33,11
DA:34,10
DA:35,9
DA:38,11
DA:41,11
DA:42,10
DA:43,0
DA:48,11
DA:49,10
DA:51,9
DA:54,9
DA:55,9
DA:56,0
DA:60,9
DA:61,0
DA:62,0
DA:67,11
DA:68,10
DA:71,11
DA:72,1
DA:79,10
DA:80,0
DA:81,0
DA:84,10
DA:86,1
DA:87,1
DA:88,1
DA:91,10
DA:95,0
DA:134,0
DA:135,0
DA:136,0
DA:162,1
DA:179,1
LF:44
LH:34
BRDA:28,0,0,9
BRDA:28,0,1,1
BRDA:34,1,0,1
BRDA:34,1,1,9
BRDA:34,2,0,10
BRDA:34,2,1,9
BRDA:42,3,0,0
BRDA:42,3,1,10
BRDA:42,4,0,10
BRDA:42,4,1,0
BRDA:49,5,0,1
BRDA:49,5,1,9
BRDA:49,6,0,10
BRDA:49,6,1,9
BRDA:55,7,0,0
BRDA:55,7,1,9
BRDA:55,8,0,9
BRDA:55,8,1,9
BRDA:60,9,0,0
BRDA:60,9,1,9
BRDA:60,10,0,9
BRDA:60,10,1,0
BRDA:60,10,2,0
BRDA:71,11,0,1
BRDA:71,11,1,10
BRDA:86,12,0,1
BRDA:86,12,1,0
BRDA:106,13,0,9
BRDA:106,13,1,1
BRDA:115,14,0,0
BRDA:115,14,1,10
BRF:31
BRH:23
end_of_record
TN:
SF:src/app/onboarding/purpose.tsx
FN:7,PurposeScreen
FN:11,(anonymous_1)
FN:16,(anonymous_2)
FNF:3
FNH:3
FNDA:6,PurposeScreen
FNDA:1,(anonymous_1)
FNDA:1,(anonymous_2)
DA:8,6
DA:9,6
DA:11,6
DA:12,1
DA:13,1
DA:16,6
DA:17,1
DA:18,1
DA:21,6
DA:66,1
LF:10
LH:10
BRF:0
BRH:0
end_of_record
TN:
SF:src/app/onboarding/topics.tsx
FN:9,TopicsScreen
FN:15,(anonymous_1)
FN:44,(anonymous_2)
FN:50,(anonymous_3)
FNF:4
FNH:4
FNDA:6,TopicsScreen
FNDA:1,(anonymous_1)
FNDA:90,(anonymous_2)
FNDA:1,(anonymous_3)
DA:10,6
DA:11,6
DA:13,6
DA:15,6
DA:16,1
DA:17,0
DA:19,1
DA:20,1
DA:21,0
DA:23,1
DA:28,6
DA:30,6
DA:45,90
DA:50,1
DA:81,1
LF:15
LH:13
BRDA:16,0,0,0
BRDA:16,0,1,1
BRDA:20,1,0,0
BRDA:20,1,1,1
BRDA:60,2,0,6
BRDA:60,2,1,0
BRDA:70,3,0,6
BRDA:70,3,1,0
BRDA:70,4,0,6
BRDA:70,4,1,0
BRDA:73,5,0,0
BRDA:73,5,1,6
BRF:12
BRH:6
end_of_record
TN:
SF:src/app/reader/demo.tsx
FN:14,DemoReaderScreen
FN:16,(anonymous_1)
FN:24,(anonymous_2)
FN:30,(anonymous_3)
FN:53,(anonymous_4)
FNF:5
FNH:4
FNDA:7,DemoReaderScreen
FNDA:6,(anonymous_1)
FNDA:0,(anonymous_2)
FNDA:1,(anonymous_3)
FNDA:1,(anonymous_4)
DA:12,1
DA:15,7
DA:16,7
DA:17,7
DA:18,7
DA:20,7
DA:24,0
DA:30,1
DA:53,1
DA:68,1
LF:10
LH:9
BRF:0
BRH:0
end_of_record
TN:
SF:src/app/topic/[id].tsx
FN:9,TopicScreen
FN:27,(anonymous_1)
FN:42,(anonymous_2)
FN:59,(anonymous_3)
FN:80,(anonymous_4)
FN:88,(anonymous_5)
FNF:6
FNH:6
FNDA:15,TopicScreen
FNDA:4,(anonymous_1)
FNDA:126,(anonymous_2)
FNDA:1,(anonymous_3)
FNDA:126,(anonymous_4)
FNDA:4,(anonymous_5)
DA:10,15
DA:11,15
DA:12,15
DA:13,15
DA:15,15
DA:16,15
DA:17,15
DA:19,15
DA:20,1
DA:27,14
DA:28,4
DA:31,4
DA:32,2
DA:33,1
DA:34,1
DA:36,1
DA:39,3
DA:42,14
DA:43,126
DA:45,42
DA:47,70
DA:49,14
DA:51,0
DA:55,14
DA:59,1
DA:81,126
DA:82,126
DA:84,126
DA:88,4
DA:132,1
LF:30
LH:29
BRDA:19,0,0,1
BRDA:19,0,1,14
BRDA:31,1,0,2
BRDA:31,1,1,2
BRDA:31,2,0,4
BRDA:31,2,1,2
BRDA:32,3,0,1
BRDA:32,3,1,1
BRDA:43,4,0,42
BRDA:43,4,1,70
BRDA:43,4,2,14
BRDA:43,4,3,0
BRDA:74,5,0,14
BRDA:74,5,1,14
BRDA:107,6,0,126
BRDA:107,6,1,108
BRDA:113,7,0,126
BRDA:113,7,1,108
BRDA:113,7,2,108
BRF:19
BRH:18
end_of_record
TN:
SF:src/components/certificates/CertificateCard.tsx
FN:12,CertificateCard
FN:98,LockedCertificateCard
FNF:2
FNH:2
FNDA:12,CertificateCard
FNDA:9,LockedCertificateCard
DA:13,12
DA:14,12
DA:16,12
DA:18,11
DA:19,11
DA:26,11
DA:64,11
DA:65,1
DA:80,10
DA:99,9
DA:100,9
DA:102,9
DA:104,8
DA:127,1
LF:14
LH:14
BRDA:12,0,0,8
BRDA:16,1,0,1
BRDA:16,1,1,11
BRDA:30,2,0,2
BRDA:30,2,1,9
BRDA:34,3,0,2
BRDA:34,3,1,9
BRDA:41,4,0,2
BRDA:41,4,1,9
BRDA:50,5,0,2
BRDA:50,5,1,9
BRDA:56,6,0,11
BRDA:56,6,1,2
BRDA:64,7,0,1
BRDA:64,7,1,10
BRDA:69,8,0,0
BRDA:69,8,1,1
BRDA:84,9,0,2
BRDA:84,9,1,8
BRDA:102,10,0,1
BRDA:102,10,1,8
BRF:21
BRH:20
end_of_record
TN:
SF:src/components/certificates/CertificateViewerModal.tsx
FN:25,CertificateViewerModal
FN:44,(anonymous_1)
FNF:2
FNH:2
FNDA:17,CertificateViewerModal
FNDA:3,(anonymous_1)
DA:30,17
DA:31,17
DA:32,17
DA:34,17
DA:36,17
DA:44,17
DA:45,3
DA:47,3
DA:48,3
DA:50,3
DA:51,3
DA:57,2
DA:59,1
DA:64,3
DA:66,3
DA:67,2
DA:72,17
DA:74,16
DA:144,1
LF:19
LH:19
BRDA:36,0,0,16
BRDA:36,0,1,1
BRDA:45,1,0,0
BRDA:45,1,1,3
BRDA:66,2,0,2
BRDA:66,2,1,1
BRDA:72,3,0,1
BRDA:72,3,1,16
BRDA:106,4,0,3
BRDA:106,4,1,13
BRF:10
BRH:9
end_of_record
TN:
SF:src/components/certificates/NewCertificateModal.tsx
FN:12,NewCertificateModal
FNF:1
FNH:1
FNDA:14,NewCertificateModal
DA:13,14
DA:15,14
DA:17,13
DA:18,13
DA:20,12
DA:61,1
LF:6
LH:6
BRDA:15,0,0,1
BRDA:15,0,1,13
BRDA:18,1,0,1
BRDA:18,1,1,12
BRF:4
BRH:4
end_of_record
TN:
SF:src/components/common/EdgeFadeScrollView.tsx
FN:16,EdgeFadeScrollView
FNF:1
FNH:1
FNDA:7,EdgeFadeScrollView
DA:24,7
DA:25,7
DA:28,7
DA:29,7
DA:31,7
DA:63,1
LF:6
LH:6
BRDA:19,0,0,6
BRDA:20,1,0,6
BRDA:21,2,0,6
BRF:3
BRH:3
end_of_record
TN:
SF:src/components/common/ThemeProvider.tsx
FN:12,ThemeProvider
FN:13,(anonymous_1)
FN:14,(anonymous_2)
FN:23,useTheme
FNF:4
FNH:4
FNDA:221,ThemeProvider
FNDA:585,(anonymous_1)
FNDA:585,(anonymous_2)
FNDA:330,useTheme
DA:10,17
DA:13,585
DA:14,585
DA:16,221
DA:24,330
DA:25,330
DA:26,0
DA:28,330
LF:8
LH:7
BRDA:25,0,0,0
BRDA:25,0,1,330
BRF:2
BRH:1
end_of_record
TN:
SF:src/components/controls/PlaybackControls.tsx
FN:25,PlaybackControls
FN:41,(anonymous_1)
FN:42,(anonymous_2)
FNF:3
FNH:3
FNDA:20,PlaybackControls
FNDA:3,(anonymous_1)
FNDA:3,(anonymous_2)
DA:37,20
DA:38,20
DA:39,20
DA:41,20
DA:42,20
DA:43,3
DA:44,3
DA:45,1
DA:47,2
DA:51,20
DA:119,1
LF:11
LH:11
BRDA:44,0,0,1
BRDA:44,0,1,2
BRDA:80,1,0,20
BRDA:80,1,1,20
BRDA:105,2,0,1
BRDA:105,2,1,19
BRF:6
BRH:6
end_of_record
TN:
SF:src/components/navigation/FloatingNavBar.tsx
FN:42,FloatingNavBar
FN:48,(anonymous_1)
FN:72,(anonymous_2)
FN:81,(anonymous_3)
FN:97,NavButton
FN:100,(anonymous_5)
FN:108,(anonymous_6)
FNF:7
FNH:5
FNDA:7,FloatingNavBar
FNDA:21,(anonymous_1)
FNDA:21,(anonymous_2)
FNDA:3,(anonymous_3)
FNDA:21,NavButton
FNDA:0,(anonymous_5)
FNDA:0,(anonymous_6)
DA:21,1
DA:43,7
DA:44,7
DA:45,7
DA:46,7
DA:48,7
DA:49,21
DA:50,21
DA:53,7
DA:54,7
DA:57,7
DA:61,7
DA:73,21
DA:74,21
DA:81,3
DA:98,21
DA:100,21
DA:101,0
DA:108,21
DA:109,0
DA:116,21
DA:141,1
LF:22
LH:20
BRDA:53,0,0,7
BRDA:53,0,1,0
BRDA:54,1,0,7
BRDA:54,1,1,0
BRDA:57,2,0,7
BRDA:57,2,1,0
BRDA:80,3,0,21
BRDA:80,3,1,0
BRDA:128,4,0,21
BRDA:128,4,1,7
BRDA:132,5,0,7
BRDA:132,5,1,14
BRDA:134,6,0,7
BRDA:134,6,1,14
BRF:14
BRH:10
end_of_record
TN:
SF:src/components/onboarding/InterestPill.tsx
FN:11,InterestPill
FNF:1
FNH:1
FNDA:105,InterestPill
DA:12,105
DA:14,105
DA:38,2
LF:3
LH:3
BRDA:19,0,0,9
BRDA:19,0,1,96
BRDA:29,1,0,9
BRDA:29,1,1,96
BRF:4
BRH:4
end_of_record
TN:
SF:src/components/paywall/Paywall.tsx
FN:20,Paywall
FN:25,(anonymous_1)
FN:35,(anonymous_2)
FN:139,BenefitItem
FNF:4
FNH:4
FNDA:24,Paywall
FNDA:3,(anonymous_1)
FNDA:3,(anonymous_2)
FNDA:92,BenefitItem
DA:21,24
DA:22,24
DA:23,24
DA:25,24
DA:26,3
DA:27,3
DA:28,3
DA:29,2
DA:31,1
DA:35,24
DA:36,3
DA:37,3
DA:38,3
DA:39,1
DA:41,2
DA:45,24
DA:49,24
DA:140,92
DA:148,1
LF:19
LH:19
BRDA:20,0,0,22
BRDA:28,1,0,2
BRDA:28,1,1,1
BRDA:38,2,0,1
BRDA:38,2,1,2
BRDA:45,3,0,1
BRDA:45,3,1,23
BRDA:99,4,0,24
BRDA:99,4,1,3
BRDA:111,5,0,0
BRDA:111,5,1,24
BRF:11
BRH:10
end_of_record
TN:
SF:src/components/rsvp/RSVPWord.tsx
FN:18,RSVPWord
FNF:1
FNH:1
FNDA:17,RSVPWord
DA:19,17
DA:21,17
DA:22,3
DA:31,14
DA:32,14
DA:33,14
DA:34,14
DA:36,14
DA:66,1
LF:9
LH:9
BRDA:18,0,0,15
BRDA:21,1,0,3
BRDA:21,1,1,14
BRDA:33,2,0,14
BRDA:33,2,1,0
BRF:5
BRH:4
end_of_record
TN:
SF:src/data/curriculum.ts
FNF:0
FNH:0
LF:0
LH:0
BRF:0
BRH:0
end_of_record
TN:
SF:src/data/interests.ts
FN:144,getCurriculumTopicsForInterests
FN:146,(anonymous_1)
FN:147,(anonymous_2)
FN:158,getInterestById
FN:159,(anonymous_4)
FN:165,getInterestForTopic
FN:166,(anonymous_6)
FNF:7
FNH:7
FNDA:16,getCurriculumTopicsForInterests
FNDA:22,(anonymous_1)
FNDA:143,(anonymous_2)
FNDA:3,getInterestById
FNDA:31,(anonymous_4)
FNDA:18,getInterestForTopic
FNDA:151,(anonymous_6)
DA:18,4
DA:145,16
DA:146,16
DA:147,143
DA:148,22
DA:149,21
DA:152,16
DA:159,31
DA:166,151
LF:9
LH:9
BRDA:148,0,0,21
BRDA:148,0,1,1
BRF:2
BRH:2
end_of_record
TN:
SF:src/data/themes.ts
FNF:0
FNH:0
DA:3,17
DA:46,17
LF:2
LH:2
BRF:0
BRH:0
end_of_record
TN:
SF:src/data/curriculum/arts-culture.ts
FNF:0
FNH:0
DA:3,6
LF:1
LH:1
BRF:0
BRH:0
end_of_record
TN:
SF:src/data/curriculum/business-careers.ts
FNF:0
FNH:0
DA:3,6
LF:1
LH:1
BRF:0
BRH:0
end_of_record
TN:
SF:src/data/curriculum/climate-environment.ts
FNF:0
FNH:0
DA:3,6
LF:1
LH:1
BRF:0
BRH:0
end_of_record
TN:
SF:src/data/curriculum/finance-investing.ts
FNF:0
FNH:0
DA:3,6
LF:1
LH:1
BRF:0
BRH:0
end_of_record
TN:
SF:src/data/curriculum/health-medicine.ts
FNF:0
FNH:0
DA:3,6
LF:1
LH:1
BRF:0
BRH:0
end_of_record
TN:
SF:src/data/curriculum/history-civilization.ts
FNF:0
FNH:0
DA:3,6
LF:1
LH:1
BRF:0
BRH:0
end_of_record
TN:
SF:src/data/curriculum/index.ts
FN:54,getArticlesByTopic
FN:55,(anonymous_1)
FN:61,getArticleById
FN:62,(anonymous_3)
FN:68,getPracticeArticles
FN:70,(anonymous_5)
FN:71,(anonymous_6)
FN:77,getCertificationArticles
FN:79,(anonymous_8)
FN:80,(anonymous_9)
FNF:10
FNH:10
FNDA:25,getArticlesByTopic
FNDA:3375,(anonymous_1)
FNDA:16,getArticleById
FNDA:556,(anonymous_3)
FNDA:4,getPracticeArticles
FNDA:540,(anonymous_5)
FNDA:18,(anonymous_6)
FNDA:4,getCertificationArticles
FNDA:540,(anonymous_8)
FNDA:3,(anonymous_9)
DA:33,6
DA:55,3375
DA:62,556
DA:69,4
DA:70,540
DA:71,18
DA:78,4
DA:79,540
DA:80,3
LF:9
LH:9
BRDA:70,0,0,540
BRDA:70,0,1,27
BRDA:70,0,2,6
BRDA:71,1,0,18
BRDA:71,1,1,0
BRDA:71,2,0,18
BRDA:71,2,1,0
BRDA:79,3,0,540
BRDA:79,3,1,27
BRDA:80,4,0,3
BRDA:80,4,1,0
BRDA:80,5,0,3
BRDA:80,5,1,0
BRF:13
BRH:9
end_of_record
TN:
SF:src/data/curriculum/lifestyle-wellness.ts
FNF:0
FNH:0
DA:3,6
LF:1
LH:1
BRF:0
BRH:0
end_of_record
TN:
SF:src/data/curriculum/nature-wildlife.ts
FNF:0
FNH:0
DA:3,6
LF:1
LH:1
BRF:0
BRH:0
end_of_record
TN:
SF:src/data/curriculum/psychology-mind.ts
FNF:0
FNH:0
DA:3,6
LF:1
LH:1
BRF:0
BRH:0
end_of_record
TN:
SF:src/data/curriculum/science-discovery.ts
FNF:0
FNH:0
DA:3,6
LF:1
LH:1
BRF:0
BRH:0
end_of_record
TN:
SF:src/data/curriculum/self-improvement.ts
FNF:0
FNH:0
DA:3,6
LF:1
LH:1
BRF:0
BRH:0
end_of_record
TN:
SF:src/data/curriculum/space-cosmos.ts
FNF:0
FNH:0
DA:3,6
LF:1
LH:1
BRF:0
BRH:0
end_of_record
TN:
SF:src/data/curriculum/technology-internet.ts
FNF:0
FNH:0
DA:3,6
LF:1
LH:1
BRF:0
BRH:0
end_of_record
TN:
SF:src/data/curriculum/topics.ts
FN:159,getTopicById
FN:160,(anonymous_1)
FNF:2
FNH:2
FNDA:25,getTopicById
FNDA:67,(anonymous_1)
DA:6,6
DA:160,67
LF:2
LH:2
BRF:0
BRH:0
end_of_record
TN:
SF:src/data/curriculum/trivia-facts.ts
FNF:0
FNH:0
DA:3,6
LF:1
LH:1
BRF:0
BRH:0
end_of_record
TN:
SF:src/data/curriculum/world-travel.ts
FNF:0
FNH:0
DA:3,6
LF:1
LH:1
BRF:0
BRH:0
end_of_record
TN:
SF:src/hooks/useRSVPEngine.ts
FN:11,useRSVPEngine
FN:20,(anonymous_1)
FN:27,(anonymous_2)
FN:28,(anonymous_3)
FN:36,(anonymous_4)
FN:44,(anonymous_5)
FN:46,(anonymous_6)
FN:53,(anonymous_7)
FN:60,(anonymous_8)
FN:68,(anonymous_9)
FN:72,(anonymous_10)
FN:80,(anonymous_11)
FN:84,(anonymous_12)
FN:90,(anonymous_13)
FN:96,(anonymous_14)
FN:100,(anonymous_15)
FNF:16
FNH:16
FNDA:96,useRSVPEngine
FNDA:44,(anonymous_1)
FNDA:43,(anonymous_2)
FNDA:43,(anonymous_3)
FNDA:96,(anonymous_4)
FNDA:7,(anonymous_5)
FNDA:6,(anonymous_6)
FNDA:23,(anonymous_7)
FNDA:17,(anonymous_8)
FNDA:3,(anonymous_9)
FNDA:2,(anonymous_10)
FNDA:5,(anonymous_11)
FNDA:4,(anonymous_12)
FNDA:3,(anonymous_13)
FNDA:14,(anonymous_14)
FNDA:2,(anonymous_15)
DA:15,96
DA:16,96
DA:17,96
DA:19,96
DA:20,96
DA:22,96
DA:23,96
DA:24,96
DA:27,96
DA:28,43
DA:29,43
DA:30,17
DA:36,96
DA:37,96
DA:38,73
DA:41,23
DA:42,23
DA:44,23
DA:45,7
DA:46,6
DA:49,1
DA:53,23
DA:54,23
DA:55,23
DA:60,96
DA:61,17
DA:63,2
DA:65,17
DA:68,96
DA:69,3
DA:72,96
DA:73,2
DA:74,1
DA:76,1
DA:80,96
DA:81,5
DA:84,96
DA:85,4
DA:86,4
DA:87,4
DA:90,96
DA:91,3
DA:92,3
DA:93,3
DA:96,96
DA:97,14
DA:100,96
DA:101,2
DA:102,2
DA:105,96
LF:50
LH:50
BRDA:13,0,0,1
BRDA:22,1,0,96
BRDA:22,1,1,2
BRDA:24,2,0,94
BRDA:24,2,1,2
BRDA:29,3,0,17
BRDA:29,3,1,26
BRDA:37,4,0,73
BRDA:37,4,1,23
BRDA:37,5,0,96
BRDA:37,5,1,23
BRDA:45,6,0,6
BRDA:45,6,1,1
BRDA:54,7,0,23
BRDA:54,7,1,0
BRDA:61,8,0,2
BRDA:61,8,1,15
BRDA:61,9,0,17
BRDA:61,9,1,2
BRDA:73,10,0,1
BRDA:73,10,1,1
BRF:21
BRH:20
end_of_record
TN:
SF:src/services/certificatePDF.ts
FN:12,generateCertificatePDF
FN:25,shareCertificate
FN:39,deleteCertificatePDF
FNF:3
FNH:3
FNDA:4,generateCertificatePDF
FNDA:4,shareCertificate
FNDA:2,deleteCertificatePDF
DA:15,4
DA:17,4
DA:22,3
DA:26,4
DA:28,4
DA:29,1
DA:32,3
LF:7
LH:7
BRDA:28,0,0,1
BRDA:28,0,1,3
BRF:2
BRH:2
end_of_record
TN:
SF:src/services/certificateTemplate.ts
FN:10,generateCertificateHTML
FN:15,(anonymous_1)
FNF:2
FNH:2
FNDA:25,generateCertificateHTML
FNDA:40,(anonymous_1)
DA:11,25
DA:12,25
DA:14,25
DA:15,40
DA:18,25
DA:24,25
DA:25,25
DA:27,25
LF:8
LH:8
BRDA:14,0,0,25
BRDA:14,0,1,1
BRDA:24,1,0,25
BRDA:24,1,1,1
BRDA:25,2,0,25
BRDA:25,2,1,0
BRDA:259,3,0,25
BRDA:259,3,1,0
BRDA:265,4,0,25
BRDA:265,4,1,0
BRF:10
BRH:7
end_of_record
TN:
SF:src/services/contentExtractor.ts
FN:7,stripHtml
FN:30,extractTitle
FN:53,countWords
FN:54,(anonymous_3)
FN:57,extractFromUrl
FN:107,createFromText
FNF:6
FNH:6
FNDA:15,stripHtml
FNDA:15,extractTitle
FNDA:21,countWords
FNDA:701,(anonymous_3)
FNDA:19,extractFromUrl
FNDA:12,createFromText
DA:9,15
DA:10,15
DA:13,15
DA:16,15
DA:17,15
DA:18,15
DA:19,15
DA:20,15
DA:21,15
DA:24,15
DA:26,15
DA:32,15
DA:33,15
DA:34,11
DA:38,4
DA:39,4
DA:40,1
DA:44,3
DA:45,3
DA:46,3
DA:48,0
DA:54,701
DA:58,19
DA:60,19
DA:61,2
DA:64,19
DA:66,18
DA:72,17
DA:73,2
DA:76,15
DA:77,15
DA:78,15
DA:80,15
DA:81,2
DA:84,13
DA:86,13
DA:100,6
DA:108,12
DA:110,12
DA:111,4
DA:117,8
DA:120,8
DA:122,8
LF:43
LH:42
BRDA:33,0,0,11
BRDA:33,0,1,4
BRDA:33,1,0,15
BRDA:33,1,1,11
BRDA:39,2,0,1
BRDA:39,2,1,3
BRDA:39,3,0,4
BRDA:39,3,1,1
BRDA:60,4,0,2
BRDA:60,4,1,17
BRDA:60,5,0,19
BRDA:60,5,1,18
BRDA:72,6,0,2
BRDA:72,6,1,15
BRDA:80,7,0,2
BRDA:80,7,1,13
BRDA:102,8,0,6
BRDA:102,8,1,0
BRDA:110,9,0,4
BRDA:110,9,1,8
BRDA:120,10,0,8
BRDA:120,10,1,6
BRDA:120,10,2,0
BRF:23
BRH:21
end_of_record
TN:
SF:src/services/orp.ts
FN:14,calculateORP
FN:30,calculatePauseMultiplier
FN:47,isSentenceEnd
FNF:3
FNH:3
FNDA:3008,calculateORP
FNDA:3001,calculatePauseMultiplier
FNDA:2995,isSentenceEnd
DA:15,3008
DA:17,3008
DA:18,2942
DA:19,1139
DA:20,241
DA:21,15
DA:32,3001
DA:35,2776
DA:38,2615
DA:41,2589
DA:48,2995
LF:11
LH:11
BRDA:17,0,0,66
BRDA:17,0,1,2942
BRDA:18,1,0,1803
BRDA:18,1,1,1139
BRDA:19,2,0,898
BRDA:19,2,1,241
BRDA:20,3,0,226
BRDA:20,3,1,15
BRDA:32,4,0,225
BRDA:32,4,1,2776
BRDA:35,5,0,161
BRDA:35,5,1,2615
BRDA:38,6,0,26
BRDA:38,6,1,2589
BRF:14
BRH:14
end_of_record
TN:
SF:src/services/textProcessor.ts
FN:10,tokenize
FN:13,(anonymous_1)
FN:14,(anonymous_2)
FN:20,processWord
FN:33,processText
FN:42,findSentenceStarts
FN:57,findPreviousSentenceStart
FN:73,findNextSentenceStart
FNF:8
FNH:8
FNDA:41,tokenize
FNDA:2989,(anonymous_1)
FNDA:2989,(anonymous_2)
FNDA:2985,processWord
FNDA:26,processText
FNDA:52,findSentenceStarts
FNDA:14,findPreviousSentenceStart
FNDA:15,findNextSentenceStart
DA:11,41
DA:13,2989
DA:14,2989
DA:21,2985
DA:34,26
DA:35,26
DA:43,52
DA:45,52
DA:46,221
DA:47,20
DA:51,52
DA:62,14
DA:63,31
DA:64,11
DA:67,3
DA:78,15
DA:79,39
DA:80,9
DA:83,6
LF:19
LH:19
BRDA:46,0,0,20
BRDA:46,0,1,201
BRDA:63,1,0,11
BRDA:63,1,1,20
BRDA:79,2,0,9
BRDA:79,2,1,30
BRF:6
BRH:6
end_of_record
TN:
SF:src/store/certificateStore.ts
FN:20,(anonymous_0)
FN:139,(anonymous_1)
FN:153,(anonymous_2)
FN:157,(anonymous_3)
FN:158,(anonymous_4)
FN:174,(anonymous_5)
FN:183,(anonymous_6)
FN:184,(anonymous_7)
FN:187,(anonymous_8)
FN:188,(anonymous_9)
FN:191,(anonymous_10)
FN:198,(anonymous_11)
FN:206,(anonymous_12)
FN:209,(anonymous_13)
FN:229,(anonymous_14)
FN:230,(anonymous_15)
FN:232,(anonymous_16)
FN:233,(anonymous_17)
FN:234,(anonymous_18)
FN:236,(anonymous_19)
FN:237,(anonymous_20)
FN:242,(anonymous_21)
FN:249,(anonymous_22)
FN:307,(anonymous_23)
FN:311,(anonymous_24)
FN:330,(anonymous_25)
FN:357,(anonymous_26)
FN:372,(anonymous_27)
FN:394,(anonymous_28)
FN:411,(anonymous_29)
FN:412,(anonymous_30)
FN:420,(anonymous_31)
FN:424,(anonymous_32)
FN:428,(anonymous_33)
FN:432,(anonymous_34)
FN:433,(anonymous_35)
FN:436,(anonymous_36)
FN:437,(anonymous_37)
FN:441,(anonymous_38)
FN:465,(anonymous_39)
FN:466,(anonymous_40)
FNF:41
FNH:38
FNDA:6,(anonymous_0)
FNDA:1,(anonymous_1)
FNDA:5,(anonymous_2)
FNDA:10,(anonymous_3)
FNDA:2,(anonymous_4)
FNDA:3,(anonymous_5)
FNDA:1,(anonymous_6)
FNDA:0,(anonymous_7)
FNDA:1,(anonymous_8)
FNDA:0,(anonymous_9)
FNDA:1,(anonymous_10)
FNDA:6,(anonymous_11)
FNDA:6,(anonymous_12)
FNDA:3,(anonymous_13)
FNDA:9,(anonymous_14)
FNDA:9,(anonymous_15)
FNDA:9,(anonymous_16)
FNDA:9,(anonymous_17)
FNDA:9,(anonymous_18)
FNDA:9,(anonymous_19)
FNDA:9,(anonymous_20)
FNDA:9,(anonymous_21)
FNDA:18,(anonymous_22)
FNDA:2,(anonymous_23)
FNDA:6,(anonymous_24)
FNDA:2,(anonymous_25)
FNDA:3,(anonymous_26)
FNDA:2,(anonymous_27)
FNDA:1,(anonymous_28)
FNDA:2,(anonymous_29)
FNDA:2,(anonymous_30)
FNDA:2,(anonymous_31)
FNDA:2,(anonymous_32)
FNDA:2,(anonymous_33)
FNDA:1,(anonymous_34)
FNDA:0,(anonymous_35)
FNDA:4,(anonymous_36)
FNDA:4,(anonymous_37)
FNDA:12,(anonymous_38)
FNDA:1,(anonymous_39)
FNDA:53,(anonymous_40)
DA:20,6
DA:137,1
DA:139,1
DA:154,5
DA:155,5
DA:157,5
DA:158,10
DA:159,1
DA:162,9
DA:163,4
DA:169,4
DA:173,5
DA:174,3
DA:180,5
DA:184,1
DA:188,1
DA:192,1
DA:206,6
DA:208,6
DA:209,3
DA:211,6
DA:213,0
DA:216,6
DA:226,6
DA:229,9
DA:230,9
DA:232,9
DA:233,9
DA:234,9
DA:236,9
DA:237,9
DA:239,6
DA:241,6
DA:242,9
DA:246,6
DA:247,6
DA:249,6
DA:250,18
DA:251,18
DA:254,18
DA:257,18
DA:258,18
DA:261,18
DA:262,18
DA:263,18
DA:264,6
DA:265,6
DA:267,18
DA:268,12
DA:269,12
DA:271,18
DA:272,12
DA:273,12
DA:275,18
DA:277,18
DA:278,18
DA:280,18
DA:292,6
DA:308,2
DA:309,2
DA:311,2
DA:312,6
DA:319,6
DA:320,2
DA:321,2
DA:322,2
DA:327,2
DA:331,2
DA:332,2
DA:334,2
DA:335,2
DA:338,2
DA:339,1
DA:342,0
DA:343,0
DA:344,0
DA:345,0
DA:348,0
DA:349,0
DA:350,0
DA:354,0
DA:358,3
DA:361,3
DA:362,1
DA:365,2
DA:372,2
DA:389,2
DA:391,2
DA:395,1
DA:398,1
DA:399,0
DA:403,1
DA:404,1
DA:407,0
DA:408,0
DA:412,2
DA:421,2
DA:425,2
DA:429,2
DA:433,1
DA:437,4
DA:438,4
DA:439,4
DA:441,4
DA:442,12
DA:443,12
DA:446,12
DA:448,12
DA:454,4
DA:465,1
DA:466,53
LF:111
LH:99
BRDA:158,0,0,1
BRDA:158,0,1,9
BRDA:162,1,0,4
BRDA:162,1,1,5
BRDA:173,2,0,3
BRDA:173,2,1,2
BRDA:209,3,0,3
BRDA:209,3,1,0
BRDA:211,4,0,0
BRDA:211,4,1,6
BRDA:211,5,0,6
BRDA:211,5,1,0
BRDA:239,6,0,6
BRDA:239,6,1,0
BRDA:241,7,0,6
BRDA:241,7,1,0
BRDA:254,8,0,18
BRDA:254,8,1,12
BRDA:263,9,0,6
BRDA:263,9,1,12
BRDA:267,10,0,12
BRDA:267,10,1,6
BRDA:271,11,0,12
BRDA:271,11,1,6
BRDA:275,12,0,18
BRDA:275,12,1,0
BRDA:319,13,0,2
BRDA:319,13,1,4
BRDA:319,14,0,6
BRDA:319,14,1,2
BRDA:321,15,0,2
BRDA:321,15,1,0
BRDA:332,16,0,0
BRDA:332,16,1,2
BRDA:338,17,0,1
BRDA:338,17,1,1
BRDA:339,18,0,1
BRDA:339,18,1,0
BRDA:343,19,0,0
BRDA:343,19,1,0
BRDA:343,20,0,0
BRDA:343,20,1,0
BRDA:344,21,0,0
BRDA:344,21,1,0
BRDA:344,22,0,0
BRDA:344,22,1,0
BRDA:345,23,0,0
BRDA:345,23,1,0
BRDA:345,24,0,0
BRDA:345,24,1,0
BRDA:348,25,0,0
BRDA:348,25,1,0
BRDA:349,26,0,0
BRDA:349,26,1,0
BRDA:361,27,0,1
BRDA:361,27,1,2
BRDA:398,28,0,0
BRDA:398,28,1,1
BRDA:404,29,0,1
BRDA:404,29,1,0
BRDA:446,30,0,12
BRDA:446,30,1,8
BRDA:450,31,0,12
BRDA:450,31,1,6
BRF:64
BRH:37
end_of_record
TN:
SF:src/store/contentStore.ts
FN:20,(anonymous_0)
FN:24,(anonymous_1)
FN:28,(anonymous_2)
FN:35,(anonymous_3)
FN:41,(anonymous_4)
FN:42,(anonymous_5)
FN:43,(anonymous_6)
FN:49,(anonymous_7)
FN:50,(anonymous_8)
FN:51,(anonymous_9)
FN:57,(anonymous_10)
FN:58,(anonymous_11)
FN:59,(anonymous_12)
FN:63,(anonymous_13)
FN:64,(anonymous_14)
FN:67,(anonymous_15)
FN:73,(anonymous_16)
FN:74,(anonymous_17)
FNF:18
FNH:18
FNDA:29,(anonymous_0)
FNDA:1,(anonymous_1)
FNDA:29,(anonymous_2)
FNDA:29,(anonymous_3)
FNDA:6,(anonymous_4)
FNDA:6,(anonymous_5)
FNDA:7,(anonymous_6)
FNDA:3,(anonymous_7)
FNDA:3,(anonymous_8)
FNDA:3,(anonymous_9)
FNDA:3,(anonymous_10)
FNDA:3,(anonymous_11)
FNDA:4,(anonymous_12)
FNDA:3,(anonymous_13)
FNDA:3,(anonymous_14)
FNDA:30,(anonymous_15)
FNDA:1,(anonymous_16)
FNDA:96,(anonymous_17)
DA:20,29
DA:22,1
DA:24,1
DA:29,29
DA:35,29
DA:38,29
DA:42,6
DA:44,7
DA:50,3
DA:52,3
DA:58,3
DA:59,4
DA:64,3
DA:68,30
DA:73,1
DA:74,96
LF:16
LH:16
BRDA:44,0,0,5
BRDA:44,0,1,2
BRDA:52,1,0,3
BRDA:52,1,1,0
BRF:4
BRH:3
end_of_record
TN:
SF:src/store/learningStore.ts
FN:84,(anonymous_0)
FN:90,(anonymous_1)
FN:94,(anonymous_2)
FN:98,(anonymous_3)
FN:99,(anonymous_4)
FN:156,(anonymous_5)
FN:160,(anonymous_6)
FN:167,(anonymous_7)
FN:183,(anonymous_8)
FN:185,(anonymous_9)
FN:188,(anonymous_10)
FN:190,(anonymous_11)
FN:194,(anonymous_12)
FN:199,(anonymous_13)
FN:204,(anonymous_14)
FN:209,(anonymous_15)
FN:216,(anonymous_16)
FN:217,(anonymous_17)
FN:226,(anonymous_18)
FN:237,(anonymous_19)
FN:242,(anonymous_20)
FN:251,(anonymous_21)
FN:261,(anonymous_22)
FN:262,(anonymous_23)
FNF:24
FNH:24
FNDA:1,(anonymous_0)
FNDA:4,(anonymous_1)
FNDA:1,(anonymous_2)
FNDA:84,(anonymous_3)
FNDA:84,(anonymous_4)
FNDA:15,(anonymous_5)
FNDA:4,(anonymous_6)
FNDA:18,(anonymous_7)
FNDA:3,(anonymous_8)
FNDA:4,(anonymous_9)
FNDA:3,(anonymous_10)
FNDA:5,(anonymous_11)
FNDA:2,(anonymous_12)
FNDA:3,(anonymous_13)
FNDA:5,(anonymous_14)
FNDA:13,(anonymous_15)
FNDA:10,(anonymous_16)
FNDA:10,(anonymous_17)
FNDA:5,(anonymous_18)
FNDA:27,(anonymous_19)
FNDA:4,(anonymous_20)
FNDA:76,(anonymous_21)
FNDA:1,(anonymous_22)
FNDA:216,(anonymous_23)
DA:82,1
DA:84,1
DA:91,4
DA:95,1
DA:99,84
DA:100,84
DA:101,84
DA:104,84
DA:112,84
DA:135,84
DA:146,84
DA:157,15
DA:161,4
DA:162,4
DA:164,4
DA:165,4
DA:167,4
DA:168,18
DA:169,18
DA:170,3
DA:171,3
DA:175,4
DA:184,3
DA:185,4
DA:189,3
DA:190,5
DA:191,3
DA:195,2
DA:196,2
DA:200,3
DA:201,3
DA:205,5
DA:208,5
DA:209,13
DA:212,5
DA:213,1
DA:216,10
DA:217,10
DA:219,4
DA:227,5
DA:228,5
DA:231,4
DA:232,4
DA:235,3
DA:236,3
DA:237,27
DA:241,3
DA:242,4
DA:245,3
DA:247,3
DA:248,3
DA:252,76
DA:261,1
DA:262,216
LF:54
LH:54
BRDA:98,0,0,66
BRDA:108,1,0,84
BRDA:108,1,1,5
BRDA:114,2,0,84
BRDA:114,2,1,75
BRDA:115,3,0,10
BRDA:115,3,1,74
BRDA:118,4,0,10
BRDA:118,4,1,74
BRDA:120,5,0,84
BRDA:120,5,1,74
BRDA:121,6,0,84
BRDA:121,6,1,74
BRDA:123,7,0,5
BRDA:123,7,1,79
BRDA:126,8,0,4
BRDA:126,8,1,80
BRDA:126,9,0,84
BRDA:126,9,1,5
BRDA:129,10,0,4
BRDA:129,10,1,80
BRDA:129,11,0,84
BRDA:129,11,1,5
BRDA:157,12,0,15
BRDA:157,12,1,1
BRDA:169,13,0,3
BRDA:169,13,1,15
BRDA:179,14,0,2
BRDA:179,14,1,2
BRDA:191,15,0,2
BRDA:191,15,1,1
BRDA:196,16,0,2
BRDA:196,16,1,1
BRDA:204,17,0,4
BRDA:212,18,0,1
BRDA:212,18,1,4
BRDA:228,19,0,1
BRDA:228,19,1,4
BRDA:231,20,0,4
BRDA:231,20,1,0
BRDA:232,21,0,1
BRDA:232,21,1,3
BRDA:237,22,0,27
BRDA:237,22,1,0
BRDA:237,23,0,27
BRDA:237,23,1,0
BRDA:242,24,0,4
BRDA:242,24,1,0
BRDA:245,25,0,0
BRDA:245,25,1,3
BRF:50
BRH:45
end_of_record
TN:
SF:src/store/onboardingStore.ts
FN:21,(anonymous_0)
FN:26,(anonymous_1)
FN:28,(anonymous_2)
FN:30,(anonymous_3)
FN:35,(anonymous_4)
FN:40,(anonymous_5)
FN:42,(anonymous_6)
FN:51,(anonymous_7)
FNF:8
FNH:8
FNDA:1,(anonymous_0)
FNDA:11,(anonymous_1)
FNDA:12,(anonymous_2)
FNDA:12,(anonymous_3)
FNDA:6,(anonymous_4)
FNDA:11,(anonymous_5)
FNDA:32,(anonymous_6)
FNDA:1,(anonymous_7)
DA:19,1
DA:21,1
DA:26,11
DA:28,12
DA:31,12
DA:32,12
DA:33,12
DA:35,6
DA:40,11
DA:43,32
DA:51,1
LF:11
LH:11
BRDA:34,0,0,3
BRDA:34,0,1,9
BRF:2
BRH:2
end_of_record
TN:
SF:src/store/settingsStore.ts
FN:22,(anonymous_0)
FN:26,(anonymous_1)
FN:31,(anonymous_2)
FN:32,(anonymous_3)
FN:33,(anonymous_4)
FN:34,(anonymous_5)
FN:35,(anonymous_6)
FN:36,(anonymous_7)
FN:37,(anonymous_8)
FN:39,(anonymous_9)
FN:46,(anonymous_10)
FN:47,(anonymous_11)
FNF:12
FNH:12
FNDA:16,(anonymous_0)
FNDA:13,(anonymous_1)
FNDA:4,(anonymous_2)
FNDA:4,(anonymous_3)
FNDA:4,(anonymous_4)
FNDA:4,(anonymous_5)
FNDA:4,(anonymous_6)
FNDA:5,(anonymous_7)
FNDA:14,(anonymous_8)
FNDA:40,(anonymous_9)
FNDA:16,(anonymous_10)
FNDA:324,(anonymous_11)
DA:20,16
DA:22,16
DA:26,13
DA:31,4
DA:32,4
DA:33,4
DA:34,4
DA:35,4
DA:36,5
DA:37,14
DA:39,40
DA:46,16
DA:47,324
LF:13
LH:13
BRDA:28,0,0,13
BRDA:28,0,1,1
BRF:2
BRH:2
end_of_record
TN:
SF:src/store/subscriptionStore.ts
FN:29,(anonymous_0)
FN:37,(anonymous_1)
FN:46,(anonymous_2)
FN:51,(anonymous_3)
FN:56,(anonymous_4)
FN:57,(anonymous_5)
FN:61,(anonymous_6)
FN:66,(anonymous_7)
FN:69,(anonymous_8)
FN:75,(anonymous_9)
FN:77,(anonymous_10)
FN:84,(anonymous_11)
FN:90,(anonymous_12)
FN:95,(anonymous_13)
FN:102,(anonymous_14)
FN:103,(anonymous_15)
FNF:16
FNH:16
FNDA:1,(anonymous_0)
FNDA:4,(anonymous_1)
FNDA:3,(anonymous_2)
FNDA:51,(anonymous_3)
FNDA:33,(anonymous_4)
FNDA:33,(anonymous_5)
FNDA:40,(anonymous_6)
FNDA:2,(anonymous_7)
FNDA:2,(anonymous_8)
FNDA:3,(anonymous_9)
FNDA:3,(anonymous_10)
FNDA:5,(anonymous_11)
FNDA:16,(anonymous_12)
FNDA:12,(anonymous_13)
FNDA:1,(anonymous_14)
FNDA:172,(anonymous_15)
DA:27,1
DA:29,1
DA:38,4
DA:39,3
DA:46,3
DA:47,3
DA:52,51
DA:57,33
DA:62,40
DA:67,2
DA:69,2
DA:70,2
DA:71,2
DA:76,3
DA:77,3
DA:79,3
DA:80,3
DA:85,5
DA:86,5
DA:91,16
DA:96,12
DA:97,12
DA:102,1
DA:103,172
LF:24
LH:24
BRDA:38,0,0,1
BRDA:38,0,1,3
BRDA:86,1,0,5
BRDA:86,1,1,4
BRDA:91,2,0,8
BRDA:91,2,1,8
BRF:6
BRH:6
end_of_record
